{"/home/runner/work/rail-sim/rail-sim/src/config/GameConfig.ts": {"path":"/home/runner/work/rail-sim/rail-sim/src/config/GameConfig.ts","all":false,"statementMap":{"0":{"start":{"line":1,"column":0},"end":{"line":1,"column":27}},"1":{"start":{"line":2,"column":0},"end":{"line":2,"column":15}},"2":{"start":{"line":3,"column":0},"end":{"line":3,"column":44}},"3":{"start":{"line":4,"column":0},"end":{"line":4,"column":112}},"4":{"start":{"line":5,"column":0},"end":{"line":5,"column":49}},"5":{"start":{"line":6,"column":0},"end":{"line":6,"column":101}},"6":{"start":{"line":7,"column":0},"end":{"line":7,"column":80}},"7":{"start":{"line":8,"column":0},"end":{"line":8,"column":70}},"8":{"start":{"line":9,"column":0},"end":{"line":9,"column":35}},"9":{"start":{"line":10,"column":0},"end":{"line":10,"column":37}},"10":{"start":{"line":11,"column":0},"end":{"line":11,"column":15}},"11":{"start":{"line":12,"column":0},"end":{"line":12,"column":124}},"12":{"start":{"line":13,"column":0},"end":{"line":13,"column":125}},"13":{"start":{"line":14,"column":0},"end":{"line":14,"column":4}},"14":{"start":{"line":15,"column":0},"end":{"line":15,"column":46}},"15":{"start":{"line":16,"column":0},"end":{"line":16,"column":27}},"16":{"start":{"line":17,"column":0},"end":{"line":17,"column":11}}},"s":{"0":1,"1":1,"2":1,"3":1,"4":1,"5":1,"6":1,"7":1,"8":1,"9":1,"10":1,"11":1,"12":1,"13":1,"14":1,"15":1,"16":1},"branchMap":{},"b":{},"fnMap":{},"f":{}}
,"/home/runner/work/rail-sim/rail-sim/src/config/LevelData.ts": {"path":"/home/runner/work/rail-sim/rail-sim/src/config/LevelData.ts","all":false,"statementMap":{"0":{"start":{"line":1,"column":0},"end":{"line":1,"column":49}},"1":{"start":{"line":2,"column":0},"end":{"line":2,"column":0}},"2":{"start":{"line":3,"column":0},"end":{"line":3,"column":33}},"3":{"start":{"line":4,"column":0},"end":{"line":4,"column":13}},"4":{"start":{"line":5,"column":0},"end":{"line":5,"column":22}},"5":{"start":{"line":6,"column":0},"end":{"line":6,"column":22}},"6":{"start":{"line":7,"column":0},"end":{"line":7,"column":27}},"7":{"start":{"line":8,"column":0},"end":{"line":8,"column":26}},"8":{"start":{"line":9,"column":0},"end":{"line":9,"column":25}},"9":{"start":{"line":10,"column":0},"end":{"line":10,"column":22}},"10":{"start":{"line":11,"column":0},"end":{"line":11,"column":1}},"11":{"start":{"line":12,"column":0},"end":{"line":12,"column":0}},"12":{"start":{"line":13,"column":0},"end":{"line":13,"column":29}},"13":{"start":{"line":14,"column":0},"end":{"line":14,"column":13}},"14":{"start":{"line":15,"column":0},"end":{"line":15,"column":15}},"15":{"start":{"line":16,"column":0},"end":{"line":16,"column":28}},"16":{"start":{"line":17,"column":0},"end":{"line":17,"column":17}},"17":{"start":{"line":18,"column":0},"end":{"line":18,"column":29}},"18":{"start":{"line":19,"column":0},"end":{"line":19,"column":1}},"19":{"start":{"line":20,"column":0},"end":{"line":20,"column":0}},"20":{"start":{"line":21,"column":0},"end":{"line":21,"column":27}},"21":{"start":{"line":22,"column":0},"end":{"line":22,"column":13}},"22":{"start":{"line":23,"column":0},"end":{"line":23,"column":15}},"23":{"start":{"line":24,"column":0},"end":{"line":24,"column":22}},"24":{"start":{"line":25,"column":0},"end":{"line":25,"column":18}},"25":{"start":{"line":26,"column":0},"end":{"line":26,"column":25}},"26":{"start":{"line":27,"column":0},"end":{"line":27,"column":31}},"27":{"start":{"line":28,"column":0},"end":{"line":28,"column":15}},"28":{"start":{"line":29,"column":0},"end":{"line":29,"column":1}},"29":{"start":{"line":30,"column":0},"end":{"line":30,"column":0}},"30":{"start":{"line":31,"column":0},"end":{"line":31,"column":35}},"31":{"start":{"line":32,"column":0},"end":{"line":32,"column":3}},"32":{"start":{"line":33,"column":0},"end":{"line":33,"column":19}},"33":{"start":{"line":34,"column":0},"end":{"line":34,"column":22}},"34":{"start":{"line":35,"column":0},"end":{"line":35,"column":64}},"35":{"start":{"line":36,"column":0},"end":{"line":36,"column":18}},"36":{"start":{"line":37,"column":0},"end":{"line":37,"column":21}},"37":{"start":{"line":38,"column":0},"end":{"line":38,"column":15}},"38":{"start":{"line":39,"column":0},"end":{"line":39,"column":104}},"39":{"start":{"line":40,"column":0},"end":{"line":40,"column":105}},"40":{"start":{"line":41,"column":0},"end":{"line":41,"column":6}},"41":{"start":{"line":42,"column":0},"end":{"line":42,"column":17}},"42":{"start":{"line":43,"column":0},"end":{"line":43,"column":160}},"43":{"start":{"line":44,"column":0},"end":{"line":44,"column":6}},"44":{"start":{"line":45,"column":0},"end":{"line":45,"column":4}},"45":{"start":{"line":46,"column":0},"end":{"line":46,"column":3}},"46":{"start":{"line":47,"column":0},"end":{"line":47,"column":19}},"47":{"start":{"line":48,"column":0},"end":{"line":48,"column":22}},"48":{"start":{"line":49,"column":0},"end":{"line":49,"column":52}},"49":{"start":{"line":50,"column":0},"end":{"line":50,"column":17}},"50":{"start":{"line":51,"column":0},"end":{"line":51,"column":21}},"51":{"start":{"line":52,"column":0},"end":{"line":52,"column":15}},"52":{"start":{"line":53,"column":0},"end":{"line":53,"column":104}},"53":{"start":{"line":54,"column":0},"end":{"line":54,"column":102}},"54":{"start":{"line":55,"column":0},"end":{"line":55,"column":103}},"55":{"start":{"line":56,"column":0},"end":{"line":56,"column":6}},"56":{"start":{"line":57,"column":0},"end":{"line":57,"column":17}},"57":{"start":{"line":58,"column":0},"end":{"line":58,"column":148}},"58":{"start":{"line":59,"column":0},"end":{"line":59,"column":6}},"59":{"start":{"line":60,"column":0},"end":{"line":60,"column":4}},"60":{"start":{"line":61,"column":0},"end":{"line":61,"column":2}}},"s":{"0":1,"1":1,"2":1,"3":1,"4":1,"5":1,"6":1,"7":1,"8":1,"9":1,"10":1,"11":1,"12":1,"13":1,"14":1,"15":1,"16":1,"17":1,"18":1,"19":1,"20":1,"21":1,"22":1,"23":1,"24":1,"25":1,"26":1,"27":1,"28":1,"29":1,"30":1,"31":1,"32":1,"33":1,"34":1,"35":1,"36":1,"37":1,"38":1,"39":1,"40":1,"41":1,"42":1,"43":1,"44":1,"45":1,"46":1,"47":1,"48":1,"49":1,"50":1,"51":1,"52":1,"53":1,"54":1,"55":1,"56":1,"57":1,"58":1,"59":1,"60":1},"branchMap":{},"b":{},"fnMap":{},"f":{}}
,"/home/runner/work/rail-sim/rail-sim/src/entities/Junction.ts": {"path":"/home/runner/work/rail-sim/rail-sim/src/entities/Junction.ts","all":false,"statementMap":{"0":{"start":{"line":1,"column":0},"end":{"line":1,"column":28}},"1":{"start":{"line":2,"column":0},"end":{"line":2,"column":50}},"2":{"start":{"line":3,"column":0},"end":{"line":3,"column":48}},"3":{"start":{"line":4,"column":0},"end":{"line":4,"column":36}},"4":{"start":{"line":5,"column":0},"end":{"line":5,"column":45}},"5":{"start":{"line":6,"column":0},"end":{"line":6,"column":0}},"6":{"start":{"line":7,"column":0},"end":{"line":7,"column":89}},"7":{"start":{"line":8,"column":0},"end":{"line":8,"column":31}},"8":{"start":{"line":9,"column":0},"end":{"line":9,"column":31}},"9":{"start":{"line":10,"column":0},"end":{"line":10,"column":32}},"10":{"start":{"line":11,"column":0},"end":{"line":11,"column":35}},"11":{"start":{"line":12,"column":0},"end":{"line":12,"column":51}},"12":{"start":{"line":13,"column":0},"end":{"line":13,"column":36}},"13":{"start":{"line":14,"column":0},"end":{"line":14,"column":32}},"14":{"start":{"line":15,"column":0},"end":{"line":15,"column":42}},"15":{"start":{"line":16,"column":0},"end":{"line":16,"column":31}},"16":{"start":{"line":17,"column":0},"end":{"line":17,"column":21}},"17":{"start":{"line":18,"column":0},"end":{"line":18,"column":25}},"18":{"start":{"line":19,"column":0},"end":{"line":19,"column":9}},"19":{"start":{"line":20,"column":0},"end":{"line":20,"column":0}},"20":{"start":{"line":21,"column":0},"end":{"line":21,"column":121}},"21":{"start":{"line":22,"column":0},"end":{"line":22,"column":17}},"22":{"start":{"line":23,"column":0},"end":{"line":23,"column":34}},"23":{"start":{"line":24,"column":0},"end":{"line":24,"column":31}},"24":{"start":{"line":25,"column":0},"end":{"line":25,"column":31}},"25":{"start":{"line":26,"column":0},"end":{"line":26,"column":33}},"26":{"start":{"line":27,"column":0},"end":{"line":27,"column":37}},"27":{"start":{"line":28,"column":0},"end":{"line":28,"column":36}},"28":{"start":{"line":29,"column":0},"end":{"line":29,"column":21}},"29":{"start":{"line":30,"column":0},"end":{"line":30,"column":0}},"30":{"start":{"line":31,"column":0},"end":{"line":31,"column":70}},"31":{"start":{"line":32,"column":0},"end":{"line":32,"column":55}},"32":{"start":{"line":33,"column":0},"end":{"line":33,"column":0}},"33":{"start":{"line":34,"column":0},"end":{"line":34,"column":61}},"34":{"start":{"line":35,"column":0},"end":{"line":35,"column":27}},"35":{"start":{"line":36,"column":0},"end":{"line":36,"column":0}},"36":{"start":{"line":37,"column":0},"end":{"line":37,"column":82}},"37":{"start":{"line":38,"column":0},"end":{"line":38,"column":20}},"38":{"start":{"line":39,"column":0},"end":{"line":39,"column":7}},"39":{"start":{"line":40,"column":0},"end":{"line":40,"column":0}},"40":{"start":{"line":41,"column":0},"end":{"line":41,"column":33}},"41":{"start":{"line":42,"column":0},"end":{"line":42,"column":32}},"42":{"start":{"line":43,"column":0},"end":{"line":43,"column":3}},"43":{"start":{"line":44,"column":0},"end":{"line":44,"column":0}},"44":{"start":{"line":45,"column":0},"end":{"line":45,"column":39}},"45":{"start":{"line":46,"column":0},"end":{"line":46,"column":29}},"46":{"start":{"line":47,"column":0},"end":{"line":47,"column":3}},"47":{"start":{"line":48,"column":0},"end":{"line":48,"column":0}},"48":{"start":{"line":49,"column":0},"end":{"line":49,"column":44}},"49":{"start":{"line":50,"column":0},"end":{"line":50,"column":30}},"50":{"start":{"line":51,"column":0},"end":{"line":51,"column":3}},"51":{"start":{"line":52,"column":0},"end":{"line":52,"column":0}},"52":{"start":{"line":53,"column":0},"end":{"line":53,"column":31}},"53":{"start":{"line":54,"column":0},"end":{"line":54,"column":26}},"54":{"start":{"line":55,"column":0},"end":{"line":55,"column":3}},"55":{"start":{"line":56,"column":0},"end":{"line":56,"column":0}},"56":{"start":{"line":57,"column":0},"end":{"line":57,"column":37}},"57":{"start":{"line":58,"column":0},"end":{"line":58,"column":75}},"58":{"start":{"line":59,"column":0},"end":{"line":59,"column":3}},"59":{"start":{"line":60,"column":0},"end":{"line":60,"column":0}},"60":{"start":{"line":61,"column":0},"end":{"line":61,"column":39}},"61":{"start":{"line":62,"column":0},"end":{"line":62,"column":75}},"62":{"start":{"line":63,"column":0},"end":{"line":63,"column":3}},"63":{"start":{"line":64,"column":0},"end":{"line":64,"column":0}},"64":{"start":{"line":65,"column":0},"end":{"line":65,"column":18}},"65":{"start":{"line":66,"column":0},"end":{"line":66,"column":72}},"66":{"start":{"line":67,"column":0},"end":{"line":67,"column":25}},"67":{"start":{"line":68,"column":0},"end":{"line":68,"column":0}},"68":{"start":{"line":69,"column":0},"end":{"line":69,"column":39}},"69":{"start":{"line":70,"column":0},"end":{"line":70,"column":33}},"70":{"start":{"line":71,"column":0},"end":{"line":71,"column":36}},"71":{"start":{"line":72,"column":0},"end":{"line":72,"column":12}},"72":{"start":{"line":73,"column":0},"end":{"line":73,"column":35}},"73":{"start":{"line":74,"column":0},"end":{"line":74,"column":34}},"74":{"start":{"line":75,"column":0},"end":{"line":75,"column":5}},"75":{"start":{"line":76,"column":0},"end":{"line":76,"column":0}},"76":{"start":{"line":77,"column":0},"end":{"line":77,"column":91}},"77":{"start":{"line":78,"column":0},"end":{"line":78,"column":3}},"78":{"start":{"line":79,"column":0},"end":{"line":79,"column":0}},"79":{"start":{"line":80,"column":0},"end":{"line":80,"column":43}},"80":{"start":{"line":81,"column":0},"end":{"line":81,"column":35}},"81":{"start":{"line":82,"column":0},"end":{"line":82,"column":15}},"82":{"start":{"line":83,"column":0},"end":{"line":83,"column":5}},"83":{"start":{"line":84,"column":0},"end":{"line":84,"column":48}},"84":{"start":{"line":85,"column":0},"end":{"line":85,"column":15}},"85":{"start":{"line":86,"column":0},"end":{"line":86,"column":5}},"86":{"start":{"line":87,"column":0},"end":{"line":87,"column":50}},"87":{"start":{"line":88,"column":0},"end":{"line":88,"column":16}},"88":{"start":{"line":89,"column":0},"end":{"line":89,"column":5}},"89":{"start":{"line":90,"column":0},"end":{"line":90,"column":13}},"90":{"start":{"line":91,"column":0},"end":{"line":91,"column":3}},"91":{"start":{"line":92,"column":0},"end":{"line":92,"column":0}},"92":{"start":{"line":93,"column":0},"end":{"line":93,"column":31}},"93":{"start":{"line":94,"column":0},"end":{"line":94,"column":61}},"94":{"start":{"line":95,"column":0},"end":{"line":95,"column":3}},"95":{"start":{"line":96,"column":0},"end":{"line":96,"column":0}},"96":{"start":{"line":97,"column":0},"end":{"line":97,"column":21}},"97":{"start":{"line":98,"column":0},"end":{"line":98,"column":21}},"98":{"start":{"line":99,"column":0},"end":{"line":99,"column":3}},"99":{"start":{"line":100,"column":0},"end":{"line":100,"column":0}},"100":{"start":{"line":101,"column":0},"end":{"line":101,"column":29}},"101":{"start":{"line":102,"column":0},"end":{"line":102,"column":26}},"102":{"start":{"line":103,"column":0},"end":{"line":103,"column":3}},"103":{"start":{"line":104,"column":0},"end":{"line":104,"column":0}},"104":{"start":{"line":105,"column":0},"end":{"line":105,"column":29}},"105":{"start":{"line":106,"column":0},"end":{"line":106,"column":26}},"106":{"start":{"line":107,"column":0},"end":{"line":107,"column":3}},"107":{"start":{"line":108,"column":0},"end":{"line":108,"column":0}},"108":{"start":{"line":109,"column":0},"end":{"line":109,"column":30}},"109":{"start":{"line":110,"column":0},"end":{"line":110,"column":27}},"110":{"start":{"line":111,"column":0},"end":{"line":111,"column":3}},"111":{"start":{"line":112,"column":0},"end":{"line":112,"column":0}},"112":{"start":{"line":113,"column":0},"end":{"line":113,"column":25}},"113":{"start":{"line":114,"column":0},"end":{"line":114,"column":33}},"114":{"start":{"line":115,"column":0},"end":{"line":115,"column":3}},"115":{"start":{"line":116,"column":0},"end":{"line":116,"column":0}},"116":{"start":{"line":117,"column":0},"end":{"line":117,"column":29}},"117":{"start":{"line":118,"column":0},"end":{"line":118,"column":38}},"118":{"start":{"line":119,"column":0},"end":{"line":119,"column":3}},"119":{"start":{"line":120,"column":0},"end":{"line":120,"column":0}},"120":{"start":{"line":121,"column":0},"end":{"line":121,"column":25}},"121":{"start":{"line":122,"column":0},"end":{"line":122,"column":25}},"122":{"start":{"line":123,"column":0},"end":{"line":123,"column":3}},"123":{"start":{"line":124,"column":0},"end":{"line":124,"column":0}},"124":{"start":{"line":125,"column":0},"end":{"line":125,"column":22}},"125":{"start":{"line":126,"column":0},"end":{"line":126,"column":52}},"126":{"start":{"line":127,"column":0},"end":{"line":127,"column":3}},"127":{"start":{"line":128,"column":0},"end":{"line":128,"column":0}},"128":{"start":{"line":129,"column":0},"end":{"line":129,"column":26}},"129":{"start":{"line":130,"column":0},"end":{"line":130,"column":56}},"130":{"start":{"line":131,"column":0},"end":{"line":131,"column":3}},"131":{"start":{"line":132,"column":0},"end":{"line":132,"column":0}},"132":{"start":{"line":133,"column":0},"end":{"line":133,"column":36}},"133":{"start":{"line":134,"column":0},"end":{"line":134,"column":38}},"134":{"start":{"line":135,"column":0},"end":{"line":135,"column":3}},"135":{"start":{"line":136,"column":0},"end":{"line":136,"column":0}},"136":{"start":{"line":137,"column":0},"end":{"line":137,"column":40}},"137":{"start":{"line":138,"column":0},"end":{"line":138,"column":42}},"138":{"start":{"line":139,"column":0},"end":{"line":139,"column":3}},"139":{"start":{"line":140,"column":0},"end":{"line":140,"column":0}},"140":{"start":{"line":141,"column":0},"end":{"line":141,"column":46}},"141":{"start":{"line":142,"column":0},"end":{"line":142,"column":38}},"142":{"start":{"line":143,"column":0},"end":{"line":143,"column":3}},"143":{"start":{"line":144,"column":0},"end":{"line":144,"column":0}},"144":{"start":{"line":145,"column":0},"end":{"line":145,"column":50}},"145":{"start":{"line":146,"column":0},"end":{"line":146,"column":42}},"146":{"start":{"line":147,"column":0},"end":{"line":147,"column":3}},"147":{"start":{"line":148,"column":0},"end":{"line":148,"column":0}},"148":{"start":{"line":149,"column":0},"end":{"line":149,"column":34}},"149":{"start":{"line":150,"column":0},"end":{"line":150,"column":16}},"150":{"start":{"line":151,"column":0},"end":{"line":151,"column":3}},"151":{"start":{"line":152,"column":0},"end":{"line":152,"column":0}},"152":{"start":{"line":153,"column":0},"end":{"line":153,"column":32}},"153":{"start":{"line":154,"column":0},"end":{"line":154,"column":17}},"154":{"start":{"line":155,"column":0},"end":{"line":155,"column":3}},"155":{"start":{"line":156,"column":0},"end":{"line":156,"column":1}}},"s":{"0":1,"1":1,"2":1,"3":1,"4":1,"5":1,"6":1,"7":1,"8":1,"9":1,"10":1,"11":1,"12":1,"13":1,"14":1,"15":1,"16":1,"17":1,"18":1,"19":1,"20":1,"21":31,"22":31,"23":31,"24":31,"25":31,"26":31,"27":31,"28":31,"29":31,"30":31,"31":31,"32":31,"33":31,"34":31,"35":31,"36":31,"37":0,"38":31,"39":31,"40":31,"41":31,"42":31,"43":1,"44":1,"45":5,"46":5,"47":1,"48":1,"49":3,"50":3,"51":1,"52":1,"53":1,"54":1,"55":1,"56":1,"57":6,"58":6,"59":1,"60":1,"61":5,"62":5,"63":1,"64":1,"65":8,"66":8,"67":8,"68":8,"69":6,"70":6,"71":8,"72":2,"73":2,"74":2,"75":8,"76":8,"77":8,"78":1,"79":1,"80":4,"81":1,"82":1,"83":4,"84":1,"85":1,"86":4,"87":1,"88":1,"89":1,"90":1,"91":1,"92":1,"93":2,"94":2,"95":1,"96":1,"97":8,"98":8,"99":1,"100":1,"101":6,"102":6,"103":1,"104":1,"105":6,"106":6,"107":1,"108":1,"109":6,"110":6,"111":1,"112":1,"113":5,"114":5,"115":1,"116":1,"117":1,"118":1,"119":1,"120":1,"121":2,"122":2,"123":1,"124":1,"125":3,"126":3,"127":1,"128":1,"129":2,"130":2,"131":1,"132":1,"133":1,"134":1,"135":1,"136":1,"137":1,"138":1,"139":1,"140":1,"141":7,"142":7,"143":1,"144":1,"145":1,"146":1,"147":1,"148":1,"149":1,"150":1,"151":1,"152":1,"153":1,"154":1,"155":1},"branchMap":{"0":{"type":"branch","line":21,"loc":{"start":{"line":21,"column":2},"end":{"line":43,"column":3}},"locations":[{"start":{"line":21,"column":2},"end":{"line":43,"column":3}}]},"1":{"type":"branch","line":45,"loc":{"start":{"line":45,"column":2},"end":{"line":47,"column":3}},"locations":[{"start":{"line":45,"column":2},"end":{"line":47,"column":3}}]},"2":{"type":"branch","line":49,"loc":{"start":{"line":49,"column":2},"end":{"line":51,"column":3}},"locations":[{"start":{"line":49,"column":2},"end":{"line":51,"column":3}}]},"3":{"type":"branch","line":53,"loc":{"start":{"line":53,"column":2},"end":{"line":55,"column":3}},"locations":[{"start":{"line":53,"column":2},"end":{"line":55,"column":3}}]},"4":{"type":"branch","line":57,"loc":{"start":{"line":57,"column":2},"end":{"line":59,"column":3}},"locations":[{"start":{"line":57,"column":2},"end":{"line":59,"column":3}}]},"5":{"type":"branch","line":58,"loc":{"start":{"line":58,"column":40},"end":{"line":58,"column":56}},"locations":[{"start":{"line":58,"column":40},"end":{"line":58,"column":56}}]},"6":{"type":"branch","line":58,"loc":{"start":{"line":58,"column":57},"end":{"line":58,"column":74}},"locations":[{"start":{"line":58,"column":57},"end":{"line":58,"column":74}}]},"7":{"type":"branch","line":61,"loc":{"start":{"line":61,"column":2},"end":{"line":63,"column":3}},"locations":[{"start":{"line":61,"column":2},"end":{"line":63,"column":3}}]},"8":{"type":"branch","line":62,"loc":{"start":{"line":62,"column":40},"end":{"line":62,"column":57}},"locations":[{"start":{"line":62,"column":40},"end":{"line":62,"column":57}}]},"9":{"type":"branch","line":62,"loc":{"start":{"line":62,"column":58},"end":{"line":62,"column":74}},"locations":[{"start":{"line":62,"column":58},"end":{"line":62,"column":74}}]},"10":{"type":"branch","line":65,"loc":{"start":{"line":65,"column":2},"end":{"line":78,"column":3}},"locations":[{"start":{"line":65,"column":2},"end":{"line":78,"column":3}}]},"11":{"type":"branch","line":66,"loc":{"start":{"line":66,"column":53},"end":{"line":66,"column":62}},"locations":[{"start":{"line":66,"column":53},"end":{"line":66,"column":62}}]},"12":{"type":"branch","line":66,"loc":{"start":{"line":66,"column":63},"end":{"line":66,"column":71}},"locations":[{"start":{"line":66,"column":63},"end":{"line":66,"column":71}}]},"13":{"type":"branch","line":69,"loc":{"start":{"line":69,"column":38},"end":{"line":72,"column":11}},"locations":[{"start":{"line":69,"column":38},"end":{"line":72,"column":11}}]},"14":{"type":"branch","line":72,"loc":{"start":{"line":72,"column":5},"end":{"line":75,"column":5}},"locations":[{"start":{"line":72,"column":5},"end":{"line":75,"column":5}}]},"15":{"type":"branch","line":80,"loc":{"start":{"line":80,"column":2},"end":{"line":91,"column":3}},"locations":[{"start":{"line":80,"column":2},"end":{"line":91,"column":3}}]},"16":{"type":"branch","line":81,"loc":{"start":{"line":81,"column":34},"end":{"line":83,"column":5}},"locations":[{"start":{"line":81,"column":34},"end":{"line":83,"column":5}}]},"17":{"type":"branch","line":84,"loc":{"start":{"line":84,"column":-1},"end":{"line":84,"column":47}},"locations":[{"start":{"line":84,"column":-1},"end":{"line":84,"column":47}}]},"18":{"type":"branch","line":84,"loc":{"start":{"line":84,"column":47},"end":{"line":86,"column":5}},"locations":[{"start":{"line":84,"column":47},"end":{"line":86,"column":5}}]},"19":{"type":"branch","line":87,"loc":{"start":{"line":87,"column":-1},"end":{"line":87,"column":49}},"locations":[{"start":{"line":87,"column":-1},"end":{"line":87,"column":49}}]},"20":{"type":"branch","line":87,"loc":{"start":{"line":87,"column":49},"end":{"line":91,"column":3}},"locations":[{"start":{"line":87,"column":49},"end":{"line":91,"column":3}}]},"21":{"type":"branch","line":93,"loc":{"start":{"line":93,"column":2},"end":{"line":95,"column":3}},"locations":[{"start":{"line":93,"column":2},"end":{"line":95,"column":3}}]},"22":{"type":"branch","line":97,"loc":{"start":{"line":97,"column":2},"end":{"line":99,"column":3}},"locations":[{"start":{"line":97,"column":2},"end":{"line":99,"column":3}}]},"23":{"type":"branch","line":101,"loc":{"start":{"line":101,"column":2},"end":{"line":103,"column":3}},"locations":[{"start":{"line":101,"column":2},"end":{"line":103,"column":3}}]},"24":{"type":"branch","line":105,"loc":{"start":{"line":105,"column":2},"end":{"line":107,"column":3}},"locations":[{"start":{"line":105,"column":2},"end":{"line":107,"column":3}}]},"25":{"type":"branch","line":109,"loc":{"start":{"line":109,"column":2},"end":{"line":111,"column":3}},"locations":[{"start":{"line":109,"column":2},"end":{"line":111,"column":3}}]},"26":{"type":"branch","line":113,"loc":{"start":{"line":113,"column":2},"end":{"line":115,"column":3}},"locations":[{"start":{"line":113,"column":2},"end":{"line":115,"column":3}}]},"27":{"type":"branch","line":117,"loc":{"start":{"line":117,"column":2},"end":{"line":119,"column":3}},"locations":[{"start":{"line":117,"column":2},"end":{"line":119,"column":3}}]},"28":{"type":"branch","line":121,"loc":{"start":{"line":121,"column":2},"end":{"line":123,"column":3}},"locations":[{"start":{"line":121,"column":2},"end":{"line":123,"column":3}}]},"29":{"type":"branch","line":125,"loc":{"start":{"line":125,"column":2},"end":{"line":127,"column":3}},"locations":[{"start":{"line":125,"column":2},"end":{"line":127,"column":3}}]},"30":{"type":"branch","line":129,"loc":{"start":{"line":129,"column":2},"end":{"line":131,"column":3}},"locations":[{"start":{"line":129,"column":2},"end":{"line":131,"column":3}}]},"31":{"type":"branch","line":133,"loc":{"start":{"line":133,"column":2},"end":{"line":135,"column":3}},"locations":[{"start":{"line":133,"column":2},"end":{"line":135,"column":3}}]},"32":{"type":"branch","line":137,"loc":{"start":{"line":137,"column":2},"end":{"line":139,"column":3}},"locations":[{"start":{"line":137,"column":2},"end":{"line":139,"column":3}}]},"33":{"type":"branch","line":141,"loc":{"start":{"line":141,"column":2},"end":{"line":143,"column":3}},"locations":[{"start":{"line":141,"column":2},"end":{"line":143,"column":3}}]},"34":{"type":"branch","line":145,"loc":{"start":{"line":145,"column":2},"end":{"line":147,"column":3}},"locations":[{"start":{"line":145,"column":2},"end":{"line":147,"column":3}}]},"35":{"type":"branch","line":149,"loc":{"start":{"line":149,"column":2},"end":{"line":151,"column":3}},"locations":[{"start":{"line":149,"column":2},"end":{"line":151,"column":3}}]},"36":{"type":"branch","line":153,"loc":{"start":{"line":153,"column":2},"end":{"line":155,"column":3}},"locations":[{"start":{"line":153,"column":2},"end":{"line":155,"column":3}}]}},"b":{"0":[31],"1":[5],"2":[3],"3":[1],"4":[6],"5":[1],"6":[5],"7":[5],"8":[1],"9":[4],"10":[8],"11":[2],"12":[6],"13":[6],"14":[2],"15":[4],"16":[1],"17":[3],"18":[1],"19":[2],"20":[1],"21":[2],"22":[8],"23":[6],"24":[6],"25":[6],"26":[5],"27":[1],"28":[2],"29":[3],"30":[2],"31":[1],"32":[1],"33":[7],"34":[1],"35":[1],"36":[1]},"fnMap":{"0":{"name":"Junction","decl":{"start":{"line":21,"column":2},"end":{"line":43,"column":3}},"loc":{"start":{"line":21,"column":2},"end":{"line":43,"column":3}},"line":21},"1":{"name":"get branchState","decl":{"start":{"line":45,"column":2},"end":{"line":47,"column":3}},"loc":{"start":{"line":45,"column":2},"end":{"line":47,"column":3}},"line":45},"2":{"name":"set branchState","decl":{"start":{"line":49,"column":2},"end":{"line":51,"column":3}},"loc":{"start":{"line":49,"column":2},"end":{"line":51,"column":3}},"line":49},"3":{"name":"getActiveTrack","decl":{"start":{"line":53,"column":2},"end":{"line":55,"column":3}},"loc":{"start":{"line":53,"column":2},"end":{"line":55,"column":3}},"line":53},"4":{"name":"getActiveBranchTrack","decl":{"start":{"line":57,"column":2},"end":{"line":59,"column":3}},"loc":{"start":{"line":57,"column":2},"end":{"line":59,"column":3}},"line":57},"5":{"name":"getInactiveBranchTrack","decl":{"start":{"line":61,"column":2},"end":{"line":63,"column":3}},"loc":{"start":{"line":61,"column":2},"end":{"line":63,"column":3}},"line":61},"6":{"name":"toggle","decl":{"start":{"line":65,"column":2},"end":{"line":78,"column":3}},"loc":{"start":{"line":65,"column":2},"end":{"line":78,"column":3}},"line":65},"7":{"name":"getForceScale","decl":{"start":{"line":80,"column":2},"end":{"line":91,"column":3}},"loc":{"start":{"line":80,"column":2},"end":{"line":91,"column":3}},"line":80},"8":{"name":"getAllTracks","decl":{"start":{"line":93,"column":2},"end":{"line":95,"column":3}},"loc":{"start":{"line":93,"column":2},"end":{"line":95,"column":3}},"line":93},"9":{"name":"getUUID","decl":{"start":{"line":97,"column":2},"end":{"line":99,"column":3}},"loc":{"start":{"line":97,"column":2},"end":{"line":99,"column":3}},"line":97},"10":{"name":"getMainTrack","decl":{"start":{"line":101,"column":2},"end":{"line":103,"column":3}},"loc":{"start":{"line":101,"column":2},"end":{"line":103,"column":3}},"line":101},"11":{"name":"getLeftTrack","decl":{"start":{"line":105,"column":2},"end":{"line":107,"column":3}},"loc":{"start":{"line":105,"column":2},"end":{"line":107,"column":3}},"line":105},"12":{"name":"getRightTrack","decl":{"start":{"line":109,"column":2},"end":{"line":111,"column":3}},"loc":{"start":{"line":109,"column":2},"end":{"line":111,"column":3}},"line":109},"13":{"name":"getPosition","decl":{"start":{"line":113,"column":2},"end":{"line":115,"column":3}},"loc":{"start":{"line":113,"column":2},"end":{"line":115,"column":3}},"line":113},"14":{"name":"getBranchLength","decl":{"start":{"line":117,"column":2},"end":{"line":119,"column":3}},"loc":{"start":{"line":117,"column":2},"end":{"line":119,"column":3}},"line":117},"15":{"name":"isSwitched","decl":{"start":{"line":121,"column":2},"end":{"line":123,"column":3}},"loc":{"start":{"line":121,"column":2},"end":{"line":123,"column":3}},"line":121},"16":{"name":"hasNext","decl":{"start":{"line":125,"column":2},"end":{"line":127,"column":3}},"loc":{"start":{"line":125,"column":2},"end":{"line":127,"column":3}},"line":125},"17":{"name":"hasPrevious","decl":{"start":{"line":129,"column":2},"end":{"line":131,"column":3}},"loc":{"start":{"line":129,"column":2},"end":{"line":131,"column":3}},"line":129},"18":{"name":"getNext","decl":{"start":{"line":133,"column":2},"end":{"line":135,"column":3}},"loc":{"start":{"line":133,"column":2},"end":{"line":135,"column":3}},"line":133},"19":{"name":"getPrevious","decl":{"start":{"line":137,"column":2},"end":{"line":139,"column":3}},"loc":{"start":{"line":137,"column":2},"end":{"line":139,"column":3}},"line":137},"20":{"name":"setNext","decl":{"start":{"line":141,"column":2},"end":{"line":143,"column":3}},"loc":{"start":{"line":141,"column":2},"end":{"line":143,"column":3}},"line":141},"21":{"name":"setPrevious","decl":{"start":{"line":145,"column":2},"end":{"line":147,"column":3}},"loc":{"start":{"line":145,"column":2},"end":{"line":147,"column":3}},"line":145},"22":{"name":"isJunction","decl":{"start":{"line":149,"column":2},"end":{"line":151,"column":3}},"loc":{"start":{"line":149,"column":2},"end":{"line":151,"column":3}},"line":149},"23":{"name":"isTrack","decl":{"start":{"line":153,"column":2},"end":{"line":155,"column":3}},"loc":{"start":{"line":153,"column":2},"end":{"line":155,"column":3}},"line":153}},"f":{"0":31,"1":5,"2":3,"3":1,"4":6,"5":5,"6":8,"7":4,"8":2,"9":8,"10":6,"11":6,"12":6,"13":5,"14":1,"15":2,"16":3,"17":2,"18":1,"19":1,"20":7,"21":1,"22":1,"23":1}}
,"/home/runner/work/rail-sim/rail-sim/src/entities/RailTrack.ts": {"path":"/home/runner/work/rail-sim/rail-sim/src/entities/RailTrack.ts","all":false,"statementMap":{"0":{"start":{"line":1,"column":0},"end":{"line":1,"column":28}},"1":{"start":{"line":2,"column":0},"end":{"line":2,"column":38}},"2":{"start":{"line":3,"column":0},"end":{"line":3,"column":31}},"3":{"start":{"line":4,"column":0},"end":{"line":4,"column":57}},"4":{"start":{"line":5,"column":0},"end":{"line":5,"column":50}},"5":{"start":{"line":6,"column":0},"end":{"line":6,"column":45}},"6":{"start":{"line":7,"column":0},"end":{"line":7,"column":34}},"7":{"start":{"line":8,"column":0},"end":{"line":8,"column":0}},"8":{"start":{"line":9,"column":0},"end":{"line":9,"column":39}},"9":{"start":{"line":10,"column":0},"end":{"line":10,"column":10}},"10":{"start":{"line":11,"column":0},"end":{"line":11,"column":15}},"11":{"start":{"line":12,"column":0},"end":{"line":12,"column":16}},"12":{"start":{"line":13,"column":0},"end":{"line":13,"column":16}},"13":{"start":{"line":14,"column":0},"end":{"line":14,"column":6}},"14":{"start":{"line":15,"column":0},"end":{"line":15,"column":4}},"15":{"start":{"line":16,"column":0},"end":{"line":16,"column":1}},"16":{"start":{"line":17,"column":0},"end":{"line":17,"column":0}},"17":{"start":{"line":18,"column":0},"end":{"line":18,"column":90}},"18":{"start":{"line":19,"column":0},"end":{"line":19,"column":48}},"19":{"start":{"line":20,"column":0},"end":{"line":20,"column":45}},"20":{"start":{"line":21,"column":0},"end":{"line":21,"column":78}},"21":{"start":{"line":22,"column":0},"end":{"line":22,"column":67}},"22":{"start":{"line":23,"column":0},"end":{"line":23,"column":33}},"23":{"start":{"line":24,"column":0},"end":{"line":24,"column":36}},"24":{"start":{"line":25,"column":0},"end":{"line":25,"column":35}},"25":{"start":{"line":26,"column":0},"end":{"line":26,"column":35}},"26":{"start":{"line":27,"column":0},"end":{"line":27,"column":35}},"27":{"start":{"line":28,"column":0},"end":{"line":28,"column":46}},"28":{"start":{"line":29,"column":0},"end":{"line":29,"column":23}},"29":{"start":{"line":30,"column":0},"end":{"line":30,"column":32}},"30":{"start":{"line":31,"column":0},"end":{"line":31,"column":31}},"31":{"start":{"line":32,"column":0},"end":{"line":32,"column":21}},"32":{"start":{"line":33,"column":0},"end":{"line":33,"column":25}},"33":{"start":{"line":34,"column":0},"end":{"line":34,"column":9}},"34":{"start":{"line":35,"column":0},"end":{"line":35,"column":0}},"35":{"start":{"line":36,"column":0},"end":{"line":36,"column":136}},"36":{"start":{"line":37,"column":0},"end":{"line":37,"column":17}},"37":{"start":{"line":38,"column":0},"end":{"line":38,"column":29}},"38":{"start":{"line":39,"column":0},"end":{"line":39,"column":36}},"39":{"start":{"line":40,"column":0},"end":{"line":40,"column":21}},"40":{"start":{"line":41,"column":0},"end":{"line":41,"column":44}},"41":{"start":{"line":42,"column":0},"end":{"line":42,"column":3}},"42":{"start":{"line":43,"column":0},"end":{"line":43,"column":0}},"43":{"start":{"line":44,"column":0},"end":{"line":44,"column":24}},"44":{"start":{"line":45,"column":0},"end":{"line":45,"column":41}},"45":{"start":{"line":46,"column":0},"end":{"line":46,"column":33}},"46":{"start":{"line":47,"column":0},"end":{"line":47,"column":0}},"47":{"start":{"line":48,"column":0},"end":{"line":48,"column":47}},"48":{"start":{"line":49,"column":0},"end":{"line":49,"column":48}},"49":{"start":{"line":50,"column":0},"end":{"line":50,"column":5}},"50":{"start":{"line":51,"column":0},"end":{"line":51,"column":0}},"51":{"start":{"line":52,"column":0},"end":{"line":52,"column":47}},"52":{"start":{"line":53,"column":0},"end":{"line":53,"column":48}},"53":{"start":{"line":54,"column":0},"end":{"line":54,"column":5}},"54":{"start":{"line":55,"column":0},"end":{"line":55,"column":3}},"55":{"start":{"line":56,"column":0},"end":{"line":56,"column":0}},"56":{"start":{"line":57,"column":0},"end":{"line":57,"column":56}},"57":{"start":{"line":58,"column":0},"end":{"line":58,"column":34}},"58":{"start":{"line":59,"column":0},"end":{"line":59,"column":41}},"59":{"start":{"line":60,"column":0},"end":{"line":60,"column":69}},"60":{"start":{"line":61,"column":0},"end":{"line":61,"column":68}},"61":{"start":{"line":62,"column":0},"end":{"line":62,"column":0}},"62":{"start":{"line":63,"column":0},"end":{"line":63,"column":70}},"63":{"start":{"line":64,"column":0},"end":{"line":64,"column":32}},"64":{"start":{"line":65,"column":0},"end":{"line":65,"column":44}},"65":{"start":{"line":66,"column":0},"end":{"line":66,"column":26}},"66":{"start":{"line":67,"column":0},"end":{"line":67,"column":31}},"67":{"start":{"line":68,"column":0},"end":{"line":68,"column":0}},"68":{"start":{"line":69,"column":0},"end":{"line":69,"column":24}},"69":{"start":{"line":70,"column":0},"end":{"line":70,"column":38}},"70":{"start":{"line":71,"column":0},"end":{"line":71,"column":3}},"71":{"start":{"line":72,"column":0},"end":{"line":72,"column":0}},"72":{"start":{"line":73,"column":0},"end":{"line":73,"column":128}},"73":{"start":{"line":74,"column":0},"end":{"line":74,"column":75}},"74":{"start":{"line":75,"column":0},"end":{"line":75,"column":17}},"75":{"start":{"line":76,"column":0},"end":{"line":76,"column":17}},"76":{"start":{"line":77,"column":0},"end":{"line":77,"column":17}},"77":{"start":{"line":78,"column":0},"end":{"line":78,"column":48}},"78":{"start":{"line":79,"column":0},"end":{"line":79,"column":111}},"79":{"start":{"line":80,"column":0},"end":{"line":80,"column":0}},"80":{"start":{"line":81,"column":0},"end":{"line":81,"column":24}},"81":{"start":{"line":82,"column":0},"end":{"line":82,"column":3}},"82":{"start":{"line":83,"column":0},"end":{"line":83,"column":0}},"83":{"start":{"line":84,"column":0},"end":{"line":84,"column":44}},"84":{"start":{"line":85,"column":0},"end":{"line":85,"column":44}},"85":{"start":{"line":86,"column":0},"end":{"line":86,"column":45}},"86":{"start":{"line":87,"column":0},"end":{"line":87,"column":66}},"87":{"start":{"line":88,"column":0},"end":{"line":88,"column":3}},"88":{"start":{"line":89,"column":0},"end":{"line":89,"column":0}},"89":{"start":{"line":90,"column":0},"end":{"line":90,"column":57}},"90":{"start":{"line":91,"column":0},"end":{"line":91,"column":44}},"91":{"start":{"line":92,"column":0},"end":{"line":92,"column":34}},"92":{"start":{"line":93,"column":0},"end":{"line":93,"column":3}},"93":{"start":{"line":94,"column":0},"end":{"line":94,"column":0}},"94":{"start":{"line":95,"column":0},"end":{"line":95,"column":47}},"95":{"start":{"line":96,"column":0},"end":{"line":96,"column":28}},"96":{"start":{"line":97,"column":0},"end":{"line":97,"column":35}},"97":{"start":{"line":98,"column":0},"end":{"line":98,"column":21}},"98":{"start":{"line":99,"column":0},"end":{"line":99,"column":68}},"99":{"start":{"line":100,"column":0},"end":{"line":100,"column":68}},"100":{"start":{"line":101,"column":0},"end":{"line":101,"column":0}},"101":{"start":{"line":102,"column":0},"end":{"line":102,"column":43}},"102":{"start":{"line":103,"column":0},"end":{"line":103,"column":31}},"103":{"start":{"line":104,"column":0},"end":{"line":104,"column":43}},"104":{"start":{"line":105,"column":0},"end":{"line":105,"column":88}},"105":{"start":{"line":106,"column":0},"end":{"line":106,"column":39}},"106":{"start":{"line":107,"column":0},"end":{"line":107,"column":35}},"107":{"start":{"line":108,"column":0},"end":{"line":108,"column":21}},"108":{"start":{"line":109,"column":0},"end":{"line":109,"column":7}},"109":{"start":{"line":110,"column":0},"end":{"line":110,"column":5}},"110":{"start":{"line":111,"column":0},"end":{"line":111,"column":0}},"111":{"start":{"line":112,"column":0},"end":{"line":112,"column":20}},"112":{"start":{"line":113,"column":0},"end":{"line":113,"column":3}},"113":{"start":{"line":114,"column":0},"end":{"line":114,"column":0}},"114":{"start":{"line":115,"column":0},"end":{"line":115,"column":24}},"115":{"start":{"line":116,"column":0},"end":{"line":116,"column":22}},"116":{"start":{"line":117,"column":0},"end":{"line":117,"column":3}},"117":{"start":{"line":118,"column":0},"end":{"line":118,"column":0}},"118":{"start":{"line":119,"column":0},"end":{"line":119,"column":21}},"119":{"start":{"line":120,"column":0},"end":{"line":120,"column":21}},"120":{"start":{"line":121,"column":0},"end":{"line":121,"column":3}},"121":{"start":{"line":122,"column":0},"end":{"line":122,"column":0}},"122":{"start":{"line":123,"column":0},"end":{"line":123,"column":22}},"123":{"start":{"line":124,"column":0},"end":{"line":124,"column":52}},"124":{"start":{"line":125,"column":0},"end":{"line":125,"column":3}},"125":{"start":{"line":126,"column":0},"end":{"line":126,"column":0}},"126":{"start":{"line":127,"column":0},"end":{"line":127,"column":26}},"127":{"start":{"line":128,"column":0},"end":{"line":128,"column":56}},"128":{"start":{"line":129,"column":0},"end":{"line":129,"column":3}},"129":{"start":{"line":130,"column":0},"end":{"line":130,"column":0}},"130":{"start":{"line":131,"column":0},"end":{"line":131,"column":36}},"131":{"start":{"line":132,"column":0},"end":{"line":132,"column":38}},"132":{"start":{"line":133,"column":0},"end":{"line":133,"column":3}},"133":{"start":{"line":134,"column":0},"end":{"line":134,"column":0}},"134":{"start":{"line":135,"column":0},"end":{"line":135,"column":40}},"135":{"start":{"line":136,"column":0},"end":{"line":136,"column":42}},"136":{"start":{"line":137,"column":0},"end":{"line":137,"column":3}},"137":{"start":{"line":138,"column":0},"end":{"line":138,"column":0}},"138":{"start":{"line":139,"column":0},"end":{"line":139,"column":46}},"139":{"start":{"line":140,"column":0},"end":{"line":140,"column":38}},"140":{"start":{"line":141,"column":0},"end":{"line":141,"column":3}},"141":{"start":{"line":142,"column":0},"end":{"line":142,"column":0}},"142":{"start":{"line":143,"column":0},"end":{"line":143,"column":50}},"143":{"start":{"line":144,"column":0},"end":{"line":144,"column":42}},"144":{"start":{"line":145,"column":0},"end":{"line":145,"column":3}},"145":{"start":{"line":146,"column":0},"end":{"line":146,"column":0}},"146":{"start":{"line":147,"column":0},"end":{"line":147,"column":34}},"147":{"start":{"line":148,"column":0},"end":{"line":148,"column":17}},"148":{"start":{"line":149,"column":0},"end":{"line":149,"column":3}},"149":{"start":{"line":150,"column":0},"end":{"line":150,"column":0}},"150":{"start":{"line":151,"column":0},"end":{"line":151,"column":32}},"151":{"start":{"line":152,"column":0},"end":{"line":152,"column":16}},"152":{"start":{"line":153,"column":0},"end":{"line":153,"column":3}},"153":{"start":{"line":154,"column":0},"end":{"line":154,"column":1}}},"s":{"0":1,"1":1,"2":1,"3":1,"4":1,"5":1,"6":1,"7":1,"8":1,"9":1,"10":1,"11":1,"12":1,"13":1,"14":1,"15":1,"16":1,"17":1,"18":1,"19":1,"20":1,"21":1,"22":1,"23":1,"24":1,"25":1,"26":1,"27":1,"28":1,"29":1,"30":1,"31":1,"32":1,"33":1,"34":1,"35":1,"36":221,"37":221,"38":221,"39":221,"40":221,"41":221,"42":1,"43":1,"44":221,"45":221,"46":221,"47":221,"48":1024,"49":1024,"50":221,"51":221,"52":1024,"53":1024,"54":221,"55":1,"56":1,"57":2048,"58":2048,"59":2048,"60":2048,"61":2048,"62":2048,"63":2048,"64":2048,"65":2048,"66":2048,"67":2048,"68":2048,"69":2048,"70":2048,"71":1,"72":1,"73":221,"74":221,"75":221,"76":221,"77":221,"78":221,"79":221,"80":221,"81":221,"82":1,"83":1,"84":3,"85":3,"86":3,"87":3,"88":1,"89":1,"90":12,"91":12,"92":12,"93":1,"94":1,"95":19,"96":19,"97":19,"98":19,"99":19,"100":19,"101":19,"102":19019,"103":19019,"104":19019,"105":19019,"106":9519,"107":9519,"108":9519,"109":19019,"110":19,"111":19,"112":19,"113":1,"114":1,"115":828,"116":828,"117":1,"118":1,"119":88,"120":88,"121":1,"122":1,"123":1,"124":1,"125":1,"126":1,"127":0,"128":0,"129":1,"130":1,"131":0,"132":0,"133":1,"134":1,"135":0,"136":0,"137":1,"138":1,"139":58,"140":58,"141":1,"142":1,"143":54,"144":54,"145":1,"146":1,"147":1,"148":1,"149":1,"150":1,"151":1,"152":1,"153":1},"branchMap":{"0":{"type":"branch","line":36,"loc":{"start":{"line":36,"column":2},"end":{"line":42,"column":3}},"locations":[{"start":{"line":36,"column":2},"end":{"line":42,"column":3}}]},"1":{"type":"branch","line":44,"loc":{"start":{"line":44,"column":2},"end":{"line":55,"column":3}},"locations":[{"start":{"line":44,"column":2},"end":{"line":55,"column":3}}]},"2":{"type":"branch","line":48,"loc":{"start":{"line":48,"column":46},"end":{"line":50,"column":5}},"locations":[{"start":{"line":48,"column":46},"end":{"line":50,"column":5}}]},"3":{"type":"branch","line":52,"loc":{"start":{"line":52,"column":46},"end":{"line":54,"column":5}},"locations":[{"start":{"line":52,"column":46},"end":{"line":54,"column":5}}]},"4":{"type":"branch","line":57,"loc":{"start":{"line":57,"column":2},"end":{"line":71,"column":3}},"locations":[{"start":{"line":57,"column":2},"end":{"line":71,"column":3}}]},"5":{"type":"branch","line":73,"loc":{"start":{"line":73,"column":2},"end":{"line":82,"column":3}},"locations":[{"start":{"line":73,"column":2},"end":{"line":82,"column":3}}]},"6":{"type":"branch","line":84,"loc":{"start":{"line":84,"column":2},"end":{"line":88,"column":3}},"locations":[{"start":{"line":84,"column":2},"end":{"line":88,"column":3}}]},"7":{"type":"branch","line":90,"loc":{"start":{"line":90,"column":2},"end":{"line":93,"column":3}},"locations":[{"start":{"line":90,"column":2},"end":{"line":93,"column":3}}]},"8":{"type":"branch","line":95,"loc":{"start":{"line":95,"column":2},"end":{"line":113,"column":3}},"locations":[{"start":{"line":95,"column":2},"end":{"line":113,"column":3}}]},"9":{"type":"branch","line":99,"loc":{"start":{"line":99,"column":32},"end":{"line":99,"column":56}},"locations":[{"start":{"line":99,"column":32},"end":{"line":99,"column":56}}]},"10":{"type":"branch","line":99,"loc":{"start":{"line":99,"column":57},"end":{"line":99,"column":67}},"locations":[{"start":{"line":99,"column":57},"end":{"line":99,"column":67}}]},"11":{"type":"branch","line":100,"loc":{"start":{"line":100,"column":32},"end":{"line":100,"column":56}},"locations":[{"start":{"line":100,"column":32},"end":{"line":100,"column":56}}]},"12":{"type":"branch","line":100,"loc":{"start":{"line":100,"column":57},"end":{"line":100,"column":67}},"locations":[{"start":{"line":100,"column":57},"end":{"line":100,"column":67}}]},"13":{"type":"branch","line":102,"loc":{"start":{"line":102,"column":42},"end":{"line":110,"column":5}},"locations":[{"start":{"line":102,"column":42},"end":{"line":110,"column":5}}]},"14":{"type":"branch","line":106,"loc":{"start":{"line":106,"column":38},"end":{"line":109,"column":7}},"locations":[{"start":{"line":106,"column":38},"end":{"line":109,"column":7}}]},"15":{"type":"branch","line":115,"loc":{"start":{"line":115,"column":2},"end":{"line":117,"column":3}},"locations":[{"start":{"line":115,"column":2},"end":{"line":117,"column":3}}]},"16":{"type":"branch","line":119,"loc":{"start":{"line":119,"column":2},"end":{"line":121,"column":3}},"locations":[{"start":{"line":119,"column":2},"end":{"line":121,"column":3}}]},"17":{"type":"branch","line":123,"loc":{"start":{"line":123,"column":2},"end":{"line":125,"column":3}},"locations":[{"start":{"line":123,"column":2},"end":{"line":125,"column":3}}]},"18":{"type":"branch","line":139,"loc":{"start":{"line":139,"column":2},"end":{"line":141,"column":3}},"locations":[{"start":{"line":139,"column":2},"end":{"line":141,"column":3}}]},"19":{"type":"branch","line":143,"loc":{"start":{"line":143,"column":2},"end":{"line":145,"column":3}},"locations":[{"start":{"line":143,"column":2},"end":{"line":145,"column":3}}]},"20":{"type":"branch","line":147,"loc":{"start":{"line":147,"column":2},"end":{"line":149,"column":3}},"locations":[{"start":{"line":147,"column":2},"end":{"line":149,"column":3}}]},"21":{"type":"branch","line":151,"loc":{"start":{"line":151,"column":2},"end":{"line":153,"column":3}},"locations":[{"start":{"line":151,"column":2},"end":{"line":153,"column":3}}]}},"b":{"0":[221],"1":[221],"2":[1024],"3":[1024],"4":[2048],"5":[221],"6":[3],"7":[12],"8":[19],"9":[18],"10":[1],"11":[18],"12":[1],"13":[19019],"14":[9519],"15":[828],"16":[88],"17":[1],"18":[58],"19":[54],"20":[1],"21":[1]},"fnMap":{"0":{"name":"RailTrack","decl":{"start":{"line":36,"column":2},"end":{"line":42,"column":3}},"loc":{"start":{"line":36,"column":2},"end":{"line":42,"column":3}},"line":36},"1":{"name":"createTracks","decl":{"start":{"line":44,"column":2},"end":{"line":55,"column":3}},"loc":{"start":{"line":44,"column":2},"end":{"line":55,"column":3}},"line":44},"2":{"name":"createTrackSegment","decl":{"start":{"line":57,"column":2},"end":{"line":71,"column":3}},"loc":{"start":{"line":57,"column":2},"end":{"line":71,"column":3}},"line":57},"3":{"name":"updateTrackVectors","decl":{"start":{"line":73,"column":2},"end":{"line":82,"column":3}},"loc":{"start":{"line":73,"column":2},"end":{"line":82,"column":3}},"line":73},"4":{"name":"getTrackAngle","decl":{"start":{"line":84,"column":2},"end":{"line":88,"column":3}},"loc":{"start":{"line":84,"column":2},"end":{"line":88,"column":3}},"line":84},"5":{"name":"getTrackPoint","decl":{"start":{"line":90,"column":2},"end":{"line":93,"column":3}},"loc":{"start":{"line":90,"column":2},"end":{"line":93,"column":3}},"line":90},"6":{"name":"getTrackPosition","decl":{"start":{"line":95,"column":2},"end":{"line":113,"column":3}},"loc":{"start":{"line":95,"column":2},"end":{"line":113,"column":3}},"line":95},"7":{"name":"getCurvePath","decl":{"start":{"line":115,"column":2},"end":{"line":117,"column":3}},"loc":{"start":{"line":115,"column":2},"end":{"line":117,"column":3}},"line":115},"8":{"name":"getUUID","decl":{"start":{"line":119,"column":2},"end":{"line":121,"column":3}},"loc":{"start":{"line":119,"column":2},"end":{"line":121,"column":3}},"line":119},"9":{"name":"hasNext","decl":{"start":{"line":123,"column":2},"end":{"line":125,"column":3}},"loc":{"start":{"line":123,"column":2},"end":{"line":125,"column":3}},"line":123},"10":{"name":"hasPrevious","decl":{"start":{"line":127,"column":2},"end":{"line":129,"column":3}},"loc":{"start":{"line":127,"column":2},"end":{"line":129,"column":3}},"line":127},"11":{"name":"getNext","decl":{"start":{"line":131,"column":2},"end":{"line":133,"column":3}},"loc":{"start":{"line":131,"column":2},"end":{"line":133,"column":3}},"line":131},"12":{"name":"getPrevious","decl":{"start":{"line":135,"column":2},"end":{"line":137,"column":3}},"loc":{"start":{"line":135,"column":2},"end":{"line":137,"column":3}},"line":135},"13":{"name":"setNext","decl":{"start":{"line":139,"column":2},"end":{"line":141,"column":3}},"loc":{"start":{"line":139,"column":2},"end":{"line":141,"column":3}},"line":139},"14":{"name":"setPrevious","decl":{"start":{"line":143,"column":2},"end":{"line":145,"column":3}},"loc":{"start":{"line":143,"column":2},"end":{"line":145,"column":3}},"line":143},"15":{"name":"isJunction","decl":{"start":{"line":147,"column":2},"end":{"line":149,"column":3}},"loc":{"start":{"line":147,"column":2},"end":{"line":149,"column":3}},"line":147},"16":{"name":"isTrack","decl":{"start":{"line":151,"column":2},"end":{"line":153,"column":3}},"loc":{"start":{"line":151,"column":2},"end":{"line":153,"column":3}},"line":151}},"f":{"0":221,"1":221,"2":2048,"3":221,"4":3,"5":12,"6":19,"7":828,"8":88,"9":1,"10":0,"11":0,"12":0,"13":58,"14":54,"15":1,"16":1}}
,"/home/runner/work/rail-sim/rail-sim/src/entities/Station.ts": {"path":"/home/runner/work/rail-sim/rail-sim/src/entities/Station.ts","all":false,"statementMap":{"0":{"start":{"line":1,"column":0},"end":{"line":1,"column":28}},"1":{"start":{"line":2,"column":0},"end":{"line":2,"column":41}},"2":{"start":{"line":3,"column":0},"end":{"line":3,"column":48}},"3":{"start":{"line":4,"column":0},"end":{"line":4,"column":54}},"4":{"start":{"line":5,"column":0},"end":{"line":5,"column":0}},"5":{"start":{"line":6,"column":0},"end":{"line":6,"column":59}},"6":{"start":{"line":7,"column":0},"end":{"line":7,"column":29}},"7":{"start":{"line":8,"column":0},"end":{"line":8,"column":31}},"8":{"start":{"line":9,"column":0},"end":{"line":9,"column":40}},"9":{"start":{"line":10,"column":0},"end":{"line":10,"column":28}},"10":{"start":{"line":11,"column":0},"end":{"line":11,"column":39}},"11":{"start":{"line":12,"column":0},"end":{"line":12,"column":27}},"12":{"start":{"line":13,"column":0},"end":{"line":13,"column":25}},"13":{"start":{"line":14,"column":0},"end":{"line":14,"column":41}},"14":{"start":{"line":15,"column":0},"end":{"line":15,"column":50}},"15":{"start":{"line":16,"column":0},"end":{"line":16,"column":41}},"16":{"start":{"line":17,"column":0},"end":{"line":17,"column":0}},"17":{"start":{"line":18,"column":0},"end":{"line":18,"column":71}},"18":{"start":{"line":19,"column":0},"end":{"line":19,"column":58}},"19":{"start":{"line":20,"column":0},"end":{"line":20,"column":31}},"20":{"start":{"line":21,"column":0},"end":{"line":21,"column":28}},"21":{"start":{"line":22,"column":0},"end":{"line":22,"column":32}},"22":{"start":{"line":23,"column":0},"end":{"line":23,"column":44}},"23":{"start":{"line":24,"column":0},"end":{"line":24,"column":23}},"24":{"start":{"line":25,"column":0},"end":{"line":25,"column":29}},"25":{"start":{"line":26,"column":0},"end":{"line":26,"column":0}},"26":{"start":{"line":27,"column":0},"end":{"line":27,"column":29}},"27":{"start":{"line":28,"column":0},"end":{"line":28,"column":22}},"28":{"start":{"line":29,"column":0},"end":{"line":29,"column":0}},"29":{"start":{"line":30,"column":0},"end":{"line":30,"column":58}},"30":{"start":{"line":31,"column":0},"end":{"line":31,"column":47}},"31":{"start":{"line":32,"column":0},"end":{"line":32,"column":26}},"32":{"start":{"line":33,"column":0},"end":{"line":33,"column":0}},"33":{"start":{"line":34,"column":0},"end":{"line":34,"column":51}},"34":{"start":{"line":35,"column":0},"end":{"line":35,"column":64}},"35":{"start":{"line":36,"column":0},"end":{"line":36,"column":60}},"36":{"start":{"line":37,"column":0},"end":{"line":37,"column":25}},"37":{"start":{"line":38,"column":0},"end":{"line":38,"column":25}},"38":{"start":{"line":39,"column":0},"end":{"line":39,"column":0}},"39":{"start":{"line":40,"column":0},"end":{"line":40,"column":56}},"40":{"start":{"line":41,"column":0},"end":{"line":41,"column":64}},"41":{"start":{"line":42,"column":0},"end":{"line":42,"column":58}},"42":{"start":{"line":43,"column":0},"end":{"line":43,"column":23}},"43":{"start":{"line":44,"column":0},"end":{"line":44,"column":34}},"44":{"start":{"line":45,"column":0},"end":{"line":45,"column":3}},"45":{"start":{"line":46,"column":0},"end":{"line":46,"column":0}},"46":{"start":{"line":47,"column":0},"end":{"line":47,"column":31}},"47":{"start":{"line":48,"column":0},"end":{"line":48,"column":61}},"48":{"start":{"line":49,"column":0},"end":{"line":49,"column":54}},"49":{"start":{"line":50,"column":0},"end":{"line":50,"column":22}},"50":{"start":{"line":51,"column":0},"end":{"line":51,"column":40}},"51":{"start":{"line":52,"column":0},"end":{"line":52,"column":39}},"52":{"start":{"line":53,"column":0},"end":{"line":53,"column":66}},"53":{"start":{"line":54,"column":0},"end":{"line":54,"column":5}},"54":{"start":{"line":55,"column":0},"end":{"line":55,"column":3}},"55":{"start":{"line":56,"column":0},"end":{"line":56,"column":0}},"56":{"start":{"line":57,"column":0},"end":{"line":57,"column":45}},"57":{"start":{"line":58,"column":0},"end":{"line":58,"column":63}},"58":{"start":{"line":59,"column":0},"end":{"line":59,"column":38}},"59":{"start":{"line":60,"column":0},"end":{"line":60,"column":64}},"60":{"start":{"line":61,"column":0},"end":{"line":61,"column":22}},"61":{"start":{"line":62,"column":0},"end":{"line":62,"column":88}},"62":{"start":{"line":63,"column":0},"end":{"line":63,"column":5}},"63":{"start":{"line":64,"column":0},"end":{"line":64,"column":19}},"64":{"start":{"line":65,"column":0},"end":{"line":65,"column":3}},"65":{"start":{"line":66,"column":0},"end":{"line":66,"column":0}},"66":{"start":{"line":67,"column":0},"end":{"line":67,"column":42}},"67":{"start":{"line":68,"column":0},"end":{"line":68,"column":20}},"68":{"start":{"line":69,"column":0},"end":{"line":69,"column":81}},"69":{"start":{"line":70,"column":0},"end":{"line":70,"column":5}},"70":{"start":{"line":71,"column":0},"end":{"line":71,"column":3}},"71":{"start":{"line":72,"column":0},"end":{"line":72,"column":0}},"72":{"start":{"line":73,"column":0},"end":{"line":73,"column":57}},"73":{"start":{"line":74,"column":0},"end":{"line":74,"column":46}},"74":{"start":{"line":75,"column":0},"end":{"line":75,"column":45}},"75":{"start":{"line":76,"column":0},"end":{"line":76,"column":1}}},"s":{"0":1,"1":1,"2":1,"3":1,"4":1,"5":1,"6":1,"7":1,"8":1,"9":1,"10":1,"11":1,"12":1,"13":1,"14":1,"15":1,"16":1,"17":1,"18":18,"19":18,"20":18,"21":18,"22":18,"23":18,"24":18,"25":18,"26":18,"27":18,"28":18,"29":18,"30":18,"31":18,"32":18,"33":18,"34":18,"35":18,"36":18,"37":18,"38":18,"39":18,"40":18,"41":18,"42":18,"43":18,"44":18,"45":1,"46":1,"47":9,"48":9,"49":9,"50":7,"51":7,"52":7,"53":7,"54":9,"55":1,"56":1,"57":6,"58":6,"59":6,"60":6,"61":4,"62":4,"63":6,"64":6,"65":1,"66":1,"67":2,"68":1,"69":1,"70":2,"71":1,"72":1,"73":1,"74":1,"75":1},"branchMap":{"0":{"type":"branch","line":18,"loc":{"start":{"line":18,"column":2},"end":{"line":45,"column":3}},"locations":[{"start":{"line":18,"column":2},"end":{"line":45,"column":3}}]},"1":{"type":"branch","line":47,"loc":{"start":{"line":47,"column":2},"end":{"line":55,"column":3}},"locations":[{"start":{"line":47,"column":2},"end":{"line":55,"column":3}}]},"2":{"type":"branch","line":50,"loc":{"start":{"line":50,"column":21},"end":{"line":54,"column":5}},"locations":[{"start":{"line":50,"column":21},"end":{"line":54,"column":5}}]},"3":{"type":"branch","line":57,"loc":{"start":{"line":57,"column":2},"end":{"line":65,"column":3}},"locations":[{"start":{"line":57,"column":2},"end":{"line":65,"column":3}}]},"4":{"type":"branch","line":61,"loc":{"start":{"line":61,"column":21},"end":{"line":63,"column":5}},"locations":[{"start":{"line":61,"column":21},"end":{"line":63,"column":5}}]},"5":{"type":"branch","line":67,"loc":{"start":{"line":67,"column":2},"end":{"line":71,"column":3}},"locations":[{"start":{"line":67,"column":2},"end":{"line":71,"column":3}}]},"6":{"type":"branch","line":68,"loc":{"start":{"line":68,"column":19},"end":{"line":70,"column":5}},"locations":[{"start":{"line":68,"column":19},"end":{"line":70,"column":5}}]},"7":{"type":"branch","line":73,"loc":{"start":{"line":73,"column":2},"end":{"line":73,"column":57}},"locations":[{"start":{"line":73,"column":2},"end":{"line":73,"column":57}}]},"8":{"type":"branch","line":74,"loc":{"start":{"line":74,"column":2},"end":{"line":74,"column":46}},"locations":[{"start":{"line":74,"column":2},"end":{"line":74,"column":46}}]},"9":{"type":"branch","line":75,"loc":{"start":{"line":75,"column":2},"end":{"line":75,"column":45}},"locations":[{"start":{"line":75,"column":2},"end":{"line":75,"column":45}}]}},"b":{"0":[18],"1":[9],"2":[7],"3":[6],"4":[4],"5":[2],"6":[1],"7":[8],"8":[1],"9":[1]},"fnMap":{"0":{"name":"Station","decl":{"start":{"line":18,"column":2},"end":{"line":45,"column":3}},"loc":{"start":{"line":18,"column":2},"end":{"line":45,"column":3}},"line":18},"1":{"name":"update","decl":{"start":{"line":47,"column":2},"end":{"line":55,"column":3}},"loc":{"start":{"line":47,"column":2},"end":{"line":55,"column":3}},"line":47},"2":{"name":"boardPassengers","decl":{"start":{"line":57,"column":2},"end":{"line":65,"column":3}},"loc":{"start":{"line":57,"column":2},"end":{"line":65,"column":3}},"line":57},"3":{"name":"deliverPassengers","decl":{"start":{"line":67,"column":2},"end":{"line":71,"column":3}},"loc":{"start":{"line":67,"column":2},"end":{"line":71,"column":3}},"line":67},"4":{"name":"getWaiting","decl":{"start":{"line":73,"column":2},"end":{"line":73,"column":57}},"loc":{"start":{"line":73,"column":2},"end":{"line":73,"column":57}},"line":73},"5":{"name":"getTrack","decl":{"start":{"line":74,"column":2},"end":{"line":74,"column":46}},"loc":{"start":{"line":74,"column":2},"end":{"line":74,"column":46}},"line":74},"6":{"name":"getTrackT","decl":{"start":{"line":75,"column":2},"end":{"line":75,"column":45}},"loc":{"start":{"line":75,"column":2},"end":{"line":75,"column":45}},"line":75}},"f":{"0":18,"1":9,"2":6,"3":2,"4":8,"5":1,"6":1}}
,"/home/runner/work/rail-sim/rail-sim/src/entities/Train.ts": {"path":"/home/runner/work/rail-sim/rail-sim/src/entities/Train.ts","all":false,"statementMap":{"0":{"start":{"line":1,"column":0},"end":{"line":1,"column":28}},"1":{"start":{"line":2,"column":0},"end":{"line":2,"column":46}},"2":{"start":{"line":3,"column":0},"end":{"line":3,"column":41}},"3":{"start":{"line":4,"column":0},"end":{"line":4,"column":73}},"4":{"start":{"line":5,"column":0},"end":{"line":5,"column":50}},"5":{"start":{"line":6,"column":0},"end":{"line":6,"column":48}},"6":{"start":{"line":7,"column":0},"end":{"line":7,"column":0}},"7":{"start":{"line":8,"column":0},"end":{"line":8,"column":64}},"8":{"start":{"line":9,"column":0},"end":{"line":9,"column":22}},"9":{"start":{"line":10,"column":0},"end":{"line":10,"column":1}},"10":{"start":{"line":11,"column":0},"end":{"line":11,"column":0}},"11":{"start":{"line":12,"column":0},"end":{"line":12,"column":65}},"12":{"start":{"line":13,"column":0},"end":{"line":13,"column":40}},"13":{"start":{"line":14,"column":0},"end":{"line":14,"column":26}},"14":{"start":{"line":15,"column":0},"end":{"line":15,"column":54}},"15":{"start":{"line":16,"column":0},"end":{"line":16,"column":53}},"16":{"start":{"line":17,"column":0},"end":{"line":17,"column":49}},"17":{"start":{"line":18,"column":0},"end":{"line":18,"column":37}},"18":{"start":{"line":19,"column":0},"end":{"line":19,"column":35}},"19":{"start":{"line":20,"column":0},"end":{"line":20,"column":56}},"20":{"start":{"line":21,"column":0},"end":{"line":21,"column":37}},"21":{"start":{"line":22,"column":0},"end":{"line":22,"column":32}},"22":{"start":{"line":23,"column":0},"end":{"line":23,"column":33}},"23":{"start":{"line":24,"column":0},"end":{"line":24,"column":42}},"24":{"start":{"line":25,"column":0},"end":{"line":25,"column":53}},"25":{"start":{"line":26,"column":0},"end":{"line":26,"column":0}},"26":{"start":{"line":27,"column":0},"end":{"line":27,"column":58}},"27":{"start":{"line":28,"column":0},"end":{"line":28,"column":17}},"28":{"start":{"line":29,"column":0},"end":{"line":29,"column":23}},"29":{"start":{"line":30,"column":0},"end":{"line":30,"column":34}},"30":{"start":{"line":31,"column":0},"end":{"line":31,"column":28}},"31":{"start":{"line":32,"column":0},"end":{"line":32,"column":36}},"32":{"start":{"line":33,"column":0},"end":{"line":33,"column":106}},"33":{"start":{"line":34,"column":0},"end":{"line":34,"column":105}},"34":{"start":{"line":35,"column":0},"end":{"line":35,"column":23}},"35":{"start":{"line":36,"column":0},"end":{"line":36,"column":0}},"36":{"start":{"line":37,"column":0},"end":{"line":37,"column":96}},"37":{"start":{"line":38,"column":0},"end":{"line":38,"column":87}},"38":{"start":{"line":39,"column":0},"end":{"line":39,"column":40}},"39":{"start":{"line":40,"column":0},"end":{"line":40,"column":68}},"40":{"start":{"line":41,"column":0},"end":{"line":41,"column":34}},"41":{"start":{"line":42,"column":0},"end":{"line":42,"column":30}},"42":{"start":{"line":43,"column":0},"end":{"line":43,"column":0}},"43":{"start":{"line":44,"column":0},"end":{"line":44,"column":47}},"44":{"start":{"line":45,"column":0},"end":{"line":45,"column":49}},"45":{"start":{"line":46,"column":0},"end":{"line":46,"column":32}},"46":{"start":{"line":47,"column":0},"end":{"line":47,"column":0}},"47":{"start":{"line":48,"column":0},"end":{"line":48,"column":47}},"48":{"start":{"line":49,"column":0},"end":{"line":49,"column":58}},"49":{"start":{"line":50,"column":0},"end":{"line":50,"column":39}},"50":{"start":{"line":51,"column":0},"end":{"line":51,"column":0}},"51":{"start":{"line":52,"column":0},"end":{"line":52,"column":51}},"52":{"start":{"line":53,"column":0},"end":{"line":53,"column":38}},"53":{"start":{"line":54,"column":0},"end":{"line":54,"column":3}},"54":{"start":{"line":55,"column":0},"end":{"line":55,"column":0}},"55":{"start":{"line":56,"column":0},"end":{"line":56,"column":45}},"56":{"start":{"line":57,"column":0},"end":{"line":57,"column":63}},"57":{"start":{"line":58,"column":0},"end":{"line":58,"column":64}},"58":{"start":{"line":59,"column":0},"end":{"line":59,"column":52}},"59":{"start":{"line":60,"column":0},"end":{"line":60,"column":45}},"60":{"start":{"line":61,"column":0},"end":{"line":61,"column":47}},"61":{"start":{"line":62,"column":0},"end":{"line":62,"column":115}},"62":{"start":{"line":63,"column":0},"end":{"line":63,"column":56}},"63":{"start":{"line":64,"column":0},"end":{"line":64,"column":5}},"64":{"start":{"line":65,"column":0},"end":{"line":65,"column":3}},"65":{"start":{"line":66,"column":0},"end":{"line":66,"column":0}},"66":{"start":{"line":67,"column":0},"end":{"line":67,"column":21}},"67":{"start":{"line":68,"column":0},"end":{"line":68,"column":21}},"68":{"start":{"line":69,"column":0},"end":{"line":69,"column":3}},"69":{"start":{"line":70,"column":0},"end":{"line":70,"column":0}},"70":{"start":{"line":71,"column":0},"end":{"line":71,"column":27}},"71":{"start":{"line":72,"column":0},"end":{"line":72,"column":26}},"72":{"start":{"line":73,"column":0},"end":{"line":73,"column":3}},"73":{"start":{"line":74,"column":0},"end":{"line":74,"column":0}},"74":{"start":{"line":75,"column":0},"end":{"line":75,"column":32}},"75":{"start":{"line":76,"column":0},"end":{"line":76,"column":35}},"76":{"start":{"line":77,"column":0},"end":{"line":77,"column":30}},"77":{"start":{"line":78,"column":0},"end":{"line":78,"column":47}},"78":{"start":{"line":79,"column":0},"end":{"line":79,"column":42}},"79":{"start":{"line":80,"column":0},"end":{"line":80,"column":99}},"80":{"start":{"line":81,"column":0},"end":{"line":81,"column":42}},"81":{"start":{"line":82,"column":0},"end":{"line":82,"column":36}},"82":{"start":{"line":83,"column":0},"end":{"line":83,"column":62}},"83":{"start":{"line":84,"column":0},"end":{"line":84,"column":5}},"84":{"start":{"line":85,"column":0},"end":{"line":85,"column":27}},"85":{"start":{"line":86,"column":0},"end":{"line":86,"column":3}},"86":{"start":{"line":87,"column":0},"end":{"line":87,"column":0}},"87":{"start":{"line":88,"column":0},"end":{"line":88,"column":29}},"88":{"start":{"line":89,"column":0},"end":{"line":89,"column":29}},"89":{"start":{"line":90,"column":0},"end":{"line":90,"column":3}},"90":{"start":{"line":91,"column":0},"end":{"line":91,"column":0}},"91":{"start":{"line":92,"column":0},"end":{"line":92,"column":34}},"92":{"start":{"line":93,"column":0},"end":{"line":93,"column":30}},"93":{"start":{"line":94,"column":0},"end":{"line":94,"column":3}},"94":{"start":{"line":95,"column":0},"end":{"line":95,"column":0}},"95":{"start":{"line":96,"column":0},"end":{"line":96,"column":40}},"96":{"start":{"line":97,"column":0},"end":{"line":97,"column":30}},"97":{"start":{"line":98,"column":0},"end":{"line":98,"column":3}},"98":{"start":{"line":99,"column":0},"end":{"line":99,"column":0}},"99":{"start":{"line":100,"column":0},"end":{"line":100,"column":45}},"100":{"start":{"line":101,"column":0},"end":{"line":101,"column":31}},"101":{"start":{"line":102,"column":0},"end":{"line":102,"column":3}},"102":{"start":{"line":103,"column":0},"end":{"line":103,"column":0}},"103":{"start":{"line":104,"column":0},"end":{"line":104,"column":27}},"104":{"start":{"line":105,"column":0},"end":{"line":105,"column":26}},"105":{"start":{"line":106,"column":0},"end":{"line":106,"column":3}},"106":{"start":{"line":107,"column":0},"end":{"line":107,"column":0}},"107":{"start":{"line":108,"column":0},"end":{"line":108,"column":32}},"108":{"start":{"line":109,"column":0},"end":{"line":109,"column":27}},"109":{"start":{"line":110,"column":0},"end":{"line":110,"column":16}},"110":{"start":{"line":111,"column":0},"end":{"line":111,"column":40}},"111":{"start":{"line":112,"column":0},"end":{"line":112,"column":12}},"112":{"start":{"line":113,"column":0},"end":{"line":113,"column":34}},"113":{"start":{"line":114,"column":0},"end":{"line":114,"column":5}},"114":{"start":{"line":115,"column":0},"end":{"line":115,"column":3}},"115":{"start":{"line":116,"column":0},"end":{"line":116,"column":0}},"116":{"start":{"line":117,"column":0},"end":{"line":117,"column":48}},"117":{"start":{"line":118,"column":0},"end":{"line":118,"column":27}},"118":{"start":{"line":119,"column":0},"end":{"line":119,"column":3}},"119":{"start":{"line":120,"column":0},"end":{"line":120,"column":0}},"120":{"start":{"line":121,"column":0},"end":{"line":121,"column":43}},"121":{"start":{"line":122,"column":0},"end":{"line":122,"column":36}},"122":{"start":{"line":123,"column":0},"end":{"line":123,"column":3}},"123":{"start":{"line":124,"column":0},"end":{"line":124,"column":0}},"124":{"start":{"line":125,"column":0},"end":{"line":125,"column":42}},"125":{"start":{"line":126,"column":0},"end":{"line":126,"column":35}},"126":{"start":{"line":127,"column":0},"end":{"line":127,"column":3}},"127":{"start":{"line":128,"column":0},"end":{"line":128,"column":0}},"128":{"start":{"line":129,"column":0},"end":{"line":129,"column":31}},"129":{"start":{"line":130,"column":0},"end":{"line":130,"column":27}},"130":{"start":{"line":131,"column":0},"end":{"line":131,"column":3}},"131":{"start":{"line":132,"column":0},"end":{"line":132,"column":0}},"132":{"start":{"line":133,"column":0},"end":{"line":133,"column":42}},"133":{"start":{"line":134,"column":0},"end":{"line":134,"column":79}},"134":{"start":{"line":135,"column":0},"end":{"line":135,"column":32}},"135":{"start":{"line":136,"column":0},"end":{"line":136,"column":20}},"136":{"start":{"line":137,"column":0},"end":{"line":137,"column":3}},"137":{"start":{"line":138,"column":0},"end":{"line":138,"column":0}},"138":{"start":{"line":139,"column":0},"end":{"line":139,"column":30}},"139":{"start":{"line":140,"column":0},"end":{"line":140,"column":38}},"140":{"start":{"line":141,"column":0},"end":{"line":141,"column":24}},"141":{"start":{"line":142,"column":0},"end":{"line":142,"column":21}},"142":{"start":{"line":143,"column":0},"end":{"line":143,"column":3}},"143":{"start":{"line":144,"column":0},"end":{"line":144,"column":1}}},"s":{"0":1,"1":1,"2":1,"3":1,"4":1,"5":1,"6":1,"7":1,"8":1,"9":1,"10":1,"11":1,"12":1,"13":1,"14":1,"15":1,"16":1,"17":1,"18":1,"19":1,"20":1,"21":1,"22":1,"23":1,"24":1,"25":1,"26":1,"27":29,"28":29,"29":29,"30":29,"31":29,"32":29,"33":29,"34":29,"35":29,"36":29,"37":29,"38":29,"39":29,"40":29,"41":29,"42":29,"43":29,"44":29,"45":29,"46":29,"47":29,"48":29,"49":29,"50":29,"51":29,"52":29,"53":29,"54":1,"55":1,"56":3,"57":3,"58":3,"59":1,"60":1,"61":1,"62":1,"63":1,"64":3,"65":1,"66":1,"67":5,"68":5,"69":1,"70":1,"71":5,"72":5,"73":1,"74":1,"75":5,"76":4,"77":4,"78":4,"79":4,"80":4,"81":4,"82":4,"83":4,"84":5,"85":5,"86":1,"87":1,"88":3,"89":3,"90":1,"91":1,"92":4,"93":4,"94":1,"95":1,"96":3,"97":3,"98":1,"99":1,"100":3,"101":3,"102":1,"103":1,"104":3,"105":3,"106":1,"107":1,"108":3,"109":3,"110":2,"111":3,"112":1,"113":1,"114":3,"115":1,"116":1,"117":2,"118":2,"119":1,"120":1,"121":4,"122":4,"123":1,"124":1,"125":4,"126":4,"127":1,"128":1,"129":4,"130":4,"131":1,"132":1,"133":5,"134":5,"135":5,"136":5,"137":1,"138":1,"139":2,"140":2,"141":2,"142":2,"143":1},"branchMap":{"0":{"type":"branch","line":27,"loc":{"start":{"line":27,"column":2},"end":{"line":54,"column":3}},"locations":[{"start":{"line":27,"column":2},"end":{"line":54,"column":3}}]},"1":{"type":"branch","line":56,"loc":{"start":{"line":56,"column":2},"end":{"line":65,"column":3}},"locations":[{"start":{"line":56,"column":2},"end":{"line":65,"column":3}}]},"2":{"type":"branch","line":59,"loc":{"start":{"line":59,"column":22},"end":{"line":59,"column":49}},"locations":[{"start":{"line":59,"column":22},"end":{"line":59,"column":49}}]},"3":{"type":"branch","line":59,"loc":{"start":{"line":59,"column":51},"end":{"line":64,"column":5}},"locations":[{"start":{"line":59,"column":51},"end":{"line":64,"column":5}}]},"4":{"type":"branch","line":67,"loc":{"start":{"line":67,"column":2},"end":{"line":69,"column":3}},"locations":[{"start":{"line":67,"column":2},"end":{"line":69,"column":3}}]},"5":{"type":"branch","line":71,"loc":{"start":{"line":71,"column":2},"end":{"line":73,"column":3}},"locations":[{"start":{"line":71,"column":2},"end":{"line":73,"column":3}}]},"6":{"type":"branch","line":75,"loc":{"start":{"line":75,"column":2},"end":{"line":86,"column":3}},"locations":[{"start":{"line":75,"column":2},"end":{"line":86,"column":3}}]},"7":{"type":"branch","line":76,"loc":{"start":{"line":76,"column":34},"end":{"line":84,"column":5}},"locations":[{"start":{"line":76,"column":34},"end":{"line":84,"column":5}}]},"8":{"type":"branch","line":88,"loc":{"start":{"line":88,"column":2},"end":{"line":90,"column":3}},"locations":[{"start":{"line":88,"column":2},"end":{"line":90,"column":3}}]},"9":{"type":"branch","line":92,"loc":{"start":{"line":92,"column":2},"end":{"line":94,"column":3}},"locations":[{"start":{"line":92,"column":2},"end":{"line":94,"column":3}}]},"10":{"type":"branch","line":96,"loc":{"start":{"line":96,"column":2},"end":{"line":98,"column":3}},"locations":[{"start":{"line":96,"column":2},"end":{"line":98,"column":3}}]},"11":{"type":"branch","line":100,"loc":{"start":{"line":100,"column":2},"end":{"line":102,"column":3}},"locations":[{"start":{"line":100,"column":2},"end":{"line":102,"column":3}}]},"12":{"type":"branch","line":104,"loc":{"start":{"line":104,"column":2},"end":{"line":106,"column":3}},"locations":[{"start":{"line":104,"column":2},"end":{"line":106,"column":3}}]},"13":{"type":"branch","line":108,"loc":{"start":{"line":108,"column":2},"end":{"line":115,"column":3}},"locations":[{"start":{"line":108,"column":2},"end":{"line":115,"column":3}}]},"14":{"type":"branch","line":110,"loc":{"start":{"line":110,"column":15},"end":{"line":112,"column":11}},"locations":[{"start":{"line":110,"column":15},"end":{"line":112,"column":11}}]},"15":{"type":"branch","line":112,"loc":{"start":{"line":112,"column":5},"end":{"line":114,"column":5}},"locations":[{"start":{"line":112,"column":5},"end":{"line":114,"column":5}}]},"16":{"type":"branch","line":117,"loc":{"start":{"line":117,"column":2},"end":{"line":119,"column":3}},"locations":[{"start":{"line":117,"column":2},"end":{"line":119,"column":3}}]},"17":{"type":"branch","line":121,"loc":{"start":{"line":121,"column":2},"end":{"line":123,"column":3}},"locations":[{"start":{"line":121,"column":2},"end":{"line":123,"column":3}}]},"18":{"type":"branch","line":125,"loc":{"start":{"line":125,"column":2},"end":{"line":127,"column":3}},"locations":[{"start":{"line":125,"column":2},"end":{"line":127,"column":3}}]},"19":{"type":"branch","line":129,"loc":{"start":{"line":129,"column":2},"end":{"line":131,"column":3}},"locations":[{"start":{"line":129,"column":2},"end":{"line":131,"column":3}}]},"20":{"type":"branch","line":133,"loc":{"start":{"line":133,"column":2},"end":{"line":137,"column":3}},"locations":[{"start":{"line":133,"column":2},"end":{"line":137,"column":3}}]},"21":{"type":"branch","line":139,"loc":{"start":{"line":139,"column":2},"end":{"line":143,"column":3}},"locations":[{"start":{"line":139,"column":2},"end":{"line":143,"column":3}}]}},"b":{"0":[29],"1":[3],"2":[2],"3":[1],"4":[5],"5":[5],"6":[5],"7":[4],"8":[3],"9":[4],"10":[3],"11":[3],"12":[3],"13":[3],"14":[2],"15":[1],"16":[2],"17":[4],"18":[4],"19":[4],"20":[5],"21":[2]},"fnMap":{"0":{"name":"Train","decl":{"start":{"line":27,"column":2},"end":{"line":54,"column":3}},"loc":{"start":{"line":27,"column":2},"end":{"line":54,"column":3}},"line":27},"1":{"name":"update","decl":{"start":{"line":56,"column":2},"end":{"line":65,"column":3}},"loc":{"start":{"line":56,"column":2},"end":{"line":65,"column":3}},"line":56},"2":{"name":"getUUID","decl":{"start":{"line":67,"column":2},"end":{"line":69,"column":3}},"loc":{"start":{"line":67,"column":2},"end":{"line":69,"column":3}},"line":67},"3":{"name":"get derailed","decl":{"start":{"line":71,"column":2},"end":{"line":73,"column":3}},"loc":{"start":{"line":71,"column":2},"end":{"line":73,"column":3}},"line":71},"4":{"name":"set derailed","decl":{"start":{"line":75,"column":2},"end":{"line":86,"column":3}},"loc":{"start":{"line":75,"column":2},"end":{"line":86,"column":3}},"line":75},"5":{"name":"get enginePower","decl":{"start":{"line":88,"column":2},"end":{"line":90,"column":3}},"loc":{"start":{"line":88,"column":2},"end":{"line":90,"column":3}},"line":88},"6":{"name":"set enginePower","decl":{"start":{"line":92,"column":2},"end":{"line":94,"column":3}},"loc":{"start":{"line":92,"column":2},"end":{"line":94,"column":3}},"line":92},"7":{"name":"get currentTrack","decl":{"start":{"line":96,"column":2},"end":{"line":98,"column":3}},"loc":{"start":{"line":96,"column":2},"end":{"line":98,"column":3}},"line":96},"8":{"name":"set currentTrack","decl":{"start":{"line":100,"column":2},"end":{"line":102,"column":3}},"loc":{"start":{"line":100,"column":2},"end":{"line":102,"column":3}},"line":100},"9":{"name":"get selected","decl":{"start":{"line":104,"column":2},"end":{"line":106,"column":3}},"loc":{"start":{"line":104,"column":2},"end":{"line":106,"column":3}},"line":104},"10":{"name":"set selected","decl":{"start":{"line":108,"column":2},"end":{"line":115,"column":3}},"loc":{"start":{"line":108,"column":2},"end":{"line":115,"column":3}},"line":108},"11":{"name":"getMatterBody","decl":{"start":{"line":117,"column":2},"end":{"line":119,"column":3}},"loc":{"start":{"line":117,"column":2},"end":{"line":119,"column":3}},"line":117},"12":{"name":"get pidControllerFront","decl":{"start":{"line":121,"column":2},"end":{"line":123,"column":3}},"loc":{"start":{"line":121,"column":2},"end":{"line":123,"column":3}},"line":121},"13":{"name":"get pidControllerRear","decl":{"start":{"line":125,"column":2},"end":{"line":127,"column":3}},"loc":{"start":{"line":125,"column":2},"end":{"line":127,"column":3}},"line":125},"14":{"name":"getPassengerCount","decl":{"start":{"line":129,"column":2},"end":{"line":131,"column":3}},"loc":{"start":{"line":129,"column":2},"end":{"line":131,"column":3}},"line":129},"15":{"name":"boardPassengers","decl":{"start":{"line":133,"column":2},"end":{"line":137,"column":3}},"loc":{"start":{"line":133,"column":2},"end":{"line":137,"column":3}},"line":133},"16":{"name":"unloadPassengers","decl":{"start":{"line":139,"column":2},"end":{"line":143,"column":3}},"loc":{"start":{"line":139,"column":2},"end":{"line":143,"column":3}},"line":139}},"f":{"0":29,"1":3,"2":5,"3":5,"4":5,"5":3,"6":4,"7":3,"8":3,"9":3,"10":3,"11":2,"12":4,"13":4,"14":4,"15":5,"16":2}}
,"/home/runner/work/rail-sim/rail-sim/src/managers/GameStateManager.ts": {"path":"/home/runner/work/rail-sim/rail-sim/src/managers/GameStateManager.ts","all":false,"statementMap":{"0":{"start":{"line":1,"column":0},"end":{"line":1,"column":48}},"1":{"start":{"line":2,"column":0},"end":{"line":2,"column":54}},"2":{"start":{"line":3,"column":0},"end":{"line":3,"column":0}},"3":{"start":{"line":4,"column":0},"end":{"line":4,"column":67}},"4":{"start":{"line":5,"column":0},"end":{"line":5,"column":0}},"5":{"start":{"line":6,"column":0},"end":{"line":6,"column":25}},"6":{"start":{"line":7,"column":0},"end":{"line":7,"column":19}},"7":{"start":{"line":8,"column":0},"end":{"line":8,"column":16}},"8":{"start":{"line":9,"column":0},"end":{"line":9,"column":22}},"9":{"start":{"line":10,"column":0},"end":{"line":10,"column":23}},"10":{"start":{"line":11,"column":0},"end":{"line":11,"column":32}},"11":{"start":{"line":12,"column":0},"end":{"line":12,"column":1}},"12":{"start":{"line":13,"column":0},"end":{"line":13,"column":0}},"13":{"start":{"line":14,"column":0},"end":{"line":14,"column":29}},"14":{"start":{"line":15,"column":0},"end":{"line":15,"column":33}},"15":{"start":{"line":16,"column":0},"end":{"line":16,"column":18}},"16":{"start":{"line":17,"column":0},"end":{"line":17,"column":13}},"17":{"start":{"line":18,"column":0},"end":{"line":18,"column":19}},"18":{"start":{"line":19,"column":0},"end":{"line":19,"column":20}},"19":{"start":{"line":20,"column":0},"end":{"line":20,"column":25}},"20":{"start":{"line":21,"column":0},"end":{"line":21,"column":4}},"21":{"start":{"line":22,"column":0},"end":{"line":22,"column":0}},"22":{"start":{"line":23,"column":0},"end":{"line":23,"column":52}},"23":{"start":{"line":24,"column":0},"end":{"line":24,"column":49}},"24":{"start":{"line":25,"column":0},"end":{"line":25,"column":61}},"25":{"start":{"line":26,"column":0},"end":{"line":26,"column":63}},"26":{"start":{"line":27,"column":0},"end":{"line":27,"column":74}},"27":{"start":{"line":28,"column":0},"end":{"line":28,"column":0}},"28":{"start":{"line":29,"column":0},"end":{"line":29,"column":37}},"29":{"start":{"line":30,"column":0},"end":{"line":30,"column":105}},"30":{"start":{"line":31,"column":0},"end":{"line":31,"column":3}},"31":{"start":{"line":32,"column":0},"end":{"line":32,"column":0}},"32":{"start":{"line":33,"column":0},"end":{"line":33,"column":34}},"33":{"start":{"line":34,"column":0},"end":{"line":34,"column":30}},"34":{"start":{"line":35,"column":0},"end":{"line":35,"column":3}},"35":{"start":{"line":36,"column":0},"end":{"line":36,"column":0}},"36":{"start":{"line":37,"column":0},"end":{"line":37,"column":33}},"37":{"start":{"line":38,"column":0},"end":{"line":38,"column":40}},"38":{"start":{"line":39,"column":0},"end":{"line":39,"column":41}},"39":{"start":{"line":40,"column":0},"end":{"line":40,"column":5}},"40":{"start":{"line":41,"column":0},"end":{"line":41,"column":3}},"41":{"start":{"line":42,"column":0},"end":{"line":42,"column":0}},"42":{"start":{"line":43,"column":0},"end":{"line":43,"column":40}},"43":{"start":{"line":44,"column":0},"end":{"line":44,"column":35}},"44":{"start":{"line":45,"column":0},"end":{"line":45,"column":3}},"45":{"start":{"line":46,"column":0},"end":{"line":46,"column":0}},"46":{"start":{"line":47,"column":0},"end":{"line":47,"column":17}},"47":{"start":{"line":48,"column":0},"end":{"line":48,"column":40}},"48":{"start":{"line":49,"column":0},"end":{"line":49,"column":33}},"49":{"start":{"line":50,"column":0},"end":{"line":50,"column":39}},"50":{"start":{"li
[...]
:54}},"141":{"start":{"line":142,"column":0},"end":{"line":142,"column":23}},"142":{"start":{"line":143,"column":0},"end":{"line":143,"column":26}},"143":{"start":{"line":144,"column":0},"end":{"line":144,"column":25}},"144":{"start":{"line":145,"column":0},"end":{"line":145,"column":6}},"145":{"start":{"line":146,"column":0},"end":{"line":146,"column":1}},"146":{"start":{"line":147,"column":0},"end":{"line":147,"column":0}},"147":{"start":{"line":148,"column":0},"end":{"line":148,"column":28}},"148":{"start":{"line":149,"column":0},"end":{"line":149,"column":23}},"149":{"start":{"line":150,"column":0},"end":{"line":150,"column":23}},"150":{"start":{"line":151,"column":0},"end":{"line":151,"column":23}},"151":{"start":{"line":152,"column":0},"end":{"line":152,"column":34}},"152":{"start":{"line":153,"column":0},"end":{"line":153,"column":29}},"153":{"start":{"line":154,"column":0},"end":{"line":154,"column":33}},"154":{"start":{"line":155,"column":0},"end":{"line":155,"column":80}},"155":{"start":{"line":156,"column":0},"end":{"line":156,"column":21}},"156":{"start":{"line":157,"column":0},"end":{"line":157,"column":21}},"157":{"start":{"line":158,"column":0},"end":{"line":158,"column":21}},"158":{"start":{"line":159,"column":0},"end":{"line":159,"column":31}},"159":{"start":{"line":160,"column":0},"end":{"line":160,"column":26}},"160":{"start":{"line":161,"column":0},"end":{"line":161,"column":5}},"161":{"start":{"line":162,"column":0},"end":{"line":162,"column":0}},"162":{"start":{"line":163,"column":0},"end":{"line":163,"column":22}},"163":{"start":{"line":164,"column":0},"end":{"line":164,"column":28}},"164":{"start":{"line":165,"column":0},"end":{"line":165,"column":32}},"165":{"start":{"line":166,"column":0},"end":{"line":166,"column":0}},"166":{"start":{"line":167,"column":0},"end":{"line":167,"column":24}},"167":{"start":{"line":168,"column":0},"end":{"line":168,"column":51}},"168":{"start":{"line":169,"column":0},"end":{"line":169,"column":40}},"169":{"start":{"line":170,"column":0},"end":{"line":170,"column":0}},"170":{"start":{"line":171,"column":0},"end":{"line":171,"column":36}},"171":{"start":{"line":172,"column":0},"end":{"line":172,"column":75}},"172":{"start":{"line":173,"column":0},"end":{"line":173,"column":0}},"173":{"start":{"line":174,"column":0},"end":{"line":174,"column":53}},"174":{"start":{"line":175,"column":0},"end":{"line":175,"column":35}},"175":{"start":{"line":176,"column":0},"end":{"line":176,"column":0}},"176":{"start":{"line":177,"column":0},"end":{"line":177,"column":36}},"177":{"start":{"line":178,"column":0},"end":{"line":178,"column":25}},"178":{"start":{"line":179,"column":0},"end":{"line":179,"column":5}},"179":{"start":{"line":180,"column":0},"end":{"line":180,"column":0}},"180":{"start":{"line":181,"column":0},"end":{"line":181,"column":36}},"181":{"start":{"line":182,"column":0},"end":{"line":182,"column":34}},"182":{"start":{"line":183,"column":0},"end":{"line":183,"column":5}},"183":{"start":{"line":184,"column":0},"end":{"line":184,"column":1}}},"s":{"0":1,"1":1,"2":1,"3":3,"4":3,"5":3,"6":3,"7":3,"8":1,"9":1,"10":1,"11":2,"12":2,"13":2,"14":2,"15":2,"16":2,"17":2,"18":1,"19":16,"20":16,"21":16,"22":1,"23":5,"24":5,"25":5,"26":5,"27":5,"28":5,"29":71,"30":71,"31":71,"32":71,"33":0,"34":0,"35":0,"36":71,"37":71,"38":71,"39":71,"40":71,"41":1,"42":1,"43":1,"44":70,"45":70,"46":70,"47":4,"48":4,"49":4,"50":1,"51":76,"52":76,"53":76,"54":76,"55":76,"56":76,"57":76,"58":76,"59":76,"60":76,"61":76,"62":76,"63":1,"64":4,"65":4,"66":4,"67":4,"68":4,"69":4,"70":4,"71":3,"72":3,"73":3,"74":3,"75":3,"76":3,"77":3,"78":3,"79":3,"80":3,"81":4,"82":4,"83":4,"84":4,"85":4,"86":4,"87":4,"88":1,"89":5,"90":5,"91":5,"92":5,"93":10,"94":10,"95":10,"96":10,"97":10,"98":10,"99":10,"100":10,"101":10,"102":10,"103":10,"104":10,"105":10,"106":10,"107":10,"108":10,"109":10,"110":5,"111":5,"112":5,"113":1,"114":1,"115":1,"116":1,"117":1,"118":1,"119":1,"120":1,"121":1,"122":1,"123":1,"124":1,"125":1,"126":1,"127":1,"128":1,"129":1,"130":1,"131":1,"132":1,"133":1,"134":1,"135":1,"136":1,"137":1,"138":1,"139":1,"140":6,"141":6,"142":6,"143":6,"144":6,"145":6,"146":1,"147":1,"148":1,"149":1,"150":1,"151":1,"152":1,"153":1,"154":1,"155":66,"156":66,"157":66,"158":66,"159":66,"160":66,"161":1,"162":1,"163":8,"164":8,"165":8,"166":8,"167":8,"168":8,"169":8,"170":8,"171":8,"172":8,"173":8,"174":8,"175":8,"176":8,"177":8,"178":8,"179":1,"180":1,"181":12,"182":12,"183":1},"branchMap":{"0":{"type":"branch","line":4,"loc":{"start":{"line":4,"column":0},"end":{"line":18,"column":1}},"locations":[{"start":{"line":4,"column":0},"end":{"line":18,"column":1}}]},"1":{"type":"branch","line":8,"loc":{"start":{"line":8,"column":24},"end":{"line":11,"column":5}},"locations":[{"start":{"line":8,"column":24},"end":{"line":11,"column":5}}]},"2":{"type":"branch","line":12,"loc":{"start":{"line":12,"column":-1},"end":{"line":18,"column":1}},"locations":[{"start":{"line":12,"column":-1},"end":{"line":18,"column":1}}]},"3":{"type":"branch","line":20,"loc":{"start":{"line":20,"column":0},"end":{"line":22,"column":1}},"locations":[{"start":{"line":20,"column":0},"end":{"line":22,"column":1}}]},"4":{"type":"branch","line":24,"loc":{"start":{"line":24,"column":0},"end":{"line":50,"column":1}},"locations":[{"start":{"line":24,"column":0},"end":{"line":50,"column":1}}]},"5":{"type":"branch","line":29,"loc":{"start":{"line":29,"column":37},"end":{"line":47,"column":5}},"locations":[{"start":{"line":29,"column":37},"end":{"line":47,"column":5}}]},"6":{"type":"branch","line":33,"loc":{"start":{"line":33,"column":50},"end":{"line":36,"column":9}},"locations":[{"start":{"line":33,"column":50},"end":{"line":36,"column":9}}]},"7":{"type":"branch","line":41,"loc":{"start":{"line":41,"column":46},"end":{"line":44,"column":9}},"locations":[{"start":{"line":41,"column":46},"end":{"line":44,"column":9}}]},"8":{"type":"branch","line":45,"loc":{"start":{"line":45,"column":-1},"end":{"line":47,"column":5}},"locations":[{"start":{"line":45,"column":-1},"end":{"line":47,"column":5}}]},"9":{"type":"branch","line":48,"loc":{"start":{"line":48,"column":-1},"end":{"line":50,"column":1}},"locations":[{"start":{"line":48,"column":-1},"end":{"line":50,"column":1}}]},"10":{"type":"branch","line":52,"loc":{"start":{"line":52,"column":0},"end":{"line":63,"column":1}},"locations":[{"start":{"line":52,"column":0},"end":{"line":63,"column":1}}]},"11":{"type":"branch","line":65,"loc":{"start":{"line":65,"column":0},"end":{"line":88,"column":1}},"locations":[{"start":{"line":65,"column":0},"end":{"line":88,"column":1}}]},"12":{"type":"branch","line":71,"loc":{"start":{"line":71,"column":48},"end":{"line":81,"column":5}},"locations":[{"start":{"line":71,"column":48},"end":{"line":81,"column":5}}]},"13":{"type":"branch","line":90,"loc":{"start":{"line":90,"column":0},"end":{"line":113,"column":1}},"locations":[{"start":{"line":90,"column":0},"end":{"line":113,"column":1}}]},"14":{"type":"branch","line":93,"loc":{"start":{"line":93,"column":48},"end":{"line":110,"column":5}},"locations":[{"start":{"line":93,"column":48},"end":{"line":110,"column":5}}]},"15":{"type":"branch","line":94,"loc":{"start":{"line":94,"column":29},"end":{"line":94,"column":40}},"locations":[{"start":{"line":94,"column":29},"end":{"line":94,"column":40}}]},"16":{"type":"branch","line":94,"loc":{"start":{"line":94,"column":41},"end":{"line":94,"column":56}},"locations":[{"start":{"line":94,"column":41},"end":{"line":94,"column":56}}]},"17":{"type":"branch","line":97,"loc":{"start":{"line":97,"column":45},"end":{"line":97,"column":60}},"locations":[{"start":{"line":97,"column":45},"end":{"line":97,"column":60}}]},"18":{"type":"branch","line":97,"loc":{"start":{"line":97,"column":61},"end":{"line":97,"column":76}},"locations":[{"start":{"line":97,"column":61},"end":{"line":97,"column":76}}]},"19":{"type":"branch","line":141,"loc":{"start":{"line":141,"column":0},"end":{"line":146,"column":1}},"locations":[{"start":{"line":141,"column":0},"end":{"line":146,"column":1}}]},"20":{"type":"branch","line":155,"loc":{"start":{"line":155,"column":4},"end":{"line":161,"column":5}},"locations":[{"start":{"line":155,"column":4},"end":{"line":161,"column":5}}]},"21":{"type":"branch","line":163,"loc":{"start":{"line":163,"column":4},"end":{"line":179,"column":5}},"locations":[{"start":{"line":163,"column":4},"end":{"line":179,"column":5}}]},"22":{"type":"branch","line":181,"loc":{"start":{"line":181,"column":4},"end":{"line":183,"column":5}},"locations":[{"start":{"line":181,"column":4},"end":{"line":183,"column":5}}]}},"b":{"0":[3],"1":[1],"2":[2],"3":[16],"4":[5],"5":[71],"6":[0],"7":[1],"8":[70],"9":[4],"10":[76],"11":[4],"12":[3],"13":[5],"14":[10],"15":[5],"16":[5],"17":[5],"18":[5],"19":[6],"20":[66],"21":[8],"22":[12]},"fnMap":{"0":{"name":"projectVector","decl":{"start":{"line":4,"column":0},"end":{"line":18,"column":1}},"loc":{"start":{"line":4,"column":0},"end":{"line":18,"column":1}},"line":4},"1":{"name":"qVec","decl":{"start":{"line":20,"column":0},"end":{"line":22,"column":1}},"loc":{"start":{"line":20,"column":0},"end":{"line":22,"column":1}},"line":20},"2":{"name":"isCurveTight","decl":{"start":{"line":24,"column":0},"end":{"line":50,"column":1}},"loc":{"start":{"line":24,"column":0},"end":{"line":50,"column":1}},"line":24},"3":{"name":"calculateTangent","decl":{"start":{"line":52,"column":0},"end":{"line":63,"column":1}},"loc":{"start":{"line":52,"column":0},"end":{"line":63,"column":1}},"line":52},"4":{"name":"toBezierPoints","decl":{"start":{"line":65,"column":0},"end":{"line":88,"column":1}},"loc":{"start":{"line":65,"column":0},"end":{"line":88,"column":1}},"line":65},"5":{"name":"toCubicBezierPoints","decl":{"start":{"line":90,"column":0},"end":{"line":113,"column":1}},"loc":{"start":{"line":90,"column":0},"end":{"line":113,"column":1}},"line":90},"6":{"name":"midPoint","decl":{"start":{"line":141,"column":0},"end":{"line":146,"column":1}},"loc":{"start":{"line":141,"column":0},"end":{"line":146,"column":1}},"line":141},"7":{"name":"PIDController","decl":{"start":{"line":155,"column":4},"end":{"line":161,"column":5}},"loc":{"start":{"line":155,"column":4},"end":{"line":161,"column":5}},"line":155},"8":{"name":"calculate","decl":{"start":{"line":163,"column":4},"end":{"line":179,"column":5}},"loc":{"start":{"line":163,"column":4},"end":{"line":179,"column":5}},"line":163},"9":{"name":"setCurrentDelta","decl":{"start":{"line":181,"column":4},"end":{"line":183,"column":5}},"loc":{"start":{"line":181,"column":4},"end":{"line":183,"column":5}},"line":181}},"f":{"0":3,"1":16,"2":5,"3":76,"4":4,"5":5,"6":6,"7":66,"8":8,"9":12}}
,"/home/runner/work/rail-sim/rail-sim/src/utils/physics.ts": {"path":"/home/runner/work/rail-sim/rail-sim/src/utils/physics.ts","all":false,"statementMap":{"0":{"start":{"line":1,"column":0},"end":{"line":1,"column":43}},"1":{"start":{"line":2,"column":0},"end":{"line":2,"column":28}},"2":{"start":{"line":3,"column":0},"end":{"line":3,"column":50}},"3":{"start":{"line":4,"column":0},"end":{"line":4,"column":37}},"4":{"start":{"line":5,"column":0},"end":{"line":5,"column":59}},"5":{"start":{"line":6,"column":0},"end":{"line":6,"column":40}},"6":{"start":{"line":7,"column":0},"end":{"line":7,"column":0}},"7":{"start":{"line":8,"column":0},"end":{"line":8,"column":0}},"8":{"start":{"line":9,"column":0},"end":{"line":9,"column":131}},"9":{"start":{"line":10,"column":0},"end":{"line":10,"column":54}},"10":{"start":{"line":11,"column":0},"end":{"line":11,"column":44}},"11":{"start":{"line":12,"column":0},"end":{"line":12,"column":56}},"12":{"start":{"line":13,"column":0},"end":{"line":13,"column":0}},"13":{"start":{"line":14,"column":0},"end":{"line":14,"column":87}},"14":{"start":{"line":15,"column":0},"end":{"line":15,"column":88}},"15":{"start":{"line":16,"column":0},"end":{"line":16,"column":40}},"16":{"start":{"line":17,"column":0},"end":{"line":17,"column":83}},"17":{"start":{"line":18,"column":0},"end":{"line":18,"column":0}},"18":{"start":{"line":19,"column":0},"end":{"line":19,"column":24}},"19":{"start":{"line":20,"column":0},"end":{"line":20,"column":41}},"20":{"start":{"line":21,"column":0},"end":{"line":21,"column":78}},"21":{"start":{"line":22,"column":0},"end":{"line":22,"column":80}},"22":{"start":{"line":23,"column":0},"end":{"line":23,"column":58}},"23":{"start":{"line":24,"column":0},"end":{"line":24,"column":24}},"24":{"start":{"line":25,"column":0},"end":{"line":25,"column":80}},"25":{"start":{"line":26,"column":0},"end":{"line":26,"column":63}},"26":{"start":{"line":27,"column":0},"end":{"line":27,"column":56}},"27":{"start":{"line":28,"column":0},"end":{"line":28,"column":9}},"28":{"start":{"line":29,"column":0},"end":{"line":29,"column":5}},"29":{"start":{"line":30,"column":0},"end":{"line":30,"column":0}},"30":{"start":{"line":31,"column":0},"end":{"line":31,"column":23}},"31":{"start":{"line":32,"column":0},"end":{"line":32,"column":0}},"32":{"start":{"line":33,"column":0},"end":{"line":33,"column":1}},"33":{"start":{"line":34,"column":0},"end":{"line":34,"column":0}},"34":{"start":{"line":35,"column":0},"end":{"line":35,"column":116}},"35":{"start":{"line":36,"column":0},"end":{"line":36,"column":35}},"36":{"start":{"line":37,"column":0},"end":{"line":37,"column":46}},"37":{"start":{"line":38,"column":0},"end":{"line":38,"column":0}},"38":{"start":{"line":39,"column":0},"end":{"line":39,"column":35}},"39":{"start":{"line":40,"column":0},"end":{"line":40,"column":54}},"40":{"start":{"line":41,"column":0},"end":{"line":41,"column":0}},"41":{"start":{"line":42,"column":0},"end":{"line":42,"column":35}},"42":{"start":{"line":43,"column":0},"end":{"line":43,"column":45}},"43":{"start":{"line":44,"column":0},"end":{"line":44,"column":47}},"44":{"start":{"line":45,"column":0},"end":{"line":45,"column":0}},"45":{"start":{"line":46,"column":0},"end":{"line":46,"column":0}},"46":{"start":{"line":47,"column":0},"end":{"line":47,"column":56}},"47":{"start":{"line":48,"column":0},"end":{"line":48,"column":0}},"48":{"start":{"line":49,"column":0},"end":{"line":49,"column":85}},"49":{"start":{"line":50,"column":0},"end":{"line":50,"column":25}},"50":{"start":{"line":51,"column":0},"end":{"line":51,"column":32}},"51":{"start":{"line":52,"column":0},"end":{"line":52,"column":32}},"52":{"start":{"line":53,"column":0},"end":{"line":53,"column":37}},"53":{"start":{"line":54,"column":0},"end":{"line":54,"column":6}},"54":{"start":{"line":55,"column":0},"end":{"line":55,"column":0}},"55":{"start":{"line":56,"column":0},"end":{"line":56,"column":48}},"56":{"start":{"line":57,"column":0},"end":{"line":57,"column":40}},"57":{"start":{"line":58,"column":0},"end":{"line":58,"column":0}},"58":{"start":{"line":59,"column":0},"end":{"line":59,"column":75}},"59":{"start":{"line":60,"column":0},"end":{"line":60,"column":62}},"60":{"start":{"line":61,"column":0},"end":{"line":61,"column":57}},"61":{"start":{"line":62,"column":0},"end":{"line":62,"column":0}},"62":{"start":{"line":63,"column":0},"end":{"line":63,"column":44}},"63":{"start":{"line":64,"column":0},"end":{"line":64,"column":44}},"64":{"start":{"line":65,"column":0},"end":{"line":65,"column":50}},"65":{"start":{"line":66,"column":0},"end":{"line":66,"column":0}},"66":{"start":{"line":67,"column":0},"end":{"line":67,"column":56}},"67":{"start":{"line":68,"column":0},"end":{"line":68,"column":40}},"68":{"start":{"line":69,"column":0},"end":{"line":69,"column":0}},"69":{"start":{"line":70,"column":0},"end":{"line":70,"column":36}},"70":{"start":{"line":71,"column":0},"end":{"line":71,"column":37}},"71":{"start":{"line":72,"column":0},"end":{"line":72,"column":1}},"72":{"start":{"line":73,"column":0},"end":{"line":73,"column":0}},"73":{"start":{"line":74,"column":0},"end":{"line":74,"column":0}},"74":{"start":{"line":75,"column":0},"end":{"line":75,"column":112}},"75":{"start":{"line":76,"column":0},"end":{"line":76,"column":105}},"76":{"start":{"line":77,"column":0},"end":{"line":77,"column":125}},"77":{"start":{"line":78,"column":0},"end":{"line":78,"column":4}},"78":{"start":{"line":79,"column":0},"end":{"line":79,"column":71}},"79":{"start":{"line":80,"column":0},"end":{"line":80,"column":92}},"80":{"start":{"line":81,"column":0},"end":{"line":81,"column":4}},"81":{"start":{"line":82,"column":0},"end":{"line":82,"column":56}},"82":{"start":{"line":83,"column":0},"end":{"line":83,"column":103}},"83":{"start":{"line":84,"column":0},"end":{"line":84,"column":61}},"84":{"start":{"line":85,"column":0},"end":{"line":85,"column":4}},"85":{"start":{"line":86,"column":0},"end":{"line":86,"column":82}},"86":{"start":{"line":87,"column":0},"end":{"line":87,"column":35}},"87":{"start":{"line":88,"column":0},"end":{"line":88,"column":46}},"88":{"start":{"line":89,"column":0},"end":{"line":89,"column":45}},"89":{"start":{"line":90,"column":0},"end":{"line":90,"column":6}},"90":{"start":{"line":91,"column":0},"end":{"line":91,"column":1}},"91":{"start":{"line":92,"column":0},"end":{"line":92,"column":0}},"92":{"start":{"line":93,"column":0},"end":{"line":93,"column":86}},"93":{"start":{"line":94,"column":0},"end":{"line":94,"column":44}},"94":{"start":{"line":95,"column":0},"end":{"line":95,"column":45}},"95":{"start":{"line":96,"column":0},"end":{"line":96,"column":45}},"96":{"start":{"line":97,"column":0},"end":{"line":97,"column":1}}},"s":{"0":1,"1":1,"2":1,"3":1,"4":1,"5":1,"6":1,"7":1,"8":14,"9":14,"10":14,"11":14,"12":14,"13":14,"14":14,"15":14,"16":14,"17":14,"18":14,"19":10,"20":10,"21":10,"22":10,"23":10,"24":8,"25":8,"26":8,"27":8,"28":10,"29":14,"30":14,"31":14,"32":14,"33":1,"34":38,"35":38,"36":38,"37":38,"38":38,"39":38,"40":38,"41":38,"42":38,"43":38,"44":38,"45":38,"46":38,"47":38,"48":38,"49":38,"50":38,"51":38,"52":38,"53":38,"54":38,"55":38,"56":38,"57":38,"58":38,"59":38,"60":38,"61":38,"62":38,"63":38,"64":38,"65":38,"66":38,"67":38,"68":38,"69":38,"70":38,"71":38,"72":1,"73":1,"74":4,"75":4,"76":4,"77":4,"78":4,"79":4,"80":4,"81":4,"82":4,"83":4,"84":4,"85":4,"86":4,"87":4,"88":4,"89":4,"90":4,"91":1,"92":5,"93":5,"94":5,"95":5,"96":5},"branchMap":{"0":{"type":"branch","line":9,"loc":{"start":{"line":9,"column":0},"end":{"line":33,"column":1}},"locations":[{"start":{"line":9,"column":0},"end":{"line":33,"column":1}}]},"1":{"type":"branch","line":19,"loc":{"start":{"line":19,"column":23},"end":{"line":29,"column":5}},"locations":[{"start":{"line":19,"column":23},"end":{"line":29,"column":5}}]},"2":{"type":"branch","line":24,"loc":{"start":{"line":24,"column":23},"end":{"line":28,"column":9}},"locations":[{"start":{"line":24,"column":23},"end":{"line":28,"column":9}}]},"3":{"type":"branch","line":35,"loc":{"start":{"line":35,"column":0},"end":{"line":72,"column":1}},"locations":[{"start":{"line":35,"column":0},"end":{"line":72,"column":1}}]},"4":{"type":"branch","line":75,"loc":{"start":{"line":75,"column":0},"end":{"line":91,"column":1}},"locations":[{"start":{"line":75,"column":0},"end":{"line":91,"column":1}}]},"5":{"type":"branch","line":93,"loc":{"start":{"line":93,"column":0},"end":{"line":97,"column":1}},"locations":[{"start":{"line":93,"column":0},"end":{"line":97,"column":1}}]}},"b":{"0":[14],"1":[10],"2":[8],"3":[38],"4":[4],"5":[5]},"fnMap":{"0":{"name":"guideForceTowardsPoint","decl":{"start":{"line":9,"column":0},"end":{"line":33,"column":1}},"loc":{"start":{"line":9,"column":0},"end":{"line":33,"column":1}},"line":9},"1":{"name":"matterScaling","decl":{"start":{"line":35,"column":0},"end":{"line":72,"column":1}},"loc":{"start":{"line":35,"column":0},"end":{"line":72,"column":1}},"line":35},"2":{"name":"limitForceToLateralApplication","decl":{"start":{"line":75,"column":0},"end":{"line":91,"column":1}},"loc":{"start":{"line":75,"column":0},"end":{"line":91,"column":1}},"line":75},"3":{"name":"applyForceToGameObject","decl":{"start":{"line":93,"column":0},"end":{"line":97,"column":1}},"loc":{"start":{"line":93,"column":0},"end":{"line":97,"column":1}},"line":93}},"f":{"0":14,"1":38,"2":4,"3":5}}
}
