TN:
SF:src/config/GameConfig.ts
FNF:0
FNH:0
DA:1,1
DA:2,1
DA:3,1
DA:4,1
DA:5,1
DA:6,1
DA:7,1
DA:8,1
DA:9,1
DA:10,1
DA:11,1
DA:12,1
DA:13,1
DA:14,1
DA:15,1
DA:16,1
DA:17,1
DA:18,1
DA:19,1
DA:20,1
DA:21,1
DA:22,1
DA:23,1
DA:24,1
DA:25,1
DA:26,1
DA:27,1
DA:28,1
DA:29,1
DA:30,1
DA:31,1
DA:32,1
LF:32
LH:32
BRF:0
BRH:0
end_of_record
TN:
SF:src/config/LevelData.ts
FNF:0
FNH:0
DA:1,1
DA:2,1
DA:3,1
DA:4,1
DA:5,1
DA:6,1
DA:7,1
DA:8,1
DA:9,1
DA:10,1
DA:11,1
DA:12,1
DA:13,1
DA:14,1
DA:15,1
DA:16,1
DA:17,1
DA:18,1
DA:19,1
DA:20,1
DA:21,1
DA:22,1
DA:23,1
DA:24,1
DA:25,1
DA:26,1
DA:27,1
DA:28,1
DA:29,1
DA:30,1
DA:31,1
DA:32,1
DA:33,1
DA:34,1
DA:35,1
DA:36,1
DA:37,1
DA:38,1
DA:39,1
DA:40,1
DA:41,1
DA:42,1
DA:43,1
DA:44,1
DA:45,1
DA:46,1
DA:47,1
DA:48,1
DA:49,1
DA:50,1
DA:51,1
DA:52,1
DA:53,1
DA:54,1
DA:55,1
DA:56,1
DA:57,1
DA:58,1
DA:59,1
DA:60,1
DA:61,1
LF:61
LH:61
BRF:0
BRH:0
end_of_record
TN:
SF:src/config/WorldData.ts
FN:73,createEmptyWorld
FNF:1
FNH:1
FNDA:51,createEmptyWorld
DA:1,1
DA:2,1
DA:3,1
DA:4,1
DA:5,1
DA:6,1
DA:7,1
DA:8,1
DA:9,1
DA:10,1
DA:11,1
DA:12,1
DA:13,1
DA:14,1
DA:15,1
DA:16,1
DA:17,1
DA:18,1
DA:19,1
DA:20,1
DA:21,1
DA:22,1
DA:23,1
DA:24,1
DA:25,1
DA:26,1
DA:27,1
DA:28,1
DA:29,1
DA:30,1
DA:31,1
DA:32,1
DA:33,1
DA:34,1
DA:35,1
DA:36,1
DA:37,1
DA:38,1
DA:39,1
DA:40,1
DA:41,1
DA:42,1
DA:43,1
DA:44,1
DA:45,1
DA:46,1
DA:47,1
DA:48,1
DA:49,1
DA:50,1
DA:51,1
DA:52,1
DA:53,1
DA:54,1
DA:55,1
DA:56,1
DA:57,1
DA:58,1
DA:59,1
DA:60,1
DA:61,1
DA:62,1
DA:63,1
DA:64,1
DA:65,1
DA:66,1
DA:67,1
DA:68,1
DA:69,1
DA:70,1
DA:71,1
DA:72,1
DA:73,51
DA:74,51
DA:75,51
DA:76,51
DA:77,51
DA:78,51
DA:79,51
DA:80,51
DA:81,51
DA:82,51
DA:83,51
DA:84,51
DA:85,51
DA:86,51
LF:86
LH:86
BRDA:73,0,0,51
BRDA:78,1,0,1
BRDA:78,2,0,50
BRF:3
BRH:3
end_of_record
TN:
SF:src/entities/Junction.ts
FN:21,Junction
FN:45,get branchState
FN:49,set branchState
FN:53,getActiveTrack
FN:57,getActiveBranchTrack
FN:61,getInactiveBranchTrack
FN:65,toggle
FN:80,getForceScale
FN:93,getAllTracks
FN:97,getUUID
FN:101,getMainTrack
FN:105,getLeftTrack
FN:109,getRightTrack
FN:113,getPosition
FN:117,getBranchLength
FN:121,isSwitched
FN:125,hasNext
FN:129,hasPrevious
FN:133,getNext
FN:137,getPrevious
FN:141,setNext
FN:145,setPrevious
FN:149,isJunction
FN:153,isTrack
FNF:24
FNH:24
FNDA:32,Junction
FNDA:5,get branchState
FNDA:3,set branchState
FNDA:1,getActiveTrack
FNDA:6,getActiveBranchTrack
FNDA:5,getInactiveBranchTrack
FNDA:8,toggle
FNDA:4,getForceScale
FNDA:2,getAllTracks
FNDA:12,getUUID
FNDA:7,getMainTrack
FNDA:7,getLeftTrack
FNDA:7,getRightTrack
FNDA:6,getPosition
FNDA:1,getBranchLength
FNDA:2,isSwitched
FNDA:3,hasNext
FNDA:2,hasPrevious
FNDA:1,getNext
FNDA:1,getPrevious
FNDA:7,setNext
FNDA:2,setPrevious
FNDA:1,isJunction
FNDA:1,isTrack
DA:1,1
DA:2,1
DA:3,1
DA:4,1
DA:5,1
DA:6,1
DA:7,1
DA:8,1
DA:9,1
DA:10,1
DA:11,1
DA:12,1
DA:13,1
DA:14,1
DA:15,1
DA:16,1
DA:17,1
DA:18,1
DA:19,1
DA:20,1
DA:21,1
DA:22,32
DA:23,32
DA:24,32
DA:25,32
DA:26,32
DA:27,32
DA:28,32
DA:29,32
DA:30,32
DA:31,32
DA:32,32
DA:33,32
DA:34,32
DA:35,32
DA:36,32
DA:37,32
DA:38,0
DA:39,32
DA:40,32
DA:41,32
DA:42,32
DA:43,32
DA:44,1
DA:45,1
DA:46,5
DA:47,5
DA:48,1
DA:49,1
DA:50,3
DA:51,3
DA:52,1
DA:53,1
DA:54,1
DA:55,1
DA:56,1
DA:57,1
DA:58,6
DA:59,6
DA:60,1
DA:61,1
DA:62,5
DA:63,5
DA:64,1
DA:65,1
DA:66,8
DA:67,8
DA:68,8
DA:69,8
DA:70,6
DA:71,6
DA:72,8
DA:73,2
DA:74,2
DA:75,2
DA:76,8
DA:77,8
DA:78,8
DA:79,1
DA:80,1
DA:81,4
DA:82,1
DA:83,1
DA:84,4
DA:85,1
DA:86,1
DA:87,4
DA:88,1
DA:89,1
DA:90,1
DA:91,1
DA:92,1
DA:93,1
DA:94,2
DA:95,2
DA:96,1
DA:97,1
DA:98,12
DA:99,12
DA:100,1
DA:101,1
DA:102,7
DA:103,7
DA:104,1
DA:105,1
DA:106,7
DA:107,7
DA:108,1
DA:109,1
DA:110,7
DA:111,7
DA:112,1
DA:113,1
DA:114,6
DA:115,6
DA:116,1
DA:117,1
DA:118,1
DA:119,1
DA:120,1
DA:121,1
DA:122,2
DA:123,2
DA:124,1
DA:125,1
DA:126,3
DA:127,3
DA:128,1
DA:129,1
DA:130,2
DA:131,2
DA:132,1
DA:133,1
DA:134,1
DA:135,1
DA:136,1
DA:137,1
DA:138,1
DA:139,1
DA:140,1
DA:141,1
DA:142,7
DA:143,7
DA:144,1
DA:145,1
DA:146,2
DA:147,2
DA:148,1
DA:149,1
DA:150,1
DA:151,1
DA:152,1
DA:153,1
DA:154,1
DA:155,1
DA:156,1
LF:156
LH:155
BRDA:21,0,0,32
BRDA:45,1,0,5
BRDA:49,2,0,3
BRDA:53,3,0,1
BRDA:57,4,0,6
BRDA:58,5,0,1
BRDA:58,6,0,5
BRDA:61,7,0,5
BRDA:62,8,0,1
BRDA:62,9,0,4
BRDA:65,10,0,8
BRDA:66,11,0,2
BRDA:66,12,0,6
BRDA:69,13,0,6
BRDA:72,14,0,2
BRDA:80,15,0,4
BRDA:81,16,0,1
BRDA:84,17,0,3
BRDA:84,18,0,1
BRDA:87,19,0,2
BRDA:87,20,0,1
BRDA:93,21,0,2
BRDA:97,22,0,12
BRDA:101,23,0,7
BRDA:105,24,0,7
BRDA:109,25,0,7
BRDA:113,26,0,6
BRDA:117,27,0,1
BRDA:121,28,0,2
BRDA:125,29,0,3
BRDA:129,30,0,2
BRDA:133,31,0,1
BRDA:137,32,0,1
BRDA:141,33,0,7
BRDA:145,34,0,2
BRDA:149,35,0,1
BRDA:153,36,0,1
BRF:37
BRH:37
end_of_record
TN:
SF:src/entities/RailTrack.ts
FN:36,RailTrack
FN:44,createTracks
FN:57,createTrackSegment
FN:73,updateTrackVectors
FN:84,getTrackAngle
FN:90,getTrackPoint
FN:95,getTrackPosition
FN:115,getCurvePath
FN:119,getUUID
FN:123,hasNext
FN:127,hasPrevious
FN:131,getNext
FN:135,getPrevious
FN:139,setNext
FN:143,setPrevious
FN:147,isJunction
FN:151,isTrack
FNF:17
FNH:15
FNDA:227,RailTrack
FNDA:227,createTracks
FNDA:2160,createTrackSegment
FNDA:227,updateTrackVectors
FNDA:3,getTrackAngle
FNDA:12,getTrackPoint
FNDA:19,getTrackPosition
FNDA:987,getCurvePath
FNDA:196,getUUID
FNDA:2,hasNext
FNDA:1,hasPrevious
FNDA:0,getNext
FNDA:0,getPrevious
FNDA:62,setNext
FNDA:59,setPrevious
FNDA:1,isJunction
FNDA:1,isTrack
DA:1,1
DA:2,1
DA:3,1
DA:4,1
DA:5,1
DA:6,1
DA:7,1
DA:8,1
DA:9,1
DA:10,1
DA:11,1
DA:12,1
DA:13,1
DA:14,1
DA:15,1
DA:16,1
DA:17,1
DA:18,1
DA:19,1
DA:20,1
DA:21,1
DA:22,1
DA:23,1
DA:24,1
DA:25,1
DA:26,1
DA:27,1
DA:28,1
DA:29,1
DA:30,1
DA:31,1
DA:32,1
DA:33,1
DA:34,1
DA:35,1
DA:36,1
DA:37,227
DA:38,227
DA:39,227
DA:40,227
DA:41,227
DA:42,227
DA:43,1
DA:44,1
DA:45,227
DA:46,227
DA:47,227
DA:48,227
DA:49,1080
DA:50,1080
DA:51,227
DA:52,227
DA:53,1080
DA:54,1080
DA:55,227
DA:56,1
DA:57,1
DA:58,2160
DA:59,2160
DA:60,2160
DA:61,2160
DA:62,2160
DA:63,2160
DA:64,2160
DA:65,2160
DA:66,2160
DA:67,2160
DA:68,2160
DA:69,2160
DA:70,2160
DA:71,2160
DA:72,1
DA:73,1
DA:74,227
DA:75,227
DA:76,227
DA:77,227
DA:78,227
DA:79,227
DA:80,227
DA:81,227
DA:82,227
DA:83,1
DA:84,1
DA:85,3
DA:86,3
DA:87,3
DA:88,3
DA:89,1
DA:90,1
DA:91,12
DA:92,12
DA:93,12
DA:94,1
DA:95,1
DA:96,19
DA:97,19
DA:98,19
DA:99,19
DA:100,19
DA:101,19
DA:102,19
DA:103,19019
DA:104,19019
DA:105,19019
DA:106,19019
DA:107,9519
DA:108,9519
DA:109,9519
DA:110,19019
DA:111,19
DA:112,19
DA:113,19
DA:114,1
DA:115,1
DA:116,987
DA:117,987
DA:118,1
DA:119,1
DA:120,196
DA:121,196
DA:122,1
DA:123,1
DA:124,2
DA:125,2
DA:126,1
DA:127,1
DA:128,1
DA:129,1
DA:130,1
DA:131,1
DA:132,0
DA:133,0
DA:134,1
DA:135,1
DA:136,0
DA:137,0
DA:138,1
DA:139,1
DA:140,62
DA:141,62
DA:142,1
DA:143,1
DA:144,59
DA:145,59
DA:146,1
DA:147,1
DA:148,1
DA:149,1
DA:150,1
DA:151,1
DA:152,1
DA:153,1
DA:154,1
LF:154
LH:150
BRDA:36,0,0,227
BRDA:44,1,0,227
BRDA:48,2,0,1080
BRDA:52,3,0,1080
BRDA:57,4,0,2160
BRDA:73,5,0,227
BRDA:84,6,0,3
BRDA:90,7,0,12
BRDA:95,8,0,19
BRDA:99,9,0,18
BRDA:99,10,0,1
BRDA:100,11,0,18
BRDA:100,12,0,1
BRDA:102,13,0,19019
BRDA:106,14,0,9519
BRDA:115,15,0,987
BRDA:119,16,0,196
BRDA:123,17,0,2
BRDA:127,18,0,1
BRDA:139,19,0,62
BRDA:143,20,0,59
BRDA:147,21,0,1
BRDA:151,22,0,1
BRF:23
BRH:23
end_of_record
TN:
SF:src/entities/Station.ts
FN:18,Station
FN:47,update
FN:57,boardPassengers
FN:67,deliverPassengers
FN:73,getWaiting
FN:74,getTrack
FN:75,getTrackT
FNF:7
FNH:7
FNDA:18,Station
FNDA:9,update
FNDA:6,boardPassengers
FNDA:2,deliverPassengers
FNDA:8,getWaiting
FNDA:1,getTrack
FNDA:1,getTrackT
DA:1,1
DA:2,1
DA:3,1
DA:4,1
DA:5,1
DA:6,1
DA:7,1
DA:8,1
DA:9,1
DA:10,1
DA:11,1
DA:12,1
DA:13,1
DA:14,1
DA:15,1
DA:16,1
DA:17,1
DA:18,1
DA:19,18
DA:20,18
DA:21,18
DA:22,18
DA:23,18
DA:24,18
DA:25,18
DA:26,18
DA:27,18
DA:28,18
DA:29,18
DA:30,18
DA:31,18
DA:32,18
DA:33,18
DA:34,18
DA:35,18
DA:36,18
DA:37,18
DA:38,18
DA:39,18
DA:40,18
DA:41,18
DA:42,18
DA:43,18
DA:44,18
DA:45,18
DA:46,1
DA:47,1
DA:48,9
DA:49,9
DA:50,9
DA:51,7
DA:52,7
DA:53,7
DA:54,7
DA:55,9
DA:56,1
DA:57,1
DA:58,6
DA:59,6
DA:60,6
DA:61,6
DA:62,4
DA:63,4
DA:64,6
DA:65,6
DA:66,1
DA:67,1
DA:68,2
DA:69,1
DA:70,1
DA:71,2
DA:72,1
DA:73,1
DA:74,1
DA:75,1
DA:76,1
LF:76
LH:76
BRDA:18,0,0,18
BRDA:47,1,0,9
BRDA:50,2,0,7
BRDA:57,3,0,6
BRDA:61,4,0,4
BRDA:67,5,0,2
BRDA:68,6,0,1
BRDA:73,7,0,8
BRDA:74,8,0,1
BRDA:75,9,0,1
BRF:10
BRH:10
end_of_record
TN:
SF:src/entities/Train.ts
FN:27,Train
FN:56,update
FN:67,getUUID
FN:71,get derailed
FN:75,set derailed
FN:88,get enginePower
FN:92,set enginePower
FN:96,get currentTrack
FN:100,set currentTrack
FN:104,get selected
FN:108,set selected
FN:117,getMatterBody
FN:121,get pidControllerFront
FN:125,get pidControllerRear
FN:129,getPassengerCount
FN:133,boardPassengers
FN:139,unloadPassengers
FN:150,recover
FNF:18
FNH:17
FNDA:29,Train
FNDA:3,update
FNDA:5,getUUID
FNDA:5,get derailed
FNDA:5,set derailed
FNDA:3,get enginePower
FNDA:4,set enginePower
FNDA:3,get currentTrack
FNDA:3,set currentTrack
FNDA:3,get selected
FNDA:3,set selected
FNDA:2,getMatterBody
FNDA:4,get pidControllerFront
FNDA:4,get pidControllerRear
FNDA:4,getPassengerCount
FNDA:5,boardPassengers
FNDA:2,unloadPassengers
FNDA:0,recover
DA:1,1
DA:2,1
DA:3,1
DA:4,1
DA:5,1
DA:6,1
DA:7,1
DA:8,1
DA:9,1
DA:10,1
DA:11,1
DA:12,1
DA:13,1
DA:14,1
DA:15,1
DA:16,1
DA:17,1
DA:18,1
DA:19,1
DA:20,1
DA:21,1
DA:22,1
DA:23,1
DA:24,1
DA:25,1
DA:26,1
DA:27,1
DA:28,29
DA:29,29
DA:30,29
DA:31,29
DA:32,29
DA:33,29
DA:34,29
DA:35,29
DA:36,29
DA:37,29
DA:38,29
DA:39,29
DA:40,29
DA:41,29
DA:42,29
DA:43,29
DA:44,29
DA:45,29
DA:46,29
DA:47,29
DA:48,29
DA:49,29
DA:50,29
DA:51,29
DA:52,29
DA:53,29
DA:54,29
DA:55,1
DA:56,1
DA:57,3
DA:58,3
DA:59,3
DA:60,1
DA:61,1
DA:62,1
DA:63,1
DA:64,1
DA:65,3
DA:66,1
DA:67,1
DA:68,5
DA:69,5
DA:70,1
DA:71,1
DA:72,5
DA:73,5
DA:74,1
DA:75,1
DA:76,5
DA:77,4
DA:78,4
DA:79,4
DA:80,4
DA:81,4
DA:82,4
DA:83,4
DA:84,4
DA:85,5
DA:86,5
DA:87,1
DA:88,1
DA:89,3
DA:90,3
DA:91,1
DA:92,1
DA:93,4
DA:94,4
DA:95,1
DA:96,1
DA:97,3
DA:98,3
DA:99,1
DA:100,1
DA:101,3
DA:102,3
DA:103,1
DA:104,1
DA:105,3
DA:106,3
DA:107,1
DA:108,1
DA:109,3
DA:110,3
DA:111,2
DA:112,3
DA:113,1
DA:114,1
DA:115,3
DA:116,1
DA:117,1
DA:118,2
DA:119,2
DA:120,1
DA:121,1
DA:122,4
DA:123,4
DA:124,1
DA:125,1
DA:126,4
DA:127,4
DA:128,1
DA:129,1
DA:130,4
DA:131,4
DA:132,1
DA:133,1
DA:134,5
DA:135,5
DA:136,5
DA:137,5
DA:138,1
DA:139,1
DA:140,2
DA:141,2
DA:142,2
DA:143,2
DA:144,1
DA:145,1
DA:146,1
DA:147,1
DA:148,1
DA:149,1
DA:150,1
DA:151,0
DA:152,0
DA:153,0
DA:154,0
DA:155,0
DA:156,0
DA:157,0
DA:158,0
DA:159,0
DA:160,0
DA:161,0
DA:162,1
LF:162
LH:151
BRDA:27,0,0,29
BRDA:56,1,0,3
BRDA:59,2,0,2
BRDA:59,3,0,1
BRDA:67,4,0,5
BRDA:71,5,0,5
BRDA:75,6,0,5
BRDA:76,7,0,4
BRDA:88,8,0,3
BRDA:92,9,0,4
BRDA:96,10,0,3
BRDA:100,11,0,3
BRDA:104,12,0,3
BRDA:108,13,0,3
BRDA:110,14,0,2
BRDA:112,15,0,1
BRDA:117,16,0,2
BRDA:121,17,0,4
BRDA:125,18,0,4
BRDA:129,19,0,4
BRDA:133,20,0,5
BRDA:139,21,0,2
BRF:22
BRH:22
end_of_record
TN:
SF:src/managers/GameStateManager.ts
FN:17,GameStateManagerClass
FN:28,get state
FN:29,get worldMode
FN:30,get score
FN:31,get elapsedSecs
FN:32,get activeTrains
FN:33,get currentLevelId
FN:34,get currentWorldId
FN:38,startLevel
FN:50,addScore
FN:54,tick
FN:60,setActiveTrains
FN:64,pause
FN:71,resume
FN:78,endGame
FN:94,enterCreate
FN:105,enterPlay
FN:117,returnToCreate
FNF:18
FNH:18
FNDA:4,GameStateManagerClass
FNDA:8,get state
FNDA:4,get worldMode
FNDA:6,get score
FNDA:7,get elapsedSecs
FNDA:2,get activeTrains
FNDA:1,get currentLevelId
FNDA:1,get currentWorldId
FNDA:73,startLevel
FNDA:22,addScore
FNDA:20,tick
FNDA:2,setActiveTrains
FNDA:8,pause
FNDA:4,resume
FNDA:26,endGame
FNDA:4,enterCreate
FNDA:6,enterPlay
FNDA:2,returnToCreate
DA:1,1
DA:2,1
DA:3,1
DA:4,1
DA:5,1
DA:6,1
DA:7,1
DA:8,1
DA:9,1
DA:10,1
DA:11,1
DA:12,1
DA:13,1
DA:14,1
DA:15,1
DA:16,1
DA:17,4
DA:18,4
DA:19,4
DA:20,4
DA:21,4
DA:22,4
DA:23,4
DA:24,4
DA:25,4
DA:26,4
DA:27,4
DA:28,4
DA:29,4
DA:30,4
DA:31,4
DA:32,4
DA:33,4
DA:34,4
DA:35,4
DA:36,4
DA:37,4
DA:38,4
DA:39,73
DA:40,73
DA:41,73
DA:42,73
DA:43,73
DA:44,73
DA:45,73
DA:46,73
DA:47,73
DA:48,73
DA:49,4
DA:50,4
DA:51,22
DA:52,22
DA:53,4
DA:54,4
DA:55,20
DA:56,18
DA:57,18
DA:58,20
DA:59,4
DA:60,4
DA:61,2
DA:62,2
DA:63,4
DA:64,4
DA:65,8
DA:66,7
DA:67,7
DA:68,7
DA:69,8
DA:70,4
DA:71,4
DA:72,4
DA:73,3
DA:74,3
DA:75,3
DA:76,4
DA:77,4
DA:78,4
DA:79,26
DA:80,26
DA:81,25
DA:82,25
DA:83,17
DA:84,17
DA:85,25
DA:86,26
DA:87,26
DA:88,4
DA:89,4
DA:90,4
DA:91,4
DA:92,4
DA:93,4
DA:94,4
DA:95,4
DA:96,4
DA:97,4
DA:98,4
DA:99,4
DA:100,4
DA:101,4
DA:102,4
DA:103,4
DA:104,4
DA:105,4
DA:106,6
DA:107,6
DA:108,6
DA:109,6
DA:110,6
DA:111,6
DA:112,6
DA:113,4
DA:114,4
DA:115,4
DA:116,4
DA:117,4
DA:118,2
DA:119,1
DA:120,1
DA:121,1
DA:122,1
DA:123,2
DA:124,4
DA:125,1
DA:126,1
LF:126
LH:126
BRDA:17,0,0,4
BRDA:28,1,0,8
BRDA:29,2,0,4
BRDA:30,3,0,6
BRDA:31,4,0,7
BRDA:32,5,0,2
BRDA:33,6,0,1
BRDA:34,7,0,1
BRDA:38,8,0,73
BRDA:50,9,0,22
BRDA:54,10,0,20
BRDA:55,11,0,18
BRDA:60,12,0,2
BRDA:64,13,0,8
BRDA:65,14,0,7
BRDA:71,15,0,4
BRDA:72,16,0,3
BRDA:78,17,0,26
BRDA:80,18,0,25
BRDA:82,19,0,17
BRDA:94,20,0,4
BRDA:105,21,0,6
BRDA:117,22,0,2
BRDA:118,23,0,1
BRF:24
BRH:24
end_of_record
TN:
SF:src/managers/TrackManager.ts
FN:11,chunkKey
FN:25,TrackManager
FN:33,get tracks
FN:37,get junctions
FN:43,indexTrack
FN:50,deindexTrack
FN:60,getTracksInChunks
FN:77,setupTrackConnections
FN:112,findClosestNode
FN:139,addTrack
FN:147,addJunction
FN:154,removeTrack
FN:164,getTrack
FN:168,getAllTracks
FN:172,getVisibleTracks
FN:178,createStraightTrack
FN:185,createCurvedTrack
FN:196,createCircularTrack
FN:216,createJunction
FN:246,getJunctionsForTrack
FN:250,getClosestTrack
FN:282,getTracksInRadius
FN:287,updateVisibleTracks
FNF:23
FNH:22
FNDA:96,chunkKey
FNDA:71,TrackManager
FNDA:71,get tracks
FNDA:3,get junctions
FNDA:94,indexTrack
FNDA:2,deindexTrack
FNDA:0,getTracksInChunks
FNDA:99,setupTrackConnections
FNDA:188,findClosestNode
FNDA:94,addTrack
FNDA:5,addJunction
FNDA:3,removeTrack
FNDA:7,getTrack
FNDA:73,getAllTracks
FNDA:5,getVisibleTracks
FNDA:14,createStraightTrack
FNDA:29,createCurvedTrack
FNDA:4,createCircularTrack
FNDA:5,createJunction
FNDA:4,getJunctionsForTrack
FNDA:3,getClosestTrack
FNDA:2,getTracksInRadius
FNDA:3,updateVisibleTracks
DA:1,1
DA:2,1
DA:3,1
DA:4,1
DA:5,1
DA:6,1
DA:7,1
DA:8,1
DA:9,1
DA:10,1
DA:11,96
DA:12,96
DA:13,96
DA:14,96
DA:15,96
DA:16,1
DA:17,1
DA:18,1
DA:19,1
DA:20,1
DA:21,1
DA:22,1
DA:23,1
DA:24,1
DA:25,1
DA:26,71
DA:27,71
DA:28,71
DA:29,71
DA:30,71
DA:31,71
DA:32,1
DA:33,1
DA:34,71
DA:35,71
DA:36,1
DA:37,1
DA:38,3
DA:39,3
DA:40,1
DA:41,1
DA:42,1
DA:43,1
DA:44,94
DA:45,94
DA:46,94
DA:47,94
DA:48,94
DA:49,1
DA:50,1
DA:51,2
DA:52,2
DA:53,2
DA:54,2
DA:55,1
DA:56,1
DA:57,1
DA:58,1
DA:59,1
DA:60,1
DA:61,0
DA:62,0
DA:63,0
DA:64,0
DA:65,0
DA:66,0
DA:67,0
DA:68,0
DA:69,0
DA:70,0
DA:71,0
DA:72,0
DA:73,0
DA:74,0
DA:75,0
DA:76,1
DA:77,1
DA:78,99
DA:79,94
DA:80,94
DA:81,94
DA:82,94
DA:83,94
DA:84,49
DA:85,49
DA:86,49
DA:87,94
DA:88,94
DA:89,94
DA:90,4
DA:91,4
DA:92,4
DA:93,99
DA:94,5
DA:95,5
DA:96,5
DA:97,5
DA:98,5
DA:99,1
DA:100,1
DA:101,1
DA:102,1
DA:103,5
DA:104,4
DA:105,4
DA:106,4
DA:107,4
DA:108,4
DA:109,5
DA:110,99
DA:111,1
DA:112,1
DA:113,188
DA:114,188
DA:115,188
DA:116,188
DA:117,484
DA:118,296
DA:119,296
DA:120,296
DA:121,482
DA:122,53
DA:123,53
DA:124,53
DA:125,484
DA:126,188
DA:127,188
DA:128,0
DA:129,0
DA:130,0
DA:131,0
DA:132,0
DA:133,0
DA:134,0
DA:135,188
DA:136,188
DA:137,188
DA:138,1
DA:139,1
DA:140,94
DA:141,94
DA:142,94
DA:143,94
DA:144,94
DA:145,94
DA:146,1
DA:147,1
DA:148,5
DA:149,5
DA:150,5
DA:151,5
DA:152,5
DA:153,1
DA:154,1
DA:155,3
DA:156,3
DA:157,2
DA:158,2
DA:159,2
DA:160,2
DA:161,2
DA:162,2
DA:163,1
DA:164,1
DA:165,7
DA:166,7
DA:167,1
DA:168,1
DA:169,73
DA:170,73
DA:171,1
DA:172,1
DA:173,5
DA:174,5
DA:175,5
DA:176,5
DA:177,1
DA:178,1
DA:179,14
DA:180,14
DA:181,14
DA:182,14
DA:183,14
DA:184,1
DA:185,1
DA:186,29
DA:187,29
DA:188,29
DA:189,29
DA:190,29
DA:191,29
DA:192,29
DA:193,29
DA:194,29
DA:195,1
DA:196,1
DA:197,4
DA:198,4
DA:199,4
DA:200,4
DA:201,4
DA:202,28
DA:203,28
DA:204,28
DA:205,28
DA:206,28
DA:207,28
DA:208,28
DA:209,28
DA:210,28
DA:211,28
DA:212,4
DA:213,4
DA:214,4
DA:215,1
DA:216,1
DA:217,5
DA:218,5
DA:219,4
DA:220,4
DA:221,4
DA:222,4
DA:223,4
DA:224,4
DA:225,4
DA:226,4
DA:227,4
DA:228,4
DA:229,4
DA:230,4
DA:231,4
DA:232,4
DA:233,4
DA:234,4
DA:235,4
DA:236,4
DA:237,4
DA:238,4
DA:239,4
DA:240,4
DA:241,4
DA:242,4
DA:243,4
DA:244,4
DA:245,1
DA:246,1
DA:247,4
DA:248,4
DA:249,1
DA:250,1
DA:251,3
DA:252,3
DA:253,3
DA:254,3
DA:255,3
DA:256,2
DA:257,2
DA:258,0
DA:259,0
DA:260,0
DA:261,2
DA:262,2
DA:263,2
DA:264,0
DA:265,0
DA:266,0
DA:267,0
DA:268,0
DA:269,2
DA:270,2
DA:271,2
DA:272,2
DA:273,1
DA:274,1
DA:275,1
DA:276,2
DA:277,3
DA:278,3
DA:279,3
DA:280,3
DA:281,1
DA:282,1
DA:283,2
DA:284,2
DA:285,2
DA:286,1
DA:287,1
DA:288,3
DA:289,3
DA:290,3
DA:291,3
DA:292,3
DA:293,3
DA:294,3
DA:295,3
DA:296,1
LF:296
LH:266
BRDA:11,0,0,96
BRDA:25,1,0,71
BRDA:33,2,0,71
BRDA:37,3,0,3
BRDA:43,4,0,94
BRDA:46,5,0,53
BRDA:50,6,0,2
BRDA:53,7,0,0
BRDA:77,8,0,99
BRDA:78,9,0,94
BRDA:83,10,0,49
BRDA:89,11,0,4
BRDA:93,12,0,5
BRDA:98,13,0,1
BRDA:103,14,0,4
BRDA:112,15,0,188
BRDA:116,16,0,484
BRDA:117,17,0,188
BRDA:118,18,0,482
BRDA:118,19,0,296
BRDA:121,20,0,53
BRDA:127,21,0,0
BRDA:139,22,0,94
BRDA:147,23,0,5
BRDA:154,24,0,3
BRDA:156,25,0,1
BRDA:157,26,0,2
BRDA:164,27,0,7
BRDA:168,28,0,73
BRDA:172,29,0,5
BRDA:174,30,0,3
BRDA:175,31,0,3
BRDA:178,32,0,14
BRDA:185,33,0,29
BRDA:196,34,0,4
BRDA:201,35,0,28
BRDA:216,36,0,5
BRDA:218,37,0,1
BRDA:219,38,0,4
BRDA:246,39,0,4
BRDA:247,40,0,1
BRDA:250,41,0,3
BRDA:255,42,0,2
BRDA:263,43,0,0
BRDA:272,44,0,1
BRDA:272,45,0,1
BRDA:282,46,0,2
BRDA:284,47,0,1
BRDA:287,48,0,3
BRF:49
BRH:46
end_of_record
TN:
SF:src/managers/TrainManager.ts
FN:23,TrainManager
FN:29,createInitialTrain
FN:38,handleTrainClick
FN:49,deselectTrain
FN:58,get selectedTrain
FN:62,getBounds
FN:82,corners.reduce.min.x
FN:93,update
FNF:8
FNH:5
FNDA:8,TrainManager
FNDA:0,createInitialTrain
FNDA:0,handleTrainClick
FNDA:1,deselectTrain
FNDA:1,get selectedTrain
FNDA:11,getBounds
FNDA:40,corners.reduce.min.x
FNDA:0,update
DA:1,1
DA:2,1
DA:3,1
DA:4,1
DA:5,1
DA:6,1
DA:7,1
DA:8,1
DA:9,1
DA:10,1
DA:11,1
DA:12,1
DA:13,1
DA:14,1
DA:15,1
DA:16,1
DA:17,1
DA:18,1
DA:19,1
DA:20,1
DA:21,1
DA:22,1
DA:23,1
DA:24,8
DA:25,8
DA:26,8
DA:27,8
DA:28,1
DA:29,1
DA:30,0
DA:31,0
DA:32,0
DA:33,0
DA:34,0
DA:35,0
DA:36,0
DA:37,1
DA:38,1
DA:39,0
DA:40,0
DA:41,0
DA:42,0
DA:43,0
DA:44,0
DA:45,0
DA:46,0
DA:47,0
DA:48,1
DA:49,1
DA:50,1
DA:51,0
DA:52,0
DA:53,0
DA:54,0
DA:55,0
DA:56,1
DA:57,1
DA:58,1
DA:59,1
DA:60,1
DA:61,1
DA:62,1
DA:63,11
DA:64,10
DA:65,10
DA:66,10
DA:67,10
DA:68,10
DA:69,10
DA:70,10
DA:71,10
DA:72,10
DA:73,10
DA:74,10
DA:75,10
DA:76,10
DA:77,10
DA:78,10
DA:79,10
DA:80,10
DA:81,10
DA:82,10
DA:83,40
DA:84,40
DA:85,10
DA:86,10
DA:87,10
DA:88,10
DA:89,10
DA:90,10
DA:91,10
DA:92,1
DA:93,1
DA:94,0
DA:95,0
DA:96,0
DA:97,0
DA:98,0
DA:99,0
DA:100,0
DA:101,1
LF:101
LH:73
BRDA:23,0,0,8
BRDA:49,1,0,1
BRDA:50,2,0,0
BRDA:58,3,0,1
BRDA:62,4,0,11
BRDA:63,5,0,1
BRDA:64,6,0,10
BRDA:82,7,0,40
BRF:8
BRH:7
end_of_record
TN:
SF:src/managers/WorldManager.ts
FN:14,WorldManagerClass
FN:19,get world
FN:23,get currentWorldId
FN:28,get loaded
FN:35,createNew
FN:41,load
FN:51,save
FN:58,reset
FN:64,addTrackDef
FN:69,removeTrackDef
FN:74,updateTrackDef
FN:82,addJunctionDef
FN:87,removeJunctionDef
FN:94,addStationDef
FN:99,removeStationDef
FN:106,addTrainDef
FN:111,removeTrainDef
FN:116,updateTrainDef
FN:125,snapshot
FN:130,restore
FNF:20
FNH:20
FNDA:3,WorldManagerClass
FNDA:13,get world
FNDA:2,get currentWorldId
FNDA:2,get loaded
FNDA:50,createNew
FNDA:3,load
FNDA:2,save
FNDA:57,reset
FNDA:9,addTrackDef
FNDA:1,removeTrackDef
FNDA:2,updateTrackDef
FNDA:3,addJunctionDef
FNDA:1,removeJunctionDef
FNDA:2,addStationDef
FNDA:1,removeStationDef
FNDA:3,addTrainDef
FNDA:1,removeTrainDef
FNDA:1,updateTrainDef
FNDA:4,snapshot
FNDA:1,restore
DA:1,1
DA:2,1
DA:3,1
DA:4,1
DA:5,1
DA:6,1
DA:7,1
DA:8,1
DA:9,1
DA:10,1
DA:11,1
DA:12,1
DA:13,1
DA:14,3
DA:15,3
DA:16,3
DA:17,3
DA:18,3
DA:19,3
DA:20,13
DA:21,13
DA:22,3
DA:23,3
DA:24,2
DA:25,2
DA:26,3
DA:27,3
DA:28,3
DA:29,2
DA:30,2
DA:31,3
DA:32,3
DA:33,3
DA:34,3
DA:35,3
DA:36,50
DA:37,50
DA:38,50
DA:39,3
DA:40,3
DA:41,3
DA:42,3
DA:43,3
DA:44,2
DA:45,2
DA:46,2
DA:47,3
DA:48,3
DA:49,3
DA:50,3
DA:51,3
DA:52,2
DA:53,2
DA:54,2
DA:55,2
DA:56,3
DA:57,3
DA:58,3
DA:59,57
DA:60,57
DA:61,3
DA:62,3
DA:63,3
DA:64,3
DA:65,9
DA:66,8
DA:67,8
DA:68,3
DA:69,3
DA:70,1
DA:71,1
DA:72,1
DA:73,3
DA:74,3
DA:75,2
DA:76,2
DA:77,2
DA:78,2
DA:79,3
DA:80,3
DA:81,3
DA:82,3
DA:83,3
DA:84,3
DA:85,3
DA:86,3
DA:87,3
DA:88,1
DA:89,1
DA:90,1
DA:91,3
DA:92,3
DA:93,3
DA:94,3
DA:95,2
DA:96,2
DA:97,2
DA:98,3
DA:99,3
DA:100,1
DA:101,1
DA:102,1
DA:103,3
DA:104,3
DA:105,3
DA:106,3
DA:107,3
DA:108,3
DA:109,3
DA:110,3
DA:111,3
DA:112,1
DA:113,1
DA:114,1
DA:115,3
DA:116,3
DA:117,1
DA:118,1
DA:119,1
DA:120,1
DA:121,3
DA:122,3
DA:123,3
DA:124,3
DA:125,3
DA:126,4
DA:127,4
DA:128,3
DA:129,3
DA:130,3
DA:131,1
DA:132,1
DA:133,3
DA:134,1
DA:135,1
LF:135
LH:135
BRDA:14,0,0,3
BRDA:19,1,0,13
BRDA:23,2,0,2
BRDA:24,3,0,1
BRDA:24,4,0,1
BRDA:24,5,0,1
BRDA:24,6,0,1
BRDA:24,7,0,1
BRDA:28,8,0,2
BRDA:35,9,0,50
BRDA:41,10,0,3
BRDA:43,11,0,2
BRDA:51,12,0,2
BRDA:52,13,0,0
BRDA:58,14,0,57
BRDA:64,15,0,9
BRDA:65,16,0,1
BRDA:66,17,0,8
BRDA:69,18,0,1
BRDA:70,19,0,0
BRDA:71,20,0,1
BRDA:74,21,0,2
BRDA:75,22,0,0
BRDA:77,23,0,1
BRDA:76,24,0,1
BRDA:82,25,0,3
BRDA:83,26,0,0
BRDA:87,27,0,1
BRDA:88,28,0,0
BRDA:89,29,0,1
BRDA:94,30,0,2
BRDA:95,31,0,0
BRDA:99,32,0,1
BRDA:100,33,0,0
BRDA:101,34,0,1
BRDA:106,35,0,3
BRDA:107,36,0,0
BRDA:111,37,0,1
BRDA:112,38,0,0
BRDA:113,39,0,1
BRDA:116,40,0,1
BRDA:117,41,0,0
BRDA:118,42,0,1
BRDA:125,43,0,4
BRDA:126,44,0,3
BRDA:126,45,0,1
BRDA:130,46,0,1
BRF:47
BRH:37
end_of_record
TN:
SF:src/services/EventBus.ts
FN:35,EventBusClass
FN:38,on
FN:43,off
FN:49,emit
FNF:4
FNH:4
FNDA:14,EventBusClass
FNDA:105,on
FNDA:106,off
FNDA:155,emit
DA:1,1
DA:2,1
DA:3,1
DA:4,1
DA:5,1
DA:6,1
DA:7,1
DA:8,1
DA:9,1
DA:10,1
DA:11,1
DA:12,1
DA:13,1
DA:14,1
DA:15,1
DA:16,1
DA:17,1
DA:18,1
DA:19,1
DA:20,1
DA:21,1
DA:22,1
DA:23,1
DA:24,1
DA:25,1
DA:26,1
DA:27,1
DA:28,1
DA:29,1
DA:30,1
DA:31,1
DA:32,1
DA:33,1
DA:34,1
DA:35,14
DA:36,14
DA:37,14
DA:38,14
DA:39,105
DA:40,105
DA:41,105
DA:42,14
DA:43,14
DA:44,106
DA:45,106
DA:46,105
DA:47,105
DA:48,14
DA:49,14
DA:50,155
DA:51,155
DA:52,106
DA:53,106
DA:54,14
DA:55,1
DA:56,1
LF:56
LH:56
BRDA:35,0,0,14
BRDA:38,1,0,105
BRDA:39,2,0,34
BRDA:43,3,0,106
BRDA:45,4,0,1
BRDA:46,5,0,105
BRDA:46,6,0,108
BRDA:49,7,0,155
BRDA:51,8,0,140
BRDA:51,9,0,49
BRDA:52,10,0,106
BRDA:52,11,0,70
BRF:12
BRH:12
end_of_record
TN:
SF:src/services/SaveService.ts
FN:25,load
FN:35,save
FN:43,unlockLevel
FN:51,isLevelUnlocked
FN:55,getHighScore
FN:59,setHighScore
FN:67,hasSave
FN:71,getLastPlayedLevelId
FN:75,setLastPlayedLevelId
FN:81,getLastPlayedWorldId
FN:85,setLastPlayedWorldId
FN:94,loadAllWorlds
FN:105,saveWorld
FN:117,loadWorld
FN:122,listWorlds
FN:131,deleteWorld
FN:142,exportWorld
FN:147,importWorld
FN:158,getSettings
FN:162,updateSettings
FNF:20
FNH:17
FNDA:63,load
FNDA:30,save
FNDA:4,unlockLevel
FNDA:3,isLevelUnlocked
FNDA:7,getHighScore
FNDA:30,setHighScore
FNDA:0,hasSave
FNDA:0,getLastPlayedLevelId
FNDA:0,setLastPlayedLevelId
FNDA:2,getLastPlayedWorldId
FNDA:3,setLastPlayedWorldId
FNDA:24,loadAllWorlds
FNDA:11,saveWorld
FNDA:8,loadWorld
FNDA:3,listWorlds
FNDA:2,deleteWorld
FNDA:2,exportWorld
FNDA:3,importWorld
FNDA:5,getSettings
FNDA:3,updateSettings
DA:1,1
DA:2,1
DA:3,1
DA:4,1
DA:5,1
DA:6,1
DA:7,1
DA:8,1
DA:9,1
DA:10,1
DA:11,1
DA:12,1
DA:13,1
DA:14,1
DA:15,1
DA:16,1
DA:17,1
DA:18,1
DA:19,1
DA:20,1
DA:21,1
DA:22,1
DA:23,1
DA:24,1
DA:25,1
DA:26,63
DA:27,63
DA:28,63
DA:29,19
DA:30,61
DA:31,1
DA:32,1
DA:33,1
DA:34,1
DA:35,1
DA:36,30
DA:37,30
DA:38,30
DA:39,0
DA:40,0
DA:41,1
DA:42,1
DA:43,1
DA:44,4
DA:45,4
DA:46,2
DA:47,2
DA:48,2
DA:49,1
DA:50,1
DA:51,1
DA:52,3
DA:53,1
DA:54,1
DA:55,1
DA:56,7
DA:57,1
DA:58,1
DA:59,1
DA:60,30
DA:61,30
DA:62,20
DA:63,20
DA:64,20
DA:65,1
DA:66,1
DA:67,1
DA:68,0
DA:69,1
DA:70,1
DA:71,1
DA:72,0
DA:73,1
DA:74,1
DA:75,1
DA:76,0
DA:77,0
DA:78,0
DA:79,1
DA:80,1
DA:81,1
DA:82,2
DA:83,1
DA:84,1
DA:85,1
DA:86,3
DA:87,3
DA:88,3
DA:89,1
DA:90,1
DA:91,1
DA:92,1
DA:93,1
DA:94,1
DA:95,24
DA:96,24
DA:97,24
DA:98,11
DA:99,24
DA:100,0
DA:101,0
DA:102,1
DA:103,1
DA:104,1
DA:105,1
DA:106,11
DA:107,11
DA:108,11
DA:109,11
DA:110,11
DA:111,11
DA:112,0
DA:113,0
DA:114,1
DA:115,1
DA:116,1
DA:117,1
DA:118,8
DA:119,1
DA:120,1
DA:121,1
DA:122,1
DA:123,3
DA:124,3
DA:125,3
DA:126,3
DA:127,3
DA:128,1
DA:129,1
DA:130,1
DA:131,1
DA:132,2
DA:133,2
DA:134,2
DA:135,2
DA:136,2
DA:137,0
DA:138,0
DA:139,1
DA:140,1
DA:141,1
DA:142,1
DA:143,2
DA:144,1
DA:145,1
DA:146,1
DA:147,1
DA:148,3
DA:149,3
DA:150,3
DA:151,2
DA:152,2
DA:153,3
DA:154,1
DA:155,1
DA:156,1
DA:157,1
DA:158,1
DA:159,5
DA:160,1
DA:161,1
DA:162,1
DA:163,3
DA:164,3
DA:165,3
DA:166,1
DA:167,1
LF:167
LH:154
BRDA:25,0,0,63
BRDA:28,1,0,44
BRDA:29,2,0,61
BRDA:29,3,0,19
BRDA:30,4,0,1
BRDA:35,5,0,30
BRDA:38,6,0,0
BRDA:43,7,0,4
BRDA:45,8,0,2
BRDA:51,9,0,3
BRDA:55,10,0,7
BRDA:56,11,0,6
BRDA:56,12,0,1
BRDA:59,13,0,30
BRDA:61,14,0,4
BRDA:61,15,0,26
BRDA:61,16,0,20
BRDA:81,17,0,2
BRDA:82,18,0,1
BRDA:82,19,0,1
BRDA:85,20,0,3
BRDA:94,21,0,24
BRDA:97,22,0,13
BRDA:98,23,0,11
BRDA:99,24,0,0
BRDA:105,25,0,11
BRDA:111,26,0,0
BRDA:117,27,0,8
BRDA:118,28,0,5
BRDA:118,29,0,3
BRDA:122,30,0,3
BRDA:124,31,0,4
BRDA:126,32,0,2
BRDA:131,33,0,2
BRDA:136,34,0,0
BRDA:142,35,0,2
BRDA:147,36,0,3
BRDA:150,37,0,2
BRDA:150,38,0,0
BRDA:151,39,0,2
BRDA:153,40,0,1
BRDA:158,41,0,5
BRDA:162,42,0,3
BRF:43
BRH:38
end_of_record
TN:
SF:src/systems/JunctionCreatorSystem.ts
FN:32,JunctionCreatorSystem
FN:41,onPointerDown
FN:49,onPointerMove
FN:60,onPointerUp
FN:73,destroy
FN:81,executeCreation
FN:108,findCandidateTracks
FN:140,createJunctionAtSplit
FN:222,optimiseBranchAngles
FN:259,drawSelection
FN:270,highlightTrack
FN:283,screenToWorld
FN:291,trackToDef
FNF:13
FNH:13
FNDA:11,JunctionCreatorSystem
FNDA:3,onPointerDown
FNDA:3,onPointerMove
FNDA:3,onPointerUp
FNDA:12,destroy
FNDA:2,executeCreation
FNDA:2,findCandidateTracks
FNDA:1,createJunctionAtSplit
FNDA:1,optimiseBranchAngles
FNDA:2,drawSelection
FNDA:1,highlightTrack
FNDA:4,screenToWorld
FNDA:2,trackToDef
DA:1,1
DA:2,1
DA:3,1
DA:4,1
DA:5,1
DA:6,1
DA:7,1
DA:8,1
DA:9,1
DA:10,1
DA:11,1
DA:12,1
DA:13,1
DA:14,1
DA:15,1
DA:16,1
DA:17,1
DA:18,1
DA:19,1
DA:20,1
DA:21,1
DA:22,1
DA:23,1
DA:24,1
DA:25,1
DA:26,1
DA:27,1
DA:28,1
DA:29,1
DA:30,1
DA:31,1
DA:32,1
DA:33,11
DA:34,11
DA:35,11
DA:36,11
DA:37,11
DA:38,1
DA:39,1
DA:40,1
DA:41,1
DA:42,3
DA:43,2
DA:44,2
DA:45,2
DA:46,2
DA:47,2
DA:48,1
DA:49,1
DA:50,3
DA:51,2
DA:52,2
DA:53,2
DA:54,2
DA:55,2
DA:56,2
DA:57,2
DA:58,2
DA:59,1
DA:60,1
DA:61,3
DA:62,2
DA:63,2
DA:64,2
DA:65,3
DA:66,0
DA:67,0
DA:68,0
DA:69,2
DA:70,2
DA:71,2
DA:72,1
DA:73,1
DA:74,12
DA:75,12
DA:76,12
DA:77,1
DA:78,1
DA:79,1
DA:80,1
DA:81,1
DA:82,2
DA:83,2
DA:84,2
DA:85,1
DA:86,1
DA:87,1
DA:88,1
DA:89,1
DA:90,1
DA:91,1
DA:92,1
DA:93,1
DA:94,1
DA:95,1
DA:96,1
DA:97,2
DA:98,0
DA:99,2
DA:100,1
DA:101,1
DA:102,2
DA:103,1
DA:104,1
DA:105,1
DA:106,1
DA:107,1
DA:108,1
DA:109,2
DA:110,2
DA:111,2
DA:112,2
DA:113,2
DA:114,2
DA:115,1
DA:116,1
DA:117,1
DA:118,1
DA:119,1
DA:120,1
DA:121,1
DA:122,1
DA:123,1
DA:124,1
DA:125,1
DA:126,1
DA:127,1
DA:128,1
DA:129,1
DA:130,1
DA:131,1
DA:132,2
DA:133,2
DA:134,2
DA:135,1
DA:136,1
DA:137,1
DA:138,1
DA:139,1
DA:140,1
DA:141,1
DA:142,1
DA:143,1
DA:144,1
DA:145,1
DA:146,1
DA:147,1
DA:148,1
DA:149,1
DA:150,1
DA:151,1
DA:152,1
DA:153,1
DA:154,1
DA:155,1
DA:156,1
DA:157,1
DA:158,1
DA:159,1
DA:160,1
DA:161,1
DA:162,1
DA:163,1
DA:164,1
DA:165,1
DA:166,1
DA:167,1
DA:168,1
DA:169,1
DA:170,1
DA:171,1
DA:172,1
DA:173,1
DA:174,1
DA:175,1
DA:176,1
DA:177,1
DA:178,1
DA:179,1
DA:180,1
DA:181,1
DA:182,1
DA:183,1
DA:184,1
DA:185,1
DA:186,1
DA:187,1
DA:188,1
DA:189,1
DA:190,1
DA:191,1
DA:192,1
DA:193,1
DA:194,1
DA:195,1
DA:196,1
DA:197,1
DA:198,1
DA:199,1
DA:200,1
DA:201,1
DA:202,1
DA:203,1
DA:204,1
DA:205,1
DA:206,1
DA:207,1
DA:208,1
DA:209,1
DA:210,1
DA:211,1
DA:212,1
DA:213,1
DA:214,1
DA:215,1
DA:216,1
DA:217,1
DA:218,1
DA:219,1
DA:220,1
DA:221,1
DA:222,1
DA:223,1
DA:224,1
DA:225,1
DA:226,1
DA:227,1
DA:228,1
DA:229,1
DA:230,1
DA:231,1
DA:232,1
DA:233,200
DA:234,200
DA:235,200
DA:236,200
DA:237,200
DA:238,200
DA:239,200
DA:240,200
DA:241,200
DA:242,200
DA:243,200
DA:244,200
DA:245,200
DA:246,200
DA:247,1
DA:248,1
DA:249,1
DA:250,1
DA:251,1
DA:252,1
DA:253,1
DA:254,1
DA:255,1
DA:256,1
DA:257,1
DA:258,1
DA:259,1
DA:260,2
DA:261,2
DA:262,2
DA:263,2
DA:264,2
DA:265,2
DA:266,2
DA:267,2
DA:268,2
DA:269,1
DA:270,1
DA:271,1
DA:272,1
DA:273,1
DA:274,1
DA:275,1
DA:276,21
DA:277,21
DA:278,20
DA:279,21
DA:280,1
DA:281,1
DA:282,1
DA:283,1
DA:284,4
DA:285,4
DA:286,4
DA:287,4
DA:288,4
DA:289,4
DA:290,1
DA:291,1
DA:292,2
DA:293,2
DA:294,2
DA:295,2
DA:296,2
DA:297,2
DA:298,2
DA:299,2
DA:300,2
DA:301,2
DA:302,2
DA:303,2
DA:304,2
DA:305,1
LF:305
LH:301
BRDA:32,0,0,11
BRDA:41,1,0,3
BRDA:42,2,0,1
BRDA:43,3,0,2
BRDA:49,4,0,3
BRDA:50,5,0,1
BRDA:51,6,0,2
BRDA:60,7,0,3
BRDA:61,8,0,1
BRDA:62,9,0,2
BRDA:65,10,0,0
BRDA:69,11,0,2
BRDA:73,12,0,12
BRDA:81,13,0,2
BRDA:84,14,0,1
BRDA:97,15,0,0
BRDA:99,16,0,1
BRDA:108,17,0,2
BRDA:114,18,0,1
BRDA:140,19,0,1
BRDA:151,20,0,0
BRDA:190,21,0,0
BRDA:222,22,0,1
BRDA:232,23,0,200
BRDA:249,24,0,0
BRDA:259,25,0,2
BRDA:270,26,0,1
BRDA:275,27,0,21
BRDA:277,28,0,1
BRDA:278,29,0,20
BRDA:283,30,0,4
BRDA:291,31,0,2
BRF:32
BRH:27
end_of_record
TN:
SF:src/systems/ScheduleSystem.ts
FN:18,ScheduleSystem
FN:22,ScheduleSystem.deliveryHandler
FN:30,activateObjectives
FN:34,checkDeliveryObjectives
FN:49,update
FN:68,checkGameOver
FN:75,getObjectives
FN:77,destroy
FNF:8
FNH:8
FNDA:28,ScheduleSystem
FNDA:17,ScheduleSystem.deliveryHandler
FNDA:28,activateObjectives
FNDA:17,checkDeliveryObjectives
FNDA:11,update
FNDA:28,checkGameOver
FNDA:18,getObjectives
FNDA:28,destroy
DA:1,1
DA:2,1
DA:3,1
DA:4,1
DA:5,1
DA:6,1
DA:7,1
DA:8,1
DA:9,1
DA:10,1
DA:11,1
DA:12,1
DA:13,1
DA:14,1
DA:15,1
DA:16,1
DA:17,1
DA:18,1
DA:19,28
DA:20,28
DA:21,28
DA:22,28
DA:23,17
DA:24,17
DA:25,17
DA:26,28
DA:27,28
DA:28,28
DA:29,1
DA:30,1
DA:31,28
DA:32,28
DA:33,1
DA:34,1
DA:35,17
DA:36,21
DA:37,16
DA:38,21
DA:39,21
DA:40,21
DA:41,12
DA:42,12
DA:43,12
DA:44,12
DA:45,21
DA:46,17
DA:47,17
DA:48,1
DA:49,1
DA:50,11
DA:51,13
DA:52,9
DA:53,13
DA:54,8
DA:55,8
DA:56,2
DA:57,2
DA:58,2
DA:59,8
DA:60,6
DA:61,6
DA:62,6
DA:63,8
DA:64,13
DA:65,11
DA:66,11
DA:67,1
DA:68,1
DA:69,28
DA:70,28
DA:71,19
DA:72,19
DA:73,19
DA:74,1
DA:75,1
DA:76,1
DA:77,1
DA:78,28
DA:79,28
DA:80,1
LF:80
LH:80
BRDA:18,0,0,28
BRDA:19,1,0,32
BRDA:22,2,0,17
BRDA:23,3,0,2
BRDA:23,4,0,15
BRDA:30,5,0,28
BRDA:31,6,0,32
BRDA:34,7,0,17
BRDA:35,8,0,21
BRDA:36,9,0,19
BRDA:36,10,0,5
BRDA:37,11,0,16
BRDA:37,12,0,2
BRDA:38,13,0,14
BRDA:38,14,0,14
BRDA:38,15,0,0
BRDA:40,16,0,14
BRDA:40,17,0,14
BRDA:40,18,0,0
BRDA:40,19,0,12
BRDA:49,20,0,11
BRDA:50,21,0,13
BRDA:51,22,0,10
BRDA:51,23,0,4
BRDA:52,24,0,9
BRDA:53,25,0,9
BRDA:53,26,0,0
BRDA:53,27,0,8
BRDA:55,28,0,0
BRDA:55,29,0,2
BRDA:59,30,0,6
BRDA:54,31,0,3
BRDA:68,32,0,28
BRDA:70,33,0,9
BRDA:71,34,0,19
BRDA:69,35,0,34
BRDA:69,36,0,15
BRDA:71,37,0,22
BRDA:75,38,0,18
BRDA:77,39,0,28
BRF:40
BRH:36
end_of_record
TN:
SF:src/systems/TrackCompleterSystem.ts
FN:51,TrackCompleterSystem
FN:61,update
FN:68,onPointerDown
FN:91,onKeyDown
FN:99,cancel
FN:106,confirm
FN:114,destroy
FN:122,runCompletion
FN:151,aStarSearch
FN:218,buildTracksFromPath
FN:255,commitPending
FN:267,clearPending
FN:276,findNearestOpenEndpoint
FN:308,drawOpenEndpoints
FN:326,drawGhostTracks
FN:345,collidesWithExistingTracks
FN:359,screenToWorld
FN:367,trackToDef
FNF:18
FNH:11
FNDA:15,TrackCompleterSystem
FNDA:61,update
FNDA:3,onPointerDown
FNDA:3,onKeyDown
FNDA:2,cancel
FNDA:3,confirm
FNDA:16,destroy
FNDA:0,runCompletion
FNDA:0,aStarSearch
FNDA:0,buildTracksFromPath
FNDA:0,commitPending
FNDA:2,clearPending
FNDA:2,findNearestOpenEndpoint
FNDA:61,drawOpenEndpoints
FNDA:0,drawGhostTracks
FNDA:0,collidesWithExistingTracks
FNDA:2,screenToWorld
FNDA:0,trackToDef
DA:1,1
DA:2,1
DA:3,1
DA:4,1
DA:5,1
DA:6,1
DA:7,1
DA:8,1
DA:9,1
DA:10,1
DA:11,1
DA:12,1
DA:13,1
DA:14,1
DA:15,1
DA:16,1
DA:17,1
DA:18,1
DA:19,1
DA:20,1
DA:21,1
DA:22,1
DA:23,1
DA:24,1
DA:25,1
DA:26,1
DA:27,1
DA:28,1
DA:29,1
DA:30,1
DA:31,1
DA:32,1
DA:33,1
DA:34,1
DA:35,1
DA:36,1
DA:37,1
DA:38,1
DA:39,1
DA:40,1
DA:41,1
DA:42,1
DA:43,1
DA:44,1
DA:45,1
DA:46,1
DA:47,1
DA:48,1
DA:49,1
DA:50,1
DA:51,1
DA:52,15
DA:53,15
DA:54,15
DA:55,15
DA:56,15
DA:57,15
DA:58,1
DA:59,1
DA:60,1
DA:61,1
DA:62,61
DA:63,61
DA:64,61
DA:65,1
DA:66,1
DA:67,1
DA:68,1
DA:69,3
DA:70,2
DA:71,2
DA:72,2
DA:73,2
DA:74,2
DA:75,1
DA:76,1
DA:77,1
DA:78,1
DA:79,1
DA:80,1
DA:81,0
DA:82,0
DA:83,0
DA:84,0
DA:85,0
DA:86,0
DA:87,0
DA:88,0
DA:89,0
DA:90,1
DA:91,1
DA:92,3
DA:93,1
DA:94,3
DA:95,2
DA:96,2
DA:97,3
DA:98,1
DA:99,1
DA:100,2
DA:101,2
DA:102,2
DA:103,2
DA:104,2
DA:105,1
DA:106,1
DA:107,3
DA:108,0
DA:109,0
DA:110,0
DA:111,0
DA:112,0
DA:113,1
DA:114,1
DA:115,16
DA:116,16
DA:117,16
DA:118,16
DA:119,1
DA:120,1
DA:121,1
DA:122,1
DA:123,0
DA:124,0
DA:125,0
DA:126,0
DA:127,0
DA:128,0
DA:129,0
DA:130,0
DA:131,0
DA:132,0
DA:133,0
DA:134,0
DA:135,0
DA:136,0
DA:137,0
DA:138,0
DA:139,0
DA:140,0
DA:141,0
DA:142,0
DA:143,0
DA:144,1
DA:145,1
DA:146,1
DA:147,1
DA:148,1
DA:149,1
DA:150,1
DA:151,1
DA:152,0
DA:153,0
DA:154,0
DA:155,0
DA:156,0
DA:157,0
DA:158,0
DA:159,0
DA:160,0
DA:161,0
DA:162,0
DA:163,0
DA:164,0
DA:165,0
DA:166,0
DA:167,0
DA:168,0
DA:169,0
DA:170,0
DA:171,0
DA:172,0
DA:173,0
DA:174,0
DA:175,0
DA:176,0
DA:177,0
DA:178,0
DA:179,0
DA:180,0
DA:181,0
DA:182,0
DA:183,0
DA:184,0
DA:185,0
DA:186,0
DA:187,0
DA:188,0
DA:189,0
DA:190,0
DA:191,0
DA:192,0
DA:193,0
DA:194,0
DA:195,0
DA:196,0
DA:197,0
DA:198,0
DA:199,0
DA:200,0
DA:201,0
DA:202,0
DA:203,0
DA:204,0
DA:205,0
DA:206,0
DA:207,0
DA:208,0
DA:209,0
DA:210,0
DA:211,0
DA:212,0
DA:213,1
DA:214,1
DA:215,1
DA:216,1
DA:217,1
DA:218,1
DA:219,0
DA:220,0
DA:221,0
DA:222,0
DA:223,0
DA:224,0
DA:225,0
DA:226,0
DA:227,0
DA:228,0
DA:229,0
DA:230,0
DA:231,0
DA:232,0
DA:233,0
DA:234,0
DA:235,0
DA:236,0
DA:237,0
DA:238,0
DA:239,0
DA:240,0
DA:241,0
DA:242,0
DA:243,0
DA:244,0
DA:245,0
DA:246,0
DA:247,0
DA:248,0
DA:249,0
DA:250,0
DA:251,0
DA:252,0
DA:253,0
DA:254,1
DA:255,1
DA:256,0
DA:257,0
DA:258,0
DA:259,0
DA:260,0
DA:261,0
DA:262,0
DA:263,0
DA:264,0
DA:265,0
DA:266,1
DA:267,1
DA:268,2
DA:269,0
DA:270,0
DA:271,2
DA:272,2
DA:273,1
DA:274,1
DA:275,1
DA:276,1
DA:277,2
DA:278,2
DA:279,2
DA:280,2
DA:281,1
DA:282,1
DA:283,1
DA:284,1
DA:285,1
DA:286,1
DA:287,1
DA:288,1
DA:289,1
DA:290,1
DA:291,1
DA:292,1
DA:293,1
DA:294,1
DA:295,1
DA:296,1
DA:297,0
DA:298,0
DA:299,0
DA:300,1
DA:301,1
DA:302,2
DA:303,2
DA:304,2
DA:305,1
DA:306,1
DA:307,1
DA:308,1
DA:309,61
DA:310,61
DA:311,61
DA:312,61
DA:313,0
DA:314,0
DA:315,0
DA:316,0
DA:317,0
DA:318,0
DA:319,0
DA:320,0
DA:321,0
DA:322,0
DA:323,0
DA:324,61
DA:325,1
DA:326,1
DA:327,0
DA:328,0
DA:329,0
DA:330,0
DA:331,0
DA:332,0
DA:333,0
DA:334,0
DA:335,0
DA:336,0
DA:337,0
DA:338,0
DA:339,0
DA:340,0
DA:341,0
DA:342,1
DA:343,1
DA:344,1
DA:345,1
DA:346,0
DA:347,0
DA:348,0
DA:349,0
DA:350,0
DA:351,0
DA:352,0
DA:353,0
DA:354,0
DA:355,0
DA:356,1
DA:357,1
DA:358,1
DA:359,1
DA:360,2
DA:361,2
DA:362,2
DA:363,2
DA:364,2
DA:365,2
DA:366,1
DA:367,1
DA:368,0
DA:369,0
DA:370,0
DA:371,0
DA:372,0
DA:373,0
DA:374,0
DA:375,0
DA:376,0
DA:377,0
DA:378,0
DA:379,0
DA:380,0
DA:381,1
LF:381
LH:186
BRDA:51,0,0,15
BRDA:61,1,0,61
BRDA:68,2,0,3
BRDA:69,3,0,1
BRDA:70,4,0,2
BRDA:70,5,0,0
BRDA:71,6,0,2
BRDA:74,7,0,1
BRDA:81,8,0,0
BRDA:91,9,0,3
BRDA:92,10,0,1
BRDA:94,11,0,2
BRDA:94,12,0,1
BRDA:99,13,0,2
BRDA:106,14,0,3
BRDA:108,15,0,0
BRDA:114,16,0,16
BRDA:267,17,0,2
BRDA:268,18,0,0
BRDA:276,19,0,2
BRDA:280,20,0,1
BRDA:296,21,0,0
BRDA:308,22,0,61
BRDA:312,23,0,0
BRDA:359,24,0,2
BRF:25
BRH:19
end_of_record
TN:
SF:src/systems/TrackFlowSolver.ts
FN:13,TrackFlowSolver
FN:20,isTrackManager
FN:24,syncTrackState
FN:45,getClosestRailTrack
FN:92,drawForceArrow
FN:113,clearDebugGraphics
FN:119,checkAngleDirection
FN:132,getFrontContactPoint
FN:141,getRearContactPoint
FN:150,getTrackForces
FN:168,applyTrackFlowForces
FNF:11
FNH:11
FNDA:22,TrackFlowSolver
FNDA:10,isTrackManager
FNDA:3,syncTrackState
FNDA:9,getClosestRailTrack
FNDA:7,drawForceArrow
FNDA:1,clearDebugGraphics
FNDA:12,checkAngleDirection
FNDA:3,getFrontContactPoint
FNDA:3,getRearContactPoint
FNDA:4,getTrackForces
FNDA:3,applyTrackFlowForces
DA:1,1
DA:2,1
DA:3,1
DA:4,1
DA:5,1
DA:6,1
DA:7,1
DA:8,1
DA:9,1
DA:10,1
DA:11,1
DA:12,1
DA:13,1
DA:14,22
DA:15,22
DA:16,22
DA:17,22
DA:18,22
DA:19,1
DA:20,1
DA:21,10
DA:22,10
DA:23,1
DA:24,1
DA:25,3
DA:26,1
DA:27,1
DA:28,1
DA:29,2
DA:30,3
DA:31,1
DA:32,1
DA:33,2
DA:34,2
DA:35,3
DA:36,1
DA:37,1
DA:38,1
DA:39,1
DA:40,1
DA:41,1
DA:42,1
DA:43,1
DA:44,1
DA:45,1
DA:46,9
DA:47,9
DA:48,9
DA:49,9
DA:50,3
DA:51,1
DA:52,1
DA:53,0
DA:54,0
DA:55,0
DA:56,0
DA:57,0
DA:58,0
DA:59,0
DA:60,0
DA:61,0
DA:62,0
DA:63,0
DA:64,0
DA:65,0
DA:66,0
DA:67,1
DA:68,3
DA:69,3
DA:70,6
DA:71,6
DA:72,6
DA:73,6
DA:74,6
DA:75,6
DA:76,6
DA:77,9
DA:78,2
DA:79,2
DA:80,6
DA:81,9
DA:82,2
DA:83,0
DA:84,0
DA:85,0
DA:86,2
DA:87,2
DA:88,4
DA:89,4
DA:90,4
DA:91,1
DA:92,1
DA:93,7
DA:94,7
DA:95,7
DA:96,0
DA:97,0
DA:98,0
DA:99,0
DA:100,0
DA:101,0
DA:102,0
DA:103,0
DA:104,0
DA:105,0
DA:106,0
DA:107,0
DA:108,0
DA:109,0
DA:110,0
DA:111,0
DA:112,1
DA:113,1
DA:114,1
DA:115,1
DA:116,1
DA:117,1
DA:118,1
DA:119,1
DA:120,12
DA:121,12
DA:122,12
DA:123,2
DA:124,2
DA:125,12
DA:126,12
DA:127,12
DA:128,12
DA:129,12
DA:130,12
DA:131,1
DA:132,1
DA:133,3
DA:134,3
DA:135,3
DA:136,3
DA:137,3
DA:138,3
DA:139,3
DA:140,1
DA:141,1
DA:142,3
DA:143,3
DA:144,3
DA:145,3
DA:146,3
DA:147,3
DA:148,3
DA:149,1
DA:150,1
DA:151,4
DA:152,4
DA:153,4
DA:154,4
DA:155,4
DA:156,4
DA:157,4
DA:158,2
DA:159,2
DA:160,2
DA:161,1
DA:162,1
DA:163,1
DA:164,4
DA:165,4
DA:166,4
DA:167,1
DA:168,1
DA:169,3
DA:170,3
DA:171,2
DA:172,2
DA:173,1
DA:174,1
DA:175,3
DA:176,0
DA:177,0
DA:178,1
DA:179,1
DA:180,1
DA:181,1
DA:182,1
DA:183,1
DA:184,1
DA:185,1
DA:186,1
DA:187,1
DA:188,0
DA:189,0
DA:190,0
DA:191,0
DA:192,0
DA:193,0
DA:194,0
DA:195,0
DA:196,0
DA:197,0
DA:198,0
DA:199,0
DA:200,0
DA:201,0
DA:202,0
DA:203,0
DA:204,0
DA:205,0
DA:206,1
DA:207,1
DA:208,1
DA:209,1
DA:210,1
DA:211,1
DA:212,1
DA:213,1
DA:214,1
DA:215,1
DA:216,1
DA:217,1
DA:218,1
DA:219,1
DA:220,1
LF:220
LH:167
BRDA:13,0,0,22
BRDA:16,1,0,0
BRDA:20,2,0,10
BRDA:24,3,0,3
BRDA:25,4,0,1
BRDA:29,5,0,2
BRDA:30,6,0,1
BRDA:33,7,0,2
BRDA:35,8,0,1
BRDA:45,9,0,9
BRDA:49,10,0,3
BRDA:50,11,0,1
BRDA:52,12,0,0
BRDA:68,13,0,2
BRDA:68,14,0,1
BRDA:70,15,0,6
BRDA:77,16,0,2
BRDA:80,17,0,6
BRDA:81,18,0,2
BRDA:88,19,0,4
BRDA:71,20,0,6
BRDA:92,21,0,7
BRDA:96,22,0,0
BRDA:113,23,0,1
BRDA:119,24,0,12
BRDA:122,25,0,2
BRDA:127,26,0,0
BRDA:128,27,0,0
BRDA:132,28,0,3
BRDA:141,29,0,3
BRDA:150,30,0,4
BRDA:157,31,0,2
BRDA:160,32,0,1
BRDA:168,33,0,3
BRDA:170,34,0,2
BRDA:173,35,0,1
BRDA:175,36,0,0
BRDA:178,37,0,1
BRDA:187,38,0,0
BRF:39
BRH:32
end_of_record
TN:
SF:src/systems/TrackGenerator.ts
FN:21,TrackGenerator
FN:27,generateTracks
FN:103,continueFromTrack
FNF:3
FNH:3
FNDA:14,TrackGenerator
FNDA:11,generateTracks
FNDA:2,continueFromTrack
DA:1,1
DA:2,1
DA:3,1
DA:4,1
DA:5,1
DA:6,1
DA:7,1
DA:8,1
DA:9,1
DA:10,1
DA:11,1
DA:12,1
DA:13,1
DA:14,1
DA:15,1
DA:16,1
DA:17,1
DA:18,1
DA:19,1
DA:20,1
DA:21,1
DA:22,14
DA:23,14
DA:24,14
DA:25,14
DA:26,1
DA:27,1
DA:28,11
DA:29,11
DA:30,11
DA:31,11
DA:32,11
DA:33,11
DA:34,11
DA:35,11
DA:36,11
DA:37,11
DA:38,11
DA:39,11
DA:40,11
DA:41,11
DA:42,11
DA:43,9
DA:44,9
DA:45,11
DA:46,1
DA:47,1
DA:48,1
DA:49,1
DA:50,1
DA:51,1
DA:52,1
DA:53,10
DA:54,10
DA:55,10
DA:56,10
DA:57,10
DA:58,10
DA:59,10
DA:60,10
DA:61,10
DA:62,10
DA:63,10
DA:64,10
DA:65,11
DA:66,27
DA:67,27
DA:68,27
DA:69,27
DA:70,9
DA:71,9
DA:72,9
DA:73,9
DA:74,9
DA:75,9
DA:76,9
DA:77,9
DA:78,9
DA:79,9
DA:80,9
DA:81,9
DA:82,9
DA:83,9
DA:84,9
DA:85,9
DA:86,27
DA:87,18
DA:88,18
DA:89,18
DA:90,18
DA:91,18
DA:92,27
DA:93,27
DA:94,27
DA:95,27
DA:96,27
DA:97,27
DA:98,27
DA:99,10
DA:100,10
DA:101,10
DA:102,1
DA:103,1
DA:104,2
DA:105,2
DA:106,2
DA:107,2
DA:108,2
DA:109,2
DA:110,2
DA:111,2
DA:112,2
DA:113,2
DA:114,2
DA:115,1
LF:115
LH:115
BRDA:21,0,0,14
BRDA:24,1,0,1
BRDA:27,2,0,11
BRDA:42,3,0,9
BRDA:42,4,0,9
BRDA:45,5,0,2
BRDA:45,6,0,1
BRDA:53,7,0,10
BRDA:65,8,0,27
BRDA:69,9,0,9
BRDA:70,10,0,4
BRDA:70,11,0,5
BRDA:86,12,0,18
BRDA:99,13,0,10
BRDA:103,14,0,2
BRF:15
BRH:15
end_of_record
TN:
SF:src/ui/CreateModeToolbar.ts
FN:41,CreateModeToolbar
FN:37,CreateModeToolbar.toastHandler
FN:50,get currentTool
FN:54,build
FN:91,onPress
FN:109,selectTool
FN:124,showToast
FN:139,setVisible
FN:145,destroy
FNF:9
FNH:8
FNDA:21,CreateModeToolbar
FNDA:1,CreateModeToolbar.toastHandler
FNDA:8,get currentTool
FNDA:21,build
FNDA:0,onPress
FNDA:13,selectTool
FNDA:3,showToast
FNDA:3,setVisible
FNDA:21,destroy
DA:1,1
DA:2,1
DA:3,1
DA:4,1
DA:5,1
DA:6,1
DA:7,1
DA:8,1
DA:9,1
DA:10,1
DA:11,1
DA:12,1
DA:13,1
DA:14,1
DA:15,1
DA:16,1
DA:17,1
DA:18,1
DA:19,1
DA:20,1
DA:21,1
DA:22,1
DA:23,1
DA:24,1
DA:25,1
DA:26,1
DA:27,1
DA:28,1
DA:29,1
DA:30,1
DA:31,1
DA:32,1
DA:33,1
DA:34,1
DA:35,1
DA:36,1
DA:37,1
DA:38,1
DA:39,1
DA:40,1
DA:41,1
DA:42,21
DA:43,21
DA:44,21
DA:45,21
DA:46,0
DA:47,21
DA:48,21
DA:49,1
DA:50,1
DA:51,1
DA:52,1
DA:53,1
DA:54,1
DA:55,21
DA:56,21
DA:57,21
DA:58,21
DA:59,21
DA:60,21
DA:61,21
DA:62,21
DA:63,21
DA:64,21
DA:65,21
DA:66,21
DA:67,21
DA:68,21
DA:69,21
DA:70,21
DA:71,21
DA:72,21
DA:73,21
DA:74,21
DA:75,21
DA:76,21
DA:77,21
DA:78,21
DA:79,21
DA:80,21
DA:81,21
DA:82,21
DA:83,21
DA:84,84
DA:85,84
DA:86,84
DA:87,84
DA:88,84
DA:89,84
DA:90,84
DA:91,84
DA:92,84
DA:93,84
DA:94,21
DA:95,21
DA:96,21
DA:97,21
DA:98,21
DA:99,21
DA:100,21
DA:101,21
DA:102,21
DA:103,21
DA:104,21
DA:105,21
DA:106,1
DA:107,1
DA:108,1
DA:109,1
DA:110,13
DA:111,2
DA:112,2
DA:113,2
DA:114,13
DA:115,13
DA:116,52
DA:117,52
DA:118,13
DA:119,13
DA:120,13
DA:121,1
DA:122,1
DA:123,1
DA:124,1
DA:125,3
DA:126,3
DA:127,3
DA:128,3
DA:129,3
DA:130,3
DA:131,3
DA:132,3
DA:133,0
DA:134,3
DA:135,3
DA:136,1
DA:137,1
DA:138,1
DA:139,1
DA:140,3
DA:141,3
DA:142,3
DA:143,3
DA:144,1
DA:145,1
DA:146,21
DA:147,21
DA:148,21
DA:149,21
DA:150,21
DA:151,21
DA:152,1
LF:152
LH:150
BRDA:41,0,0,21
BRDA:37,1,0,1
BRDA:50,2,0,8
BRDA:54,3,0,21
BRDA:59,4,0,2
BRDA:59,5,0,19
BRDA:60,6,0,2
BRDA:60,7,0,19
BRDA:62,8,0,2
BRDA:62,9,0,19
BRDA:69,10,0,2
BRDA:69,11,0,19
BRDA:72,12,0,2
BRDA:72,13,0,19
BRDA:73,14,0,2
BRDA:73,15,0,19
BRDA:77,16,0,2
BRDA:77,17,0,19
BRDA:78,18,0,2
BRDA:78,19,0,19
BRDA:79,20,0,2
BRDA:79,21,0,19
BRDA:80,22,0,2
BRDA:80,23,0,19
BRDA:97,24,0,2
BRDA:97,25,0,19
BRDA:103,26,0,2
BRDA:103,27,0,19
BRDA:103,28,0,2
BRDA:103,29,0,19
BRDA:83,30,0,84
BRDA:109,31,0,13
BRDA:110,32,0,2
BRDA:115,33,0,52
BRDA:124,34,0,3
BRDA:130,35,0,0
BRDA:131,36,0,0
BRDA:139,37,0,3
BRDA:142,38,0,2
BRDA:141,39,0,12
BRDA:145,40,0,21
BRDA:149,41,0,3
BRDA:146,42,0,84
BRF:43
BRH:41
end_of_record
TN:
SF:src/ui/ToolbarButton.ts
FN:27,ToolbarButton
FN:63,get isActive
FN:65,setActive
FN:76,setVisible
FN:80,destroy
FNF:5
FNH:4
FNDA:84,ToolbarButton
FNDA:0,get isActive
FNDA:52,setActive
FNDA:12,setVisible
FNDA:84,destroy
DA:1,1
DA:2,1
DA:3,1
DA:4,1
DA:5,1
DA:6,1
DA:7,1
DA:8,1
DA:9,1
DA:10,1
DA:11,1
DA:12,1
DA:13,1
DA:14,1
DA:15,1
DA:16,1
DA:17,1
DA:18,1
DA:19,1
DA:20,1
DA:21,1
DA:22,1
DA:23,1
DA:24,1
DA:25,1
DA:26,1
DA:27,1
DA:28,84
DA:29,84
DA:30,84
DA:31,84
DA:32,84
DA:33,84
DA:34,84
DA:35,84
DA:36,84
DA:37,84
DA:38,84
DA:39,84
DA:40,84
DA:41,84
DA:42,84
DA:43,84
DA:44,84
DA:45,0
DA:46,84
DA:47,84
DA:48,0
DA:49,84
DA:50,84
DA:51,0
DA:52,84
DA:53,84
DA:54,84
DA:55,84
DA:56,84
DA:57,84
DA:58,84
DA:59,84
DA:60,84
DA:61,84
DA:62,1
DA:63,1
DA:64,1
DA:65,1
DA:66,52
DA:67,52
DA:68,11
DA:69,11
DA:70,52
DA:71,41
DA:72,41
DA:73,41
DA:74,52
DA:75,1
DA:76,1
DA:77,12
DA:78,12
DA:79,1
DA:80,1
DA:81,84
DA:82,84
DA:83,1
LF:83
LH:80
BRDA:27,0,0,84
BRDA:30,1,0,0
BRDA:31,2,0,0
BRDA:32,3,0,0
BRDA:33,4,0,0
BRDA:34,5,0,0
BRDA:35,6,0,0
BRDA:36,7,0,0
BRDA:36,8,0,0
BRDA:65,9,0,52
BRDA:67,10,0,11
BRDA:70,11,0,41
BRDA:76,12,0,12
BRDA:80,13,0,84
BRF:14
BRH:6
end_of_record
TN:
SF:src/utils/math.ts
FN:4,projectVector
FN:20,qVec
FN:24,isCurveTight
FN:52,calculateTangent
FN:65,toBezierPoints
FN:90,toCubicBezierPoints
FN:141,midPoint
FN:155,PIDController
FN:163,calculate
FN:181,setCurrentDelta
FNF:10
FNH:10
FNDA:3,projectVector
FNDA:16,qVec
FNDA:5,isCurveTight
FNDA:76,calculateTangent
FNDA:4,toBezierPoints
FNDA:5,toCubicBezierPoints
FNDA:6,midPoint
FNDA:66,PIDController
FNDA:8,calculate
FNDA:12,setCurrentDelta
DA:1,1
DA:2,1
DA:3,1
DA:4,3
DA:5,3
DA:6,3
DA:7,3
DA:8,3
DA:9,1
DA:10,1
DA:11,1
DA:12,2
DA:13,2
DA:14,2
DA:15,2
DA:16,2
DA:17,2
DA:18,2
DA:19,1
DA:20,16
DA:21,16
DA:22,16
DA:23,1
DA:24,5
DA:25,5
DA:26,5
DA:27,5
DA:28,5
DA:29,5
DA:30,71
DA:31,71
DA:32,71
DA:33,71
DA:34,0
DA:35,0
DA:36,0
DA:37,71
DA:38,71
DA:39,71
DA:40,71
DA:41,71
DA:42,1
DA:43,1
DA:44,1
DA:45,70
DA:46,70
DA:47,70
DA:48,4
DA:49,4
DA:50,4
DA:51,1
DA:52,76
DA:53,76
DA:54,76
DA:55,76
DA:56,76
DA:57,76
DA:58,76
DA:59,76
DA:60,76
DA:61,76
DA:62,76
DA:63,76
DA:64,1
DA:65,4
DA:66,4
DA:67,4
DA:68,4
DA:69,4
DA:70,4
DA:71,4
DA:72,3
DA:73,3
DA:74,3
DA:75,3
DA:76,3
DA:77,3
DA:78,3
DA:79,3
DA:80,3
DA:81,3
DA:82,4
DA:83,4
DA:84,4
DA:85,4
DA:86,4
DA:87,4
DA:88,4
DA:89,1
DA:90,5
DA:91,5
DA:92,5
DA:93,5
DA:94,10
DA:95,10
DA:96,10
DA:97,10
DA:98,10
DA:99,10
DA:100,10
DA:101,10
DA:102,10
DA:103,10
DA:104,10
DA:105,10
DA:106,10
DA:107,10
DA:108,10
DA:109,10
DA:110,10
DA:111,5
DA:112,5
DA:113,5
DA:114,1
DA:115,1
DA:116,1
DA:117,1
DA:118,1
DA:119,1
DA:120,1
DA:121,1
DA:122,1
DA:123,1
DA:124,1
DA:125,1
DA:126,1
DA:127,1
DA:128,1
DA:129,1
DA:130,1
DA:131,1
DA:132,1
DA:133,1
DA:134,1
DA:135,1
DA:136,1
DA:137,1
DA:138,1
DA:139,1
DA:140,1
DA:141,6
DA:142,6
DA:143,6
DA:144,6
DA:145,6
DA:146,6
DA:147,1
DA:148,1
DA:149,1
DA:150,1
DA:151,1
DA:152,1
DA:153,1
DA:154,1
DA:155,1
DA:156,66
DA:157,66
DA:158,66
DA:159,66
DA:160,66
DA:161,66
DA:162,1
DA:163,1
DA:164,8
DA:165,8
DA:166,8
DA:167,8
DA:168,8
DA:169,8
DA:170,8
DA:171,8
DA:172,8
DA:173,8
DA:174,8
DA:175,8
DA:176,8
DA:177,8
DA:178,8
DA:179,8
DA:180,1
DA:181,1
DA:182,12
DA:183,12
DA:184,1
LF:184
LH:181
BRDA:4,0,0,3
BRDA:8,1,0,1
BRDA:12,2,0,2
BRDA:20,3,0,16
BRDA:24,4,0,5
BRDA:29,5,0,71
BRDA:33,6,0,0
BRDA:41,7,0,1
BRDA:45,8,0,70
BRDA:48,9,0,4
BRDA:52,10,0,76
BRDA:65,11,0,4
BRDA:71,12,0,3
BRDA:90,13,0,5
BRDA:93,14,0,10
BRDA:94,15,0,5
BRDA:94,16,0,5
BRDA:97,17,0,5
BRDA:97,18,0,5
BRDA:141,19,0,6
BRDA:155,20,0,66
BRDA:163,21,0,8
BRDA:181,22,0,12
BRF:23
BRH:22
end_of_record
TN:
SF:src/utils/physics.ts
FN:9,guideForceTowardsPoint
FN:35,matterScaling
FN:75,limitForceToLateralApplication
FN:93,applyForceToGameObject
FNF:4
FNH:4
FNDA:14,guideForceTowardsPoint
FNDA:38,matterScaling
FNDA:4,limitForceToLateralApplication
FNDA:5,applyForceToGameObject
DA:1,1
DA:2,1
DA:3,1
DA:4,1
DA:5,1
DA:6,1
DA:7,1
DA:8,1
DA:9,14
DA:10,14
DA:11,14
DA:12,14
DA:13,14
DA:14,14
DA:15,14
DA:16,14
DA:17,14
DA:18,14
DA:19,14
DA:20,10
DA:21,10
DA:22,10
DA:23,10
DA:24,10
DA:25,8
DA:26,8
DA:27,8
DA:28,8
DA:29,10
DA:30,14
DA:31,14
DA:32,14
DA:33,14
DA:34,1
DA:35,38
DA:36,38
DA:37,38
DA:38,38
DA:39,38
DA:40,38
DA:41,38
DA:42,38
DA:43,38
DA:44,38
DA:45,38
DA:46,38
DA:47,38
DA:48,38
DA:49,38
DA:50,38
DA:51,38
DA:52,38
DA:53,38
DA:54,38
DA:55,38
DA:56,38
DA:57,38
DA:58,38
DA:59,38
DA:60,38
DA:61,38
DA:62,38
DA:63,38
DA:64,38
DA:65,38
DA:66,38
DA:67,38
DA:68,38
DA:69,38
DA:70,38
DA:71,38
DA:72,38
DA:73,1
DA:74,1
DA:75,4
DA:76,4
DA:77,4
DA:78,4
DA:79,4
DA:80,4
DA:81,4
DA:82,4
DA:83,4
DA:84,4
DA:85,4
DA:86,4
DA:87,4
DA:88,4
DA:89,4
DA:90,4
DA:91,4
DA:92,1
DA:93,5
DA:94,5
DA:95,5
DA:96,5
DA:97,5
LF:97
LH:97
BRDA:9,0,0,14
BRDA:19,1,0,10
BRDA:24,2,0,8
BRDA:35,3,0,38
BRDA:75,4,0,4
BRDA:93,5,0,5
BRF:6
BRH:6
end_of_record
TN:
SF:src/utils/responsive.ts
FN:28,uiScale
FN:46,responsiveFontSize
FN:61,isMobileWidth
FN:71,touchSafeSize
FN:83,scalePx
FNF:5
FNH:5
FNDA:14,uiScale
FNDA:6,responsiveFontSize
FNDA:25,isMobileWidth
FNDA:4,touchSafeSize
FNDA:3,scalePx
DA:1,1
DA:2,1
DA:3,1
DA:4,1
DA:5,1
DA:6,1
DA:7,1
DA:8,1
DA:9,1
DA:10,1
DA:11,1
DA:12,1
DA:13,1
DA:14,1
DA:15,1
DA:16,1
DA:17,1
DA:18,1
DA:19,1
DA:20,1
DA:21,1
DA:22,1
DA:23,1
DA:24,1
DA:25,1
DA:26,1
DA:27,1
DA:28,14
DA:29,14
DA:30,14
DA:31,14
DA:32,14
DA:33,14
DA:34,14
DA:35,14
DA:36,1
DA:37,1
DA:38,1
DA:39,1
DA:40,1
DA:41,1
DA:42,1
DA:43,1
DA:44,1
DA:45,1
DA:46,6
DA:47,6
DA:48,6
DA:49,6
DA:50,6
DA:51,6
DA:52,6
DA:53,6
DA:54,6
DA:55,6
DA:56,6
DA:57,1
DA:58,1
DA:59,1
DA:60,1
DA:61,25
DA:62,25
DA:63,25
DA:64,1
DA:65,1
DA:66,1
DA:67,1
DA:68,1
DA:69,1
DA:70,1
DA:71,4
DA:72,4
DA:73,4
DA:74,1
DA:75,1
DA:76,1
DA:77,1
DA:78,1
DA:79,1
DA:80,1
DA:81,1
DA:82,1
DA:83,3
DA:84,3
DA:85,3
DA:86,3
DA:87,3
DA:88,3
DA:89,3
DA:90,3
DA:91,3
LF:91
LH:91
BRDA:28,0,0,14
BRDA:46,1,0,6
BRDA:61,2,0,25
BRDA:71,3,0,4
BRDA:83,4,0,3
BRF:5
BRH:5
end_of_record
