TN:
SF:src/config/GameConfig.ts
FNF:0
FNH:0
DA:1,1
DA:2,1
DA:3,1
DA:4,1
DA:5,1
DA:6,1
DA:7,1
DA:8,1
DA:9,1
DA:10,1
DA:11,1
DA:12,1
DA:13,1
DA:14,1
DA:15,1
DA:16,1
DA:17,1
LF:17
LH:17
BRF:0
BRH:0
end_of_record
TN:
SF:src/config/LevelData.ts
FNF:0
FNH:0
DA:1,1
DA:2,1
DA:3,1
DA:4,1
DA:5,1
DA:6,1
DA:7,1
DA:8,1
DA:9,1
DA:10,1
DA:11,1
DA:12,1
DA:13,1
DA:14,1
DA:15,1
DA:16,1
DA:17,1
DA:18,1
DA:19,1
DA:20,1
DA:21,1
DA:22,1
DA:23,1
DA:24,1
DA:25,1
DA:26,1
DA:27,1
DA:28,1
DA:29,1
DA:30,1
DA:31,1
DA:32,1
DA:33,1
DA:34,1
DA:35,1
DA:36,1
DA:37,1
DA:38,1
DA:39,1
DA:40,1
DA:41,1
DA:42,1
DA:43,1
DA:44,1
DA:45,1
DA:46,1
DA:47,1
DA:48,1
DA:49,1
DA:50,1
DA:51,1
DA:52,1
DA:53,1
DA:54,1
DA:55,1
DA:56,1
DA:57,1
DA:58,1
DA:59,1
DA:60,1
DA:61,1
LF:61
LH:61
BRF:0
BRH:0
end_of_record
TN:
SF:src/entities/Junction.ts
FN:21,Junction
FN:45,get branchState
FN:49,set branchState
FN:53,getActiveTrack
FN:57,getActiveBranchTrack
FN:61,getInactiveBranchTrack
FN:65,toggle
FN:80,getForceScale
FN:93,getAllTracks
FN:97,getUUID
FN:101,getMainTrack
FN:105,getLeftTrack
FN:109,getRightTrack
FN:113,getPosition
FN:117,getBranchLength
FN:121,isSwitched
FN:125,hasNext
FN:129,hasPrevious
FN:133,getNext
FN:137,getPrevious
FN:141,setNext
FN:145,setPrevious
FN:149,isJunction
FN:153,isTrack
FNF:24
FNH:24
FNDA:31,Junction
FNDA:5,get branchState
FNDA:3,set branchState
FNDA:1,getActiveTrack
FNDA:6,getActiveBranchTrack
FNDA:5,getInactiveBranchTrack
FNDA:8,toggle
FNDA:4,getForceScale
FNDA:2,getAllTracks
FNDA:8,getUUID
FNDA:6,getMainTrack
FNDA:6,getLeftTrack
FNDA:6,getRightTrack
FNDA:5,getPosition
FNDA:1,getBranchLength
FNDA:2,isSwitched
FNDA:3,hasNext
FNDA:2,hasPrevious
FNDA:1,getNext
FNDA:1,getPrevious
FNDA:7,setNext
FNDA:1,setPrevious
FNDA:1,isJunction
FNDA:1,isTrack
DA:1,1
DA:2,1
DA:3,1
DA:4,1
DA:5,1
DA:6,1
DA:7,1
DA:8,1
DA:9,1
DA:10,1
DA:11,1
DA:12,1
DA:13,1
DA:14,1
DA:15,1
DA:16,1
DA:17,1
DA:18,1
DA:19,1
DA:20,1
DA:21,1
DA:22,31
DA:23,31
DA:24,31
DA:25,31
DA:26,31
DA:27,31
DA:28,31
DA:29,31
DA:30,31
DA:31,31
DA:32,31
DA:33,31
DA:34,31
DA:35,31
DA:36,31
DA:37,31
DA:38,0
DA:39,31
DA:40,31
DA:41,31
DA:42,31
DA:43,31
DA:44,1
DA:45,1
DA:46,5
DA:47,5
DA:48,1
DA:49,1
DA:50,3
DA:51,3
DA:52,1
DA:53,1
DA:54,1
DA:55,1
DA:56,1
DA:57,1
DA:58,6
DA:59,6
DA:60,1
DA:61,1
DA:62,5
DA:63,5
DA:64,1
DA:65,1
DA:66,8
DA:67,8
DA:68,8
DA:69,8
DA:70,6
DA:71,6
DA:72,8
DA:73,2
DA:74,2
DA:75,2
DA:76,8
DA:77,8
DA:78,8
DA:79,1
DA:80,1
DA:81,4
DA:82,1
DA:83,1
DA:84,4
DA:85,1
DA:86,1
DA:87,4
DA:88,1
DA:89,1
DA:90,1
DA:91,1
DA:92,1
DA:93,1
DA:94,2
DA:95,2
DA:96,1
DA:97,1
DA:98,8
DA:99,8
DA:100,1
DA:101,1
DA:102,6
DA:103,6
DA:104,1
DA:105,1
DA:106,6
DA:107,6
DA:108,1
DA:109,1
DA:110,6
DA:111,6
DA:112,1
DA:113,1
DA:114,5
DA:115,5
DA:116,1
DA:117,1
DA:118,1
DA:119,1
DA:120,1
DA:121,1
DA:122,2
DA:123,2
DA:124,1
DA:125,1
DA:126,3
DA:127,3
DA:128,1
DA:129,1
DA:130,2
DA:131,2
DA:132,1
DA:133,1
DA:134,1
DA:135,1
DA:136,1
DA:137,1
DA:138,1
DA:139,1
DA:140,1
DA:141,1
DA:142,7
DA:143,7
DA:144,1
DA:145,1
DA:146,1
DA:147,1
DA:148,1
DA:149,1
DA:150,1
DA:151,1
DA:152,1
DA:153,1
DA:154,1
DA:155,1
DA:156,1
LF:156
LH:155
BRDA:21,0,0,31
BRDA:45,1,0,5
BRDA:49,2,0,3
BRDA:53,3,0,1
BRDA:57,4,0,6
BRDA:58,5,0,1
BRDA:58,6,0,5
BRDA:61,7,0,5
BRDA:62,8,0,1
BRDA:62,9,0,4
BRDA:65,10,0,8
BRDA:66,11,0,2
BRDA:66,12,0,6
BRDA:69,13,0,6
BRDA:72,14,0,2
BRDA:80,15,0,4
BRDA:81,16,0,1
BRDA:84,17,0,3
BRDA:84,18,0,1
BRDA:87,19,0,2
BRDA:87,20,0,1
BRDA:93,21,0,2
BRDA:97,22,0,8
BRDA:101,23,0,6
BRDA:105,24,0,6
BRDA:109,25,0,6
BRDA:113,26,0,5
BRDA:117,27,0,1
BRDA:121,28,0,2
BRDA:125,29,0,3
BRDA:129,30,0,2
BRDA:133,31,0,1
BRDA:137,32,0,1
BRDA:141,33,0,7
BRDA:145,34,0,1
BRDA:149,35,0,1
BRDA:153,36,0,1
BRF:37
BRH:37
end_of_record
TN:
SF:src/entities/RailTrack.ts
FN:36,RailTrack
FN:44,createTracks
FN:57,createTrackSegment
FN:73,updateTrackVectors
FN:84,getTrackAngle
FN:90,getTrackPoint
FN:95,getTrackPosition
FN:115,getCurvePath
FN:119,getUUID
FN:123,hasNext
FN:127,hasPrevious
FN:131,getNext
FN:135,getPrevious
FN:139,setNext
FN:143,setPrevious
FN:147,isJunction
FN:151,isTrack
FNF:17
FNH:14
FNDA:221,RailTrack
FNDA:221,createTracks
FNDA:2048,createTrackSegment
FNDA:221,updateTrackVectors
FNDA:3,getTrackAngle
FNDA:12,getTrackPoint
FNDA:19,getTrackPosition
FNDA:828,getCurvePath
FNDA:88,getUUID
FNDA:1,hasNext
FNDA:0,hasPrevious
FNDA:0,getNext
FNDA:0,getPrevious
FNDA:58,setNext
FNDA:54,setPrevious
FNDA:1,isJunction
FNDA:1,isTrack
DA:1,1
DA:2,1
DA:3,1
DA:4,1
DA:5,1
DA:6,1
DA:7,1
DA:8,1
DA:9,1
DA:10,1
DA:11,1
DA:12,1
DA:13,1
DA:14,1
DA:15,1
DA:16,1
DA:17,1
DA:18,1
DA:19,1
DA:20,1
DA:21,1
DA:22,1
DA:23,1
DA:24,1
DA:25,1
DA:26,1
DA:27,1
DA:28,1
DA:29,1
DA:30,1
DA:31,1
DA:32,1
DA:33,1
DA:34,1
DA:35,1
DA:36,1
DA:37,221
DA:38,221
DA:39,221
DA:40,221
DA:41,221
DA:42,221
DA:43,1
DA:44,1
DA:45,221
DA:46,221
DA:47,221
DA:48,221
DA:49,1024
DA:50,1024
DA:51,221
DA:52,221
DA:53,1024
DA:54,1024
DA:55,221
DA:56,1
DA:57,1
DA:58,2048
DA:59,2048
DA:60,2048
DA:61,2048
DA:62,2048
DA:63,2048
DA:64,2048
DA:65,2048
DA:66,2048
DA:67,2048
DA:68,2048
DA:69,2048
DA:70,2048
DA:71,2048
DA:72,1
DA:73,1
DA:74,221
DA:75,221
DA:76,221
DA:77,221
DA:78,221
DA:79,221
DA:80,221
DA:81,221
DA:82,221
DA:83,1
DA:84,1
DA:85,3
DA:86,3
DA:87,3
DA:88,3
DA:89,1
DA:90,1
DA:91,12
DA:92,12
DA:93,12
DA:94,1
DA:95,1
DA:96,19
DA:97,19
DA:98,19
DA:99,19
DA:100,19
DA:101,19
DA:102,19
DA:103,19019
DA:104,19019
DA:105,19019
DA:106,19019
DA:107,9519
DA:108,9519
DA:109,9519
DA:110,19019
DA:111,19
DA:112,19
DA:113,19
DA:114,1
DA:115,1
DA:116,828
DA:117,828
DA:118,1
DA:119,1
DA:120,88
DA:121,88
DA:122,1
DA:123,1
DA:124,1
DA:125,1
DA:126,1
DA:127,1
DA:128,0
DA:129,0
DA:130,1
DA:131,1
DA:132,0
DA:133,0
DA:134,1
DA:135,1
DA:136,0
DA:137,0
DA:138,1
DA:139,1
DA:140,58
DA:141,58
DA:142,1
DA:143,1
DA:144,54
DA:145,54
DA:146,1
DA:147,1
DA:148,1
DA:149,1
DA:150,1
DA:151,1
DA:152,1
DA:153,1
DA:154,1
LF:154
LH:148
BRDA:36,0,0,221
BRDA:44,1,0,221
BRDA:48,2,0,1024
BRDA:52,3,0,1024
BRDA:57,4,0,2048
BRDA:73,5,0,221
BRDA:84,6,0,3
BRDA:90,7,0,12
BRDA:95,8,0,19
BRDA:99,9,0,18
BRDA:99,10,0,1
BRDA:100,11,0,18
BRDA:100,12,0,1
BRDA:102,13,0,19019
BRDA:106,14,0,9519
BRDA:115,15,0,828
BRDA:119,16,0,88
BRDA:123,17,0,1
BRDA:139,18,0,58
BRDA:143,19,0,54
BRDA:147,20,0,1
BRDA:151,21,0,1
BRF:22
BRH:22
end_of_record
TN:
SF:src/entities/Station.ts
FN:18,Station
FN:47,update
FN:57,boardPassengers
FN:67,deliverPassengers
FN:73,getWaiting
FN:74,getTrack
FN:75,getTrackT
FNF:7
FNH:7
FNDA:18,Station
FNDA:9,update
FNDA:6,boardPassengers
FNDA:2,deliverPassengers
FNDA:8,getWaiting
FNDA:1,getTrack
FNDA:1,getTrackT
DA:1,1
DA:2,1
DA:3,1
DA:4,1
DA:5,1
DA:6,1
DA:7,1
DA:8,1
DA:9,1
DA:10,1
DA:11,1
DA:12,1
DA:13,1
DA:14,1
DA:15,1
DA:16,1
DA:17,1
DA:18,1
DA:19,18
DA:20,18
DA:21,18
DA:22,18
DA:23,18
DA:24,18
DA:25,18
DA:26,18
DA:27,18
DA:28,18
DA:29,18
DA:30,18
DA:31,18
DA:32,18
DA:33,18
DA:34,18
DA:35,18
DA:36,18
DA:37,18
DA:38,18
DA:39,18
DA:40,18
DA:41,18
DA:42,18
DA:43,18
DA:44,18
DA:45,18
DA:46,1
DA:47,1
DA:48,9
DA:49,9
DA:50,9
DA:51,7
DA:52,7
DA:53,7
DA:54,7
DA:55,9
DA:56,1
DA:57,1
DA:58,6
DA:59,6
DA:60,6
DA:61,6
DA:62,4
DA:63,4
DA:64,6
DA:65,6
DA:66,1
DA:67,1
DA:68,2
DA:69,1
DA:70,1
DA:71,2
DA:72,1
DA:73,1
DA:74,1
DA:75,1
DA:76,1
LF:76
LH:76
BRDA:18,0,0,18
BRDA:47,1,0,9
BRDA:50,2,0,7
BRDA:57,3,0,6
BRDA:61,4,0,4
BRDA:67,5,0,2
BRDA:68,6,0,1
BRDA:73,7,0,8
BRDA:74,8,0,1
BRDA:75,9,0,1
BRF:10
BRH:10
end_of_record
TN:
SF:src/entities/Train.ts
FN:27,Train
FN:56,update
FN:67,getUUID
FN:71,get derailed
FN:75,set derailed
FN:88,get enginePower
FN:92,set enginePower
FN:96,get currentTrack
FN:100,set currentTrack
FN:104,get selected
FN:108,set selected
FN:117,getMatterBody
FN:121,get pidControllerFront
FN:125,get pidControllerRear
FN:129,getPassengerCount
FN:133,boardPassengers
FN:139,unloadPassengers
FNF:17
FNH:17
FNDA:29,Train
FNDA:3,update
FNDA:5,getUUID
FNDA:5,get derailed
FNDA:5,set derailed
FNDA:3,get enginePower
FNDA:4,set enginePower
FNDA:3,get currentTrack
FNDA:3,set currentTrack
FNDA:3,get selected
FNDA:3,set selected
FNDA:2,getMatterBody
FNDA:4,get pidControllerFront
FNDA:4,get pidControllerRear
FNDA:4,getPassengerCount
FNDA:5,boardPassengers
FNDA:2,unloadPassengers
DA:1,1
DA:2,1
DA:3,1
DA:4,1
DA:5,1
DA:6,1
DA:7,1
DA:8,1
DA:9,1
DA:10,1
DA:11,1
DA:12,1
DA:13,1
DA:14,1
DA:15,1
DA:16,1
DA:17,1
DA:18,1
DA:19,1
DA:20,1
DA:21,1
DA:22,1
DA:23,1
DA:24,1
DA:25,1
DA:26,1
DA:27,1
DA:28,29
DA:29,29
DA:30,29
DA:31,29
DA:32,29
DA:33,29
DA:34,29
DA:35,29
DA:36,29
DA:37,29
DA:38,29
DA:39,29
DA:40,29
DA:41,29
DA:42,29
DA:43,29
DA:44,29
DA:45,29
DA:46,29
DA:47,29
DA:48,29
DA:49,29
DA:50,29
DA:51,29
DA:52,29
DA:53,29
DA:54,29
DA:55,1
DA:56,1
DA:57,3
DA:58,3
DA:59,3
DA:60,1
DA:61,1
DA:62,1
DA:63,1
DA:64,1
DA:65,3
DA:66,1
DA:67,1
DA:68,5
DA:69,5
DA:70,1
DA:71,1
DA:72,5
DA:73,5
DA:74,1
DA:75,1
DA:76,5
DA:77,4
DA:78,4
DA:79,4
DA:80,4
DA:81,4
DA:82,4
DA:83,4
DA:84,4
DA:85,5
DA:86,5
DA:87,1
DA:88,1
DA:89,3
DA:90,3
DA:91,1
DA:92,1
DA:93,4
DA:94,4
DA:95,1
DA:96,1
DA:97,3
DA:98,3
DA:99,1
DA:100,1
DA:101,3
DA:102,3
DA:103,1
DA:104,1
DA:105,3
DA:106,3
DA:107,1
DA:108,1
DA:109,3
DA:110,3
DA:111,2
DA:112,3
DA:113,1
DA:114,1
DA:115,3
DA:116,1
DA:117,1
DA:118,2
DA:119,2
DA:120,1
DA:121,1
DA:122,4
DA:123,4
DA:124,1
DA:125,1
DA:126,4
DA:127,4
DA:128,1
DA:129,1
DA:130,4
DA:131,4
DA:132,1
DA:133,1
DA:134,5
DA:135,5
DA:136,5
DA:137,5
DA:138,1
DA:139,1
DA:140,2
DA:141,2
DA:142,2
DA:143,2
DA:144,1
LF:144
LH:144
BRDA:27,0,0,29
BRDA:56,1,0,3
BRDA:59,2,0,2
BRDA:59,3,0,1
BRDA:67,4,0,5
BRDA:71,5,0,5
BRDA:75,6,0,5
BRDA:76,7,0,4
BRDA:88,8,0,3
BRDA:92,9,0,4
BRDA:96,10,0,3
BRDA:100,11,0,3
BRDA:104,12,0,3
BRDA:108,13,0,3
BRDA:110,14,0,2
BRDA:112,15,0,1
BRDA:117,16,0,2
BRDA:121,17,0,4
BRDA:125,18,0,4
BRDA:129,19,0,4
BRDA:133,20,0,5
BRDA:139,21,0,2
BRF:22
BRH:22
end_of_record
TN:
SF:src/managers/GameStateManager.ts
FN:14,GameStateManagerClass
FN:23,get state
FN:24,get score
FN:25,get elapsedSecs
FN:26,get activeTrains
FN:27,get currentLevelId
FN:29,startLevel
FN:33,addScore
FN:37,tick
FN:43,setActiveTrains
FN:47,pause
FN:54,resume
FN:61,endGame
FNF:13
FNH:13
FNDA:4,GameStateManagerClass
FNDA:7,get state
FNDA:6,get score
FNDA:6,get elapsedSecs
FNDA:2,get activeTrains
FNDA:1,get currentLevelId
FNDA:64,startLevel
FNDA:22,addScore
FNDA:19,tick
FNDA:2,setActiveTrains
FNDA:8,pause
FNDA:4,resume
FNDA:26,endGame
DA:1,1
DA:2,1
DA:3,1
DA:4,1
DA:5,1
DA:6,1
DA:7,1
DA:8,1
DA:9,1
DA:10,1
DA:11,1
DA:12,1
DA:13,1
DA:14,4
DA:15,4
DA:16,4
DA:17,4
DA:18,4
DA:19,4
DA:20,4
DA:21,4
DA:22,4
DA:23,4
DA:24,4
DA:25,4
DA:26,4
DA:27,4
DA:28,4
DA:29,4
DA:30,64
DA:31,64
DA:32,4
DA:33,4
DA:34,22
DA:35,22
DA:36,4
DA:37,4
DA:38,19
DA:39,17
DA:40,17
DA:41,19
DA:42,4
DA:43,4
DA:44,2
DA:45,2
DA:46,4
DA:47,4
DA:48,8
DA:49,7
DA:50,7
DA:51,7
DA:52,8
DA:53,4
DA:54,4
DA:55,4
DA:56,3
DA:57,3
DA:58,3
DA:59,4
DA:60,4
DA:61,4
DA:62,26
DA:63,26
DA:64,25
DA:65,25
DA:66,17
DA:67,17
DA:68,25
DA:69,26
DA:70,26
DA:71,4
DA:72,1
DA:73,1
LF:73
LH:73
BRDA:14,0,0,4
BRDA:23,1,0,7
BRDA:24,2,0,6
BRDA:25,3,0,6
BRDA:26,4,0,2
BRDA:27,5,0,1
BRDA:29,6,0,64
BRDA:33,7,0,22
BRDA:37,8,0,19
BRDA:38,9,0,17
BRDA:43,10,0,2
BRDA:47,11,0,8
BRDA:48,12,0,7
BRDA:54,13,0,4
BRDA:55,14,0,3
BRDA:61,15,0,26
BRDA:63,16,0,25
BRDA:65,17,0,17
BRF:18
BRH:18
end_of_record
TN:
SF:src/managers/TrackManager.ts
FN:14,TrackManager
FN:21,get tracks
FN:25,get junctions
FN:29,setupTrackConnections
FN:64,findClosestNode
FN:91,addTrack
FN:98,addJunction
FN:105,removeTrack
FN:114,getTrack
FN:118,getAllTracks
FN:122,getVisibleTracks
FN:128,createStraightTrack
FN:135,createCurvedTrack
FN:146,createCircularTrack
FN:166,createJunction
FN:196,getJunctionsForTrack
FN:200,getClosestTrack
FN:232,getTracksInRadius
FN:237,updateVisibleTracks
FNF:19
FNH:19
FNDA:45,TrackManager
FNDA:6,get tracks
FNDA:3,get junctions
FNDA:92,setupTrackConnections
FNDA:176,findClosestNode
FNDA:88,addTrack
FNDA:4,addJunction
FNDA:3,removeTrack
FNDA:7,getTrack
FNDA:8,getAllTracks
FNDA:5,getVisibleTracks
FNDA:14,createStraightTrack
FNDA:29,createCurvedTrack
FNDA:4,createCircularTrack
FNDA:4,createJunction
FNDA:4,getJunctionsForTrack
FNDA:3,getClosestTrack
FNDA:2,getTracksInRadius
FNDA:3,updateVisibleTracks
DA:1,1
DA:2,1
DA:3,1
DA:4,1
DA:5,1
DA:6,1
DA:7,1
DA:8,1
DA:9,1
DA:10,1
DA:11,1
DA:12,1
DA:13,1
DA:14,1
DA:15,45
DA:16,45
DA:17,45
DA:18,45
DA:19,45
DA:20,1
DA:21,1
DA:22,6
DA:23,6
DA:24,1
DA:25,1
DA:26,3
DA:27,3
DA:28,1
DA:29,1
DA:30,92
DA:31,88
DA:32,88
DA:33,88
DA:34,88
DA:35,88
DA:36,46
DA:37,46
DA:38,46
DA:39,88
DA:40,88
DA:41,88
DA:42,4
DA:43,4
DA:44,4
DA:45,92
DA:46,4
DA:47,4
DA:48,4
DA:49,4
DA:50,4
DA:51,0
DA:52,0
DA:53,0
DA:54,0
DA:55,4
DA:56,4
DA:57,4
DA:58,4
DA:59,4
DA:60,4
DA:61,4
DA:62,92
DA:63,1
DA:64,1
DA:65,176
DA:66,176
DA:67,176
DA:68,176
DA:69,452
DA:70,276
DA:71,276
DA:72,276
DA:73,452
DA:74,50
DA:75,50
DA:76,50
DA:77,452
DA:78,176
DA:79,176
DA:80,0
DA:81,0
DA:82,0
DA:83,0
DA:84,0
DA:85,0
DA:86,0
DA:87,176
DA:88,176
DA:89,176
DA:90,1
DA:91,1
DA:92,88
DA:93,88
DA:94,88
DA:95,88
DA:96,88
DA:97,1
DA:98,1
DA:99,4
DA:100,4
DA:101,4
DA:102,4
DA:103,4
DA:104,1
DA:105,1
DA:106,3
DA:107,3
DA:108,2
DA:109,2
DA:110,2
DA:111,2
DA:112,2
DA:113,1
DA:114,1
DA:115,7
DA:116,7
DA:117,1
DA:118,1
DA:119,8
DA:120,8
DA:121,1
DA:122,1
DA:123,5
DA:124,5
DA:125,5
DA:126,5
DA:127,1
DA:128,1
DA:129,14
DA:130,14
DA:131,14
DA:132,14
DA:133,14
DA:134,1
DA:135,1
DA:136,29
DA:137,29
DA:138,29
DA:139,29
DA:140,29
DA:141,29
DA:142,29
DA:143,29
DA:144,29
DA:145,1
DA:146,1
DA:147,4
DA:148,4
DA:149,4
DA:150,4
DA:151,4
DA:152,28
DA:153,28
DA:154,28
DA:155,28
DA:156,28
DA:157,28
DA:158,28
DA:159,28
DA:160,28
DA:161,28
DA:162,4
DA:163,4
DA:164,4
DA:165,1
DA:166,1
DA:167,4
DA:168,4
DA:169,3
DA:170,3
DA:171,3
DA:172,3
DA:173,3
DA:174,3
DA:175,3
DA:176,3
DA:177,3
DA:178,3
DA:179,3
DA:180,3
DA:181,3
DA:182,3
DA:183,3
DA:184,3
DA:185,3
DA:186,3
DA:187,3
DA:188,3
DA:189,3
DA:190,3
DA:191,3
DA:192,3
DA:193,3
DA:194,3
DA:195,1
DA:196,1
DA:197,4
DA:198,4
DA:199,1
DA:200,1
DA:201,3
DA:202,3
DA:203,3
DA:204,3
DA:205,3
DA:206,2
DA:207,2
DA:208,0
DA:209,0
DA:210,0
DA:211,2
DA:212,2
DA:213,2
DA:214,0
DA:215,0
DA:216,0
DA:217,0
DA:218,0
DA:219,2
DA:220,2
DA:221,2
DA:222,2
DA:223,1
DA:224,1
DA:225,1
DA:226,2
DA:227,3
DA:228,3
DA:229,3
DA:230,3
DA:231,1
DA:232,1
DA:233,2
DA:234,2
DA:235,2
DA:236,1
DA:237,1
DA:238,3
DA:239,3
DA:240,3
DA:241,3
DA:242,3
DA:243,3
DA:244,3
DA:245,3
DA:246,1
LF:246
LH:227
BRDA:14,0,0,45
BRDA:21,1,0,6
BRDA:25,2,0,3
BRDA:29,3,0,92
BRDA:30,4,0,88
BRDA:35,5,0,46
BRDA:41,6,0,4
BRDA:45,7,0,4
BRDA:50,8,0,0
BRDA:64,9,0,176
BRDA:68,10,0,452
BRDA:69,11,0,176
BRDA:70,12,0,276
BRDA:73,13,0,50
BRDA:79,14,0,0
BRDA:91,15,0,88
BRDA:98,16,0,4
BRDA:105,17,0,3
BRDA:107,18,0,1
BRDA:108,19,0,2
BRDA:114,20,0,7
BRDA:118,21,0,8
BRDA:122,22,0,5
BRDA:124,23,0,3
BRDA:125,24,0,3
BRDA:128,25,0,14
BRDA:135,26,0,29
BRDA:146,27,0,4
BRDA:151,28,0,28
BRDA:166,29,0,4
BRDA:168,30,0,1
BRDA:169,31,0,3
BRDA:196,32,0,4
BRDA:197,33,0,1
BRDA:200,34,0,3
BRDA:205,35,0,2
BRDA:213,36,0,0
BRDA:222,37,0,1
BRDA:222,38,0,1
BRDA:232,39,0,2
BRDA:234,40,0,1
BRDA:237,41,0,3
BRF:42
BRH:39
end_of_record
TN:
SF:src/managers/TrainManager.ts
FN:23,TrainManager
FN:29,createInitialTrain
FN:38,handleTrainClick
FN:49,deselectTrain
FN:58,get selectedTrain
FN:62,getBounds
FN:82,corners.reduce.min.x
FN:93,update
FNF:8
FNH:5
FNDA:8,TrainManager
FNDA:0,createInitialTrain
FNDA:0,handleTrainClick
FNDA:1,deselectTrain
FNDA:1,get selectedTrain
FNDA:11,getBounds
FNDA:40,corners.reduce.min.x
FNDA:0,update
DA:1,1
DA:2,1
DA:3,1
DA:4,1
DA:5,1
DA:6,1
DA:7,1
DA:8,1
DA:9,1
DA:10,1
DA:11,1
DA:12,1
DA:13,1
DA:14,1
DA:15,1
DA:16,1
DA:17,1
DA:18,1
DA:19,1
DA:20,1
DA:21,1
DA:22,1
DA:23,1
DA:24,8
DA:25,8
DA:26,8
DA:27,8
DA:28,1
DA:29,1
DA:30,0
DA:31,0
DA:32,0
DA:33,0
DA:34,0
DA:35,0
DA:36,0
DA:37,1
DA:38,1
DA:39,0
DA:40,0
DA:41,0
DA:42,0
DA:43,0
DA:44,0
DA:45,0
DA:46,0
DA:47,0
DA:48,1
DA:49,1
DA:50,1
DA:51,0
DA:52,0
DA:53,0
DA:54,0
DA:55,0
DA:56,1
DA:57,1
DA:58,1
DA:59,1
DA:60,1
DA:61,1
DA:62,1
DA:63,11
DA:64,10
DA:65,10
DA:66,10
DA:67,10
DA:68,10
DA:69,10
DA:70,10
DA:71,10
DA:72,10
DA:73,10
DA:74,10
DA:75,10
DA:76,10
DA:77,10
DA:78,10
DA:79,10
DA:80,10
DA:81,10
DA:82,10
DA:83,40
DA:84,40
DA:85,10
DA:86,10
DA:87,10
DA:88,10
DA:89,10
DA:90,10
DA:91,10
DA:92,1
DA:93,1
DA:94,0
DA:95,0
DA:96,0
DA:97,0
DA:98,0
DA:99,0
DA:100,0
DA:101,1
LF:101
LH:73
BRDA:23,0,0,8
BRDA:49,1,0,1
BRDA:50,2,0,0
BRDA:58,3,0,1
BRDA:62,4,0,11
BRDA:63,5,0,1
BRDA:64,6,0,10
BRDA:82,7,0,40
BRF:8
BRH:7
end_of_record
TN:
SF:src/services/EventBus.ts
FN:20,EventBusClass
FN:23,on
FN:28,off
FN:34,emit
FNF:4
FNH:4
FNDA:10,EventBusClass
FNDA:71,on
FNDA:72,off
FNDA:123,emit
DA:1,1
DA:2,1
DA:3,1
DA:4,1
DA:5,1
DA:6,1
DA:7,1
DA:8,1
DA:9,1
DA:10,1
DA:11,1
DA:12,1
DA:13,1
DA:14,1
DA:15,1
DA:16,1
DA:17,1
DA:18,1
DA:19,1
DA:20,10
DA:21,10
DA:22,10
DA:23,10
DA:24,71
DA:25,71
DA:26,71
DA:27,10
DA:28,10
DA:29,72
DA:30,72
DA:31,71
DA:32,71
DA:33,10
DA:34,10
DA:35,123
DA:36,123
DA:37,86
DA:38,86
DA:39,10
DA:40,1
DA:41,1
LF:41
LH:41
BRDA:20,0,0,10
BRDA:23,1,0,71
BRDA:24,2,0,29
BRDA:28,3,0,72
BRDA:30,4,0,1
BRDA:31,5,0,71
BRDA:31,6,0,74
BRDA:34,7,0,123
BRDA:36,8,0,37
BRDA:37,9,0,86
BRDA:37,10,0,52
BRF:11
BRH:11
end_of_record
TN:
SF:src/services/SaveService.ts
FN:22,load
FN:32,save
FN:40,unlockLevel
FN:48,isLevelUnlocked
FN:52,getHighScore
FN:56,setHighScore
FN:64,getSettings
FN:68,updateSettings
FNF:8
FNH:8
FNDA:58,load
FNDA:27,save
FNDA:4,unlockLevel
FNDA:3,isLevelUnlocked
FNDA:7,getHighScore
FNDA:30,setHighScore
FNDA:5,getSettings
FNDA:3,updateSettings
DA:1,1
DA:2,1
DA:3,1
DA:4,1
DA:5,1
DA:6,1
DA:7,1
DA:8,1
DA:9,1
DA:10,1
DA:11,1
DA:12,1
DA:13,1
DA:14,1
DA:15,1
DA:16,1
DA:17,1
DA:18,1
DA:19,1
DA:20,1
DA:21,1
DA:22,1
DA:23,58
DA:24,58
DA:25,58
DA:26,18
DA:27,58
DA:28,1
DA:29,1
DA:30,1
DA:31,1
DA:32,1
DA:33,27
DA:34,27
DA:35,27
DA:36,0
DA:37,0
DA:38,1
DA:39,1
DA:40,1
DA:41,4
DA:42,4
DA:43,2
DA:44,2
DA:45,2
DA:46,1
DA:47,1
DA:48,1
DA:49,3
DA:50,1
DA:51,1
DA:52,1
DA:53,7
DA:54,1
DA:55,1
DA:56,1
DA:57,30
DA:58,30
DA:59,20
DA:60,20
DA:61,20
DA:62,1
DA:63,1
DA:64,1
DA:65,5
DA:66,1
DA:67,1
DA:68,1
DA:69,3
DA:70,3
DA:71,3
DA:72,1
DA:73,1
LF:73
LH:71
BRDA:22,0,0,58
BRDA:25,1,0,40
BRDA:26,2,0,18
BRDA:27,3,0,1
BRDA:32,4,0,27
BRDA:35,5,0,0
BRDA:40,6,0,4
BRDA:42,7,0,2
BRDA:48,8,0,3
BRDA:52,9,0,7
BRDA:53,10,0,6
BRDA:53,11,0,1
BRDA:56,12,0,30
BRDA:58,13,0,4
BRDA:58,14,0,26
BRDA:58,15,0,20
BRDA:64,16,0,5
BRDA:68,17,0,3
BRF:18
BRH:17
end_of_record
TN:
SF:src/systems/ScheduleSystem.ts
FN:18,ScheduleSystem
FN:22,ScheduleSystem.deliveryHandler
FN:30,activateObjectives
FN:34,checkDeliveryObjectives
FN:49,update
FN:68,checkGameOver
FN:75,getObjectives
FN:77,destroy
FNF:8
FNH:8
FNDA:28,ScheduleSystem
FNDA:17,ScheduleSystem.deliveryHandler
FNDA:28,activateObjectives
FNDA:17,checkDeliveryObjectives
FNDA:11,update
FNDA:28,checkGameOver
FNDA:18,getObjectives
FNDA:28,destroy
DA:1,1
DA:2,1
DA:3,1
DA:4,1
DA:5,1
DA:6,1
DA:7,1
DA:8,1
DA:9,1
DA:10,1
DA:11,1
DA:12,1
DA:13,1
DA:14,1
DA:15,1
DA:16,1
DA:17,1
DA:18,1
DA:19,28
DA:20,28
DA:21,28
DA:22,28
DA:23,17
DA:24,17
DA:25,17
DA:26,28
DA:27,28
DA:28,28
DA:29,1
DA:30,1
DA:31,28
DA:32,28
DA:33,1
DA:34,1
DA:35,17
DA:36,21
DA:37,16
DA:38,21
DA:39,21
DA:40,21
DA:41,12
DA:42,12
DA:43,12
DA:44,12
DA:45,21
DA:46,17
DA:47,17
DA:48,1
DA:49,1
DA:50,11
DA:51,13
DA:52,9
DA:53,13
DA:54,8
DA:55,8
DA:56,2
DA:57,2
DA:58,2
DA:59,8
DA:60,6
DA:61,6
DA:62,6
DA:63,8
DA:64,13
DA:65,11
DA:66,11
DA:67,1
DA:68,1
DA:69,28
DA:70,28
DA:71,19
DA:72,19
DA:73,19
DA:74,1
DA:75,1
DA:76,1
DA:77,1
DA:78,28
DA:79,28
DA:80,1
LF:80
LH:80
BRDA:18,0,0,28
BRDA:19,1,0,32
BRDA:22,2,0,17
BRDA:23,3,0,2
BRDA:23,4,0,15
BRDA:30,5,0,28
BRDA:31,6,0,32
BRDA:34,7,0,17
BRDA:35,8,0,21
BRDA:36,9,0,19
BRDA:36,10,0,5
BRDA:37,11,0,16
BRDA:37,12,0,2
BRDA:38,13,0,14
BRDA:38,14,0,14
BRDA:38,15,0,0
BRDA:40,16,0,14
BRDA:40,17,0,14
BRDA:40,18,0,0
BRDA:40,19,0,12
BRDA:49,20,0,11
BRDA:50,21,0,13
BRDA:51,22,0,10
BRDA:51,23,0,4
BRDA:52,24,0,9
BRDA:53,25,0,9
BRDA:53,26,0,0
BRDA:53,27,0,8
BRDA:55,28,0,0
BRDA:55,29,0,2
BRDA:59,30,0,6
BRDA:54,31,0,3
BRDA:68,32,0,28
BRDA:70,33,0,9
BRDA:71,34,0,19
BRDA:69,35,0,34
BRDA:69,36,0,15
BRDA:71,37,0,22
BRDA:75,38,0,18
BRDA:77,39,0,28
BRF:40
BRH:36
end_of_record
TN:
SF:src/systems/TrackFlowSolver.ts
FN:13,TrackFlowSolver
FN:20,isTrackManager
FN:24,syncTrackState
FN:45,getClosestRailTrack
FN:92,drawForceArrow
FN:113,clearDebugGraphics
FN:119,checkAngleDirection
FN:132,getFrontContactPoint
FN:141,getRearContactPoint
FN:150,getTrackForces
FN:168,applyTrackFlowForces
FNF:11
FNH:11
FNDA:22,TrackFlowSolver
FNDA:10,isTrackManager
FNDA:3,syncTrackState
FNDA:9,getClosestRailTrack
FNDA:7,drawForceArrow
FNDA:1,clearDebugGraphics
FNDA:12,checkAngleDirection
FNDA:3,getFrontContactPoint
FNDA:3,getRearContactPoint
FNDA:4,getTrackForces
FNDA:3,applyTrackFlowForces
DA:1,1
DA:2,1
DA:3,1
DA:4,1
DA:5,1
DA:6,1
DA:7,1
DA:8,1
DA:9,1
DA:10,1
DA:11,1
DA:12,1
DA:13,1
DA:14,22
DA:15,22
DA:16,22
DA:17,22
DA:18,22
DA:19,1
DA:20,1
DA:21,10
DA:22,10
DA:23,1
DA:24,1
DA:25,3
DA:26,1
DA:27,1
DA:28,1
DA:29,2
DA:30,3
DA:31,1
DA:32,1
DA:33,2
DA:34,2
DA:35,3
DA:36,1
DA:37,1
DA:38,1
DA:39,1
DA:40,1
DA:41,1
DA:42,1
DA:43,1
DA:44,1
DA:45,1
DA:46,9
DA:47,9
DA:48,9
DA:49,9
DA:50,3
DA:51,1
DA:52,1
DA:53,0
DA:54,0
DA:55,0
DA:56,0
DA:57,0
DA:58,0
DA:59,0
DA:60,0
DA:61,0
DA:62,0
DA:63,0
DA:64,0
DA:65,0
DA:66,0
DA:67,1
DA:68,3
DA:69,3
DA:70,6
DA:71,6
DA:72,6
DA:73,6
DA:74,6
DA:75,6
DA:76,6
DA:77,9
DA:78,2
DA:79,2
DA:80,6
DA:81,9
DA:82,2
DA:83,0
DA:84,0
DA:85,0
DA:86,2
DA:87,2
DA:88,4
DA:89,4
DA:90,4
DA:91,1
DA:92,1
DA:93,7
DA:94,7
DA:95,7
DA:96,0
DA:97,0
DA:98,0
DA:99,0
DA:100,0
DA:101,0
DA:102,0
DA:103,0
DA:104,0
DA:105,0
DA:106,0
DA:107,0
DA:108,0
DA:109,0
DA:110,0
DA:111,0
DA:112,1
DA:113,1
DA:114,1
DA:115,1
DA:116,1
DA:117,1
DA:118,1
DA:119,1
DA:120,12
DA:121,12
DA:122,12
DA:123,2
DA:124,2
DA:125,12
DA:126,12
DA:127,12
DA:128,12
DA:129,12
DA:130,12
DA:131,1
DA:132,1
DA:133,3
DA:134,3
DA:135,3
DA:136,3
DA:137,3
DA:138,3
DA:139,3
DA:140,1
DA:141,1
DA:142,3
DA:143,3
DA:144,3
DA:145,3
DA:146,3
DA:147,3
DA:148,3
DA:149,1
DA:150,1
DA:151,4
DA:152,4
DA:153,4
DA:154,4
DA:155,4
DA:156,4
DA:157,4
DA:158,2
DA:159,2
DA:160,2
DA:161,1
DA:162,1
DA:163,1
DA:164,4
DA:165,4
DA:166,4
DA:167,1
DA:168,1
DA:169,3
DA:170,3
DA:171,2
DA:172,2
DA:173,1
DA:174,1
DA:175,3
DA:176,0
DA:177,0
DA:178,1
DA:179,1
DA:180,1
DA:181,1
DA:182,1
DA:183,1
DA:184,1
DA:185,1
DA:186,1
DA:187,1
DA:188,0
DA:189,0
DA:190,0
DA:191,0
DA:192,0
DA:193,0
DA:194,0
DA:195,0
DA:196,0
DA:197,0
DA:198,0
DA:199,0
DA:200,0
DA:201,0
DA:202,0
DA:203,0
DA:204,0
DA:205,0
DA:206,1
DA:207,1
DA:208,1
DA:209,1
DA:210,1
DA:211,1
DA:212,1
DA:213,1
DA:214,1
DA:215,1
DA:216,1
DA:217,1
DA:218,1
DA:219,1
DA:220,1
LF:220
LH:167
BRDA:13,0,0,22
BRDA:16,1,0,0
BRDA:20,2,0,10
BRDA:24,3,0,3
BRDA:25,4,0,1
BRDA:29,5,0,2
BRDA:30,6,0,1
BRDA:33,7,0,2
BRDA:35,8,0,1
BRDA:45,9,0,9
BRDA:49,10,0,3
BRDA:50,11,0,1
BRDA:52,12,0,0
BRDA:68,13,0,2
BRDA:68,14,0,1
BRDA:70,15,0,6
BRDA:77,16,0,2
BRDA:80,17,0,6
BRDA:81,18,0,2
BRDA:88,19,0,4
BRDA:71,20,0,6
BRDA:92,21,0,7
BRDA:96,22,0,0
BRDA:113,23,0,1
BRDA:119,24,0,12
BRDA:122,25,0,2
BRDA:127,26,0,0
BRDA:128,27,0,0
BRDA:132,28,0,3
BRDA:141,29,0,3
BRDA:150,30,0,4
BRDA:157,31,0,2
BRDA:160,32,0,1
BRDA:168,33,0,3
BRDA:170,34,0,2
BRDA:173,35,0,1
BRDA:175,36,0,0
BRDA:178,37,0,1
BRDA:187,38,0,0
BRF:39
BRH:32
end_of_record
TN:
SF:src/systems/TrackGenerator.ts
FN:21,TrackGenerator
FN:27,generateTracks
FN:103,continueFromTrack
FNF:3
FNH:3
FNDA:14,TrackGenerator
FNDA:11,generateTracks
FNDA:2,continueFromTrack
DA:1,1
DA:2,1
DA:3,1
DA:4,1
DA:5,1
DA:6,1
DA:7,1
DA:8,1
DA:9,1
DA:10,1
DA:11,1
DA:12,1
DA:13,1
DA:14,1
DA:15,1
DA:16,1
DA:17,1
DA:18,1
DA:19,1
DA:20,1
DA:21,1
DA:22,14
DA:23,14
DA:24,14
DA:25,14
DA:26,1
DA:27,1
DA:28,11
DA:29,11
DA:30,11
DA:31,11
DA:32,11
DA:33,11
DA:34,11
DA:35,11
DA:36,11
DA:37,11
DA:38,11
DA:39,11
DA:40,11
DA:41,11
DA:42,11
DA:43,9
DA:44,9
DA:45,11
DA:46,1
DA:47,1
DA:48,1
DA:49,1
DA:50,1
DA:51,1
DA:52,1
DA:53,10
DA:54,10
DA:55,10
DA:56,10
DA:57,10
DA:58,10
DA:59,10
DA:60,10
DA:61,10
DA:62,10
DA:63,10
DA:64,10
DA:65,11
DA:66,27
DA:67,27
DA:68,27
DA:69,27
DA:70,9
DA:71,9
DA:72,9
DA:73,9
DA:74,9
DA:75,9
DA:76,9
DA:77,9
DA:78,9
DA:79,9
DA:80,9
DA:81,9
DA:82,9
DA:83,9
DA:84,9
DA:85,9
DA:86,27
DA:87,18
DA:88,18
DA:89,18
DA:90,18
DA:91,18
DA:92,27
DA:93,27
DA:94,27
DA:95,27
DA:96,27
DA:97,27
DA:98,27
DA:99,10
DA:100,10
DA:101,10
DA:102,1
DA:103,1
DA:104,2
DA:105,2
DA:106,2
DA:107,2
DA:108,2
DA:109,2
DA:110,2
DA:111,2
DA:112,2
DA:113,2
DA:114,2
DA:115,1
LF:115
LH:115
BRDA:21,0,0,14
BRDA:24,1,0,1
BRDA:27,2,0,11
BRDA:42,3,0,9
BRDA:42,4,0,9
BRDA:45,5,0,2
BRDA:45,6,0,1
BRDA:53,7,0,10
BRDA:65,8,0,27
BRDA:69,9,0,9
BRDA:70,10,0,4
BRDA:70,11,0,5
BRDA:86,12,0,18
BRDA:99,13,0,10
BRDA:103,14,0,2
BRF:15
BRH:15
end_of_record
TN:
SF:src/utils/math.ts
FN:4,projectVector
FN:20,qVec
FN:24,isCurveTight
FN:52,calculateTangent
FN:65,toBezierPoints
FN:90,toCubicBezierPoints
FN:141,midPoint
FN:155,PIDController
FN:163,calculate
FN:181,setCurrentDelta
FNF:10
FNH:10
FNDA:3,projectVector
FNDA:16,qVec
FNDA:5,isCurveTight
FNDA:76,calculateTangent
FNDA:4,toBezierPoints
FNDA:5,toCubicBezierPoints
FNDA:6,midPoint
FNDA:66,PIDController
FNDA:8,calculate
FNDA:12,setCurrentDelta
DA:1,1
DA:2,1
DA:3,1
DA:4,3
DA:5,3
DA:6,3
DA:7,3
DA:8,3
DA:9,1
DA:10,1
DA:11,1
DA:12,2
DA:13,2
DA:14,2
DA:15,2
DA:16,2
DA:17,2
DA:18,2
DA:19,1
DA:20,16
DA:21,16
DA:22,16
DA:23,1
DA:24,5
DA:25,5
DA:26,5
DA:27,5
DA:28,5
DA:29,5
DA:30,71
DA:31,71
DA:32,71
DA:33,71
DA:34,0
DA:35,0
DA:36,0
DA:37,71
DA:38,71
DA:39,71
DA:40,71
DA:41,71
DA:42,1
DA:43,1
DA:44,1
DA:45,70
DA:46,70
DA:47,70
DA:48,4
DA:49,4
DA:50,4
DA:51,1
DA:52,76
DA:53,76
DA:54,76
DA:55,76
DA:56,76
DA:57,76
DA:58,76
DA:59,76
DA:60,76
DA:61,76
DA:62,76
DA:63,76
DA:64,1
DA:65,4
DA:66,4
DA:67,4
DA:68,4
DA:69,4
DA:70,4
DA:71,4
DA:72,3
DA:73,3
DA:74,3
DA:75,3
DA:76,3
DA:77,3
DA:78,3
DA:79,3
DA:80,3
DA:81,3
DA:82,4
DA:83,4
DA:84,4
DA:85,4
DA:86,4
DA:87,4
DA:88,4
DA:89,1
DA:90,5
DA:91,5
DA:92,5
DA:93,5
DA:94,10
DA:95,10
DA:96,10
DA:97,10
DA:98,10
DA:99,10
DA:100,10
DA:101,10
DA:102,10
DA:103,10
DA:104,10
DA:105,10
DA:106,10
DA:107,10
DA:108,10
DA:109,10
DA:110,10
DA:111,5
DA:112,5
DA:113,5
DA:114,1
DA:115,1
DA:116,1
DA:117,1
DA:118,1
DA:119,1
DA:120,1
DA:121,1
DA:122,1
DA:123,1
DA:124,1
DA:125,1
DA:126,1
DA:127,1
DA:128,1
DA:129,1
DA:130,1
DA:131,1
DA:132,1
DA:133,1
DA:134,1
DA:135,1
DA:136,1
DA:137,1
DA:138,1
DA:139,1
DA:140,1
DA:141,6
DA:142,6
DA:143,6
DA:144,6
DA:145,6
DA:146,6
DA:147,1
DA:148,1
DA:149,1
DA:150,1
DA:151,1
DA:152,1
DA:153,1
DA:154,1
DA:155,1
DA:156,66
DA:157,66
DA:158,66
DA:159,66
DA:160,66
DA:161,66
DA:162,1
DA:163,1
DA:164,8
DA:165,8
DA:166,8
DA:167,8
DA:168,8
DA:169,8
DA:170,8
DA:171,8
DA:172,8
DA:173,8
DA:174,8
DA:175,8
DA:176,8
DA:177,8
DA:178,8
DA:179,8
DA:180,1
DA:181,1
DA:182,12
DA:183,12
DA:184,1
LF:184
LH:181
BRDA:4,0,0,3
BRDA:8,1,0,1
BRDA:12,2,0,2
BRDA:20,3,0,16
BRDA:24,4,0,5
BRDA:29,5,0,71
BRDA:33,6,0,0
BRDA:41,7,0,1
BRDA:45,8,0,70
BRDA:48,9,0,4
BRDA:52,10,0,76
BRDA:65,11,0,4
BRDA:71,12,0,3
BRDA:90,13,0,5
BRDA:93,14,0,10
BRDA:94,15,0,5
BRDA:94,16,0,5
BRDA:97,17,0,5
BRDA:97,18,0,5
BRDA:141,19,0,6
BRDA:155,20,0,66
BRDA:163,21,0,8
BRDA:181,22,0,12
BRF:23
BRH:22
end_of_record
TN:
SF:src/utils/physics.ts
FN:9,guideForceTowardsPoint
FN:35,matterScaling
FN:75,limitForceToLateralApplication
FN:93,applyForceToGameObject
FNF:4
FNH:4
FNDA:14,guideForceTowardsPoint
FNDA:38,matterScaling
FNDA:4,limitForceToLateralApplication
FNDA:5,applyForceToGameObject
DA:1,1
DA:2,1
DA:3,1
DA:4,1
DA:5,1
DA:6,1
DA:7,1
DA:8,1
DA:9,14
DA:10,14
DA:11,14
DA:12,14
DA:13,14
DA:14,14
DA:15,14
DA:16,14
DA:17,14
DA:18,14
DA:19,14
DA:20,10
DA:21,10
DA:22,10
DA:23,10
DA:24,10
DA:25,8
DA:26,8
DA:27,8
DA:28,8
DA:29,10
DA:30,14
DA:31,14
DA:32,14
DA:33,14
DA:34,1
DA:35,38
DA:36,38
DA:37,38
DA:38,38
DA:39,38
DA:40,38
DA:41,38
DA:42,38
DA:43,38
DA:44,38
DA:45,38
DA:46,38
DA:47,38
DA:48,38
DA:49,38
DA:50,38
DA:51,38
DA:52,38
DA:53,38
DA:54,38
DA:55,38
DA:56,38
DA:57,38
DA:58,38
DA:59,38
DA:60,38
DA:61,38
DA:62,38
DA:63,38
DA:64,38
DA:65,38
DA:66,38
DA:67,38
DA:68,38
DA:69,38
DA:70,38
DA:71,38
DA:72,38
DA:73,1
DA:74,1
DA:75,4
DA:76,4
DA:77,4
DA:78,4
DA:79,4
DA:80,4
DA:81,4
DA:82,4
DA:83,4
DA:84,4
DA:85,4
DA:86,4
DA:87,4
DA:88,4
DA:89,4
DA:90,4
DA:91,4
DA:92,1
DA:93,5
DA:94,5
DA:95,5
DA:96,5
DA:97,5
LF:97
LH:97
BRDA:9,0,0,14
BRDA:19,1,0,10
BRDA:24,2,0,8
BRDA:35,3,0,38
BRDA:75,4,0,4
BRDA:93,5,0,5
BRF:6
BRH:6
end_of_record
